

Microchip MPLAB XC8 Assembler V2.32 build 20210201212658 
                                                                                               Wed Jan 26 16:39:04 2022

Microchip MPLAB XC8 C Compiler v2.32 (Free license) build 20210201212658 Og1 
     1                           	processor	16F877A
     2                           	pagewidth 120
     3                           	opt	flic
     4                           	psect	nvBANK0,global,class=BANK0,space=1,delta=1,noexec
     5                           	psect	cinit,global,class=CODE,merge=1,delta=2
     6                           	psect	bssCOMMON,global,class=COMMON,space=1,delta=1,noexec
     7                           	psect	bssBANK0,global,class=BANK0,space=1,delta=1,noexec
     8                           	psect	cstackCOMMON,global,class=COMMON,space=1,delta=1,noexec
     9                           	psect	cstackBANK0,global,class=BANK0,space=1,delta=1,noexec
    10                           	psect	maintext,global,class=CODE,split=1,delta=2
    11                           	psect	text1,local,class=CODE,merge=1,delta=2
    12                           	psect	text2,local,class=CODE,merge=1,delta=2
    13                           	psect	text3,local,class=CODE,merge=1,delta=2
    14                           	psect	text4,local,class=CODE,merge=1,delta=2
    15                           	psect	text5,local,class=CODE,merge=1,delta=2
    16                           	psect	text6,local,class=CODE,merge=1,delta=2
    17                           	psect	intentry,global,class=CODE,delta=2
    18                           	psect	config,global,abs,ovrld,class=CONFIG,space=4,delta=2,noexec
    19                           	dabs	1,0x7E,2
    20  0000                     
    21                           ; Version 2.20
    22                           ; Generated 12/02/2020 GMT
    23                           ; 
    24                           ; Copyright © 2020, Microchip Technology Inc. and its subsidiaries ("Microchip")
    25                           ; All rights reserved.
    26                           ; 
    27                           ; This software is developed by Microchip Technology Inc. and its subsidiaries ("Microch
      +                          ip").
    28                           ; 
    29                           ; Redistribution and use in source and binary forms, with or without modification, are
    30                           ; permitted provided that the following conditions are met:
    31                           ; 
    32                           ;     1. Redistributions of source code must retain the above copyright notice, this lis
      +                          t of
    33                           ;        conditions and the following disclaimer.
    34                           ; 
    35                           ;     2. Redistributions in binary form must reproduce the above copyright notice, this 
      +                          list
    36                           ;        of conditions and the following disclaimer in the documentation and/or other
    37                           ;        materials provided with the distribution.
    38                           ; 
    39                           ;     3. Microchip's name may not be used to endorse or promote products derived from th
      +                          is
    40                           ;        software without specific prior written permission.
    41                           ; 
    42                           ; THIS SOFTWARE IS PROVIDED BY MICROCHIP "AS IS" AND ANY EXPRESS OR IMPLIED WARRANTIES,
    43                           ; INCLUDING, BUT NOT LIMITED TO, THE IMPLIED WARRANTIES OF MERCHANTABILITY AND FITNESS F
      +                          OR
    44                           ; PURPOSE ARE DISCLAIMED.  IN NO EVENT SHALL MICROCHIP BE LIABLE FOR ANY DIRECT, INDIREC
      +                          T,
    45                           ; INCIDENTAL, SPECIAL, EXEMPLARY, OR CONSEQUENTIAL DAMAGES (INCLUDING BUT NOT LIMITED TO
    46                           ; PROCUREMENT OF SUBSTITUTE GOODS OR SERVICES; LOSS OF USE, DATA OR PROFITS; OR BUSINESS
    47                           ; INTERRUPTION) HOWSOEVER CAUSED AND ON ANY THEORY OF LIABILITY, WHETHER IN CONTRACT, ST
      +                          RICT
    48                           ; LIABILITY, OR TORT (INCLUDING NEGLIGENCE OR OTHERWISE) ARISING IN ANY WAY OUT OF THE U
      +                          SE OF
    49                           ; THIS SOFTWARE, EVEN IF ADVISED OF THE POSSIBILITY OF SUCH DAMAGE.
    50                           ; 
    51                           ; 
    52                           ; Code-generator required, PIC16F877A Definitions
    53                           ; 
    54                           ; SFR Addresses
    55  0000                     	;# 
    56  0001                     	;# 
    57  0002                     	;# 
    58  0003                     	;# 
    59  0004                     	;# 
    60  0005                     	;# 
    61  0006                     	;# 
    62  0007                     	;# 
    63  0008                     	;# 
    64  0009                     	;# 
    65  000A                     	;# 
    66  000B                     	;# 
    67  000C                     	;# 
    68  000D                     	;# 
    69  000E                     	;# 
    70  000E                     	;# 
    71  000F                     	;# 
    72  0010                     	;# 
    73  0011                     	;# 
    74  0012                     	;# 
    75  0013                     	;# 
    76  0014                     	;# 
    77  0015                     	;# 
    78  0015                     	;# 
    79  0016                     	;# 
    80  0017                     	;# 
    81  0018                     	;# 
    82  0019                     	;# 
    83  001A                     	;# 
    84  001B                     	;# 
    85  001B                     	;# 
    86  001C                     	;# 
    87  001D                     	;# 
    88  001E                     	;# 
    89  001F                     	;# 
    90  0081                     	;# 
    91  0085                     	;# 
    92  0086                     	;# 
    93  0087                     	;# 
    94  0088                     	;# 
    95  0089                     	;# 
    96  008C                     	;# 
    97  008D                     	;# 
    98  008E                     	;# 
    99  0091                     	;# 
   100  0092                     	;# 
   101  0093                     	;# 
   102  0094                     	;# 
   103  0098                     	;# 
   104  0099                     	;# 
   105  009C                     	;# 
   106  009D                     	;# 
   107  009E                     	;# 
   108  009F                     	;# 
   109  010C                     	;# 
   110  010D                     	;# 
   111  010E                     	;# 
   112  010F                     	;# 
   113  018C                     	;# 
   114  018D                     	;# 
   115  0000                     	;# 
   116  0001                     	;# 
   117  0002                     	;# 
   118  0003                     	;# 
   119  0004                     	;# 
   120  0005                     	;# 
   121  0006                     	;# 
   122  0007                     	;# 
   123  0008                     	;# 
   124  0009                     	;# 
   125  000A                     	;# 
   126  000B                     	;# 
   127  000C                     	;# 
   128  000D                     	;# 
   129  000E                     	;# 
   130  000E                     	;# 
   131  000F                     	;# 
   132  0010                     	;# 
   133  0011                     	;# 
   134  0012                     	;# 
   135  0013                     	;# 
   136  0014                     	;# 
   137  0015                     	;# 
   138  0015                     	;# 
   139  0016                     	;# 
   140  0017                     	;# 
   141  0018                     	;# 
   142  0019                     	;# 
   143  001A                     	;# 
   144  001B                     	;# 
   145  001B                     	;# 
   146  001C                     	;# 
   147  001D                     	;# 
   148  001E                     	;# 
   149  001F                     	;# 
   150  0081                     	;# 
   151  0085                     	;# 
   152  0086                     	;# 
   153  0087                     	;# 
   154  0088                     	;# 
   155  0089                     	;# 
   156  008C                     	;# 
   157  008D                     	;# 
   158  008E                     	;# 
   159  0091                     	;# 
   160  0092                     	;# 
   161  0093                     	;# 
   162  0094                     	;# 
   163  0098                     	;# 
   164  0099                     	;# 
   165  009C                     	;# 
   166  009D                     	;# 
   167  009E                     	;# 
   168  009F                     	;# 
   169  010C                     	;# 
   170  010D                     	;# 
   171  010E                     	;# 
   172  010F                     	;# 
   173  018C                     	;# 
   174  018D                     	;# 
   175  0000                     	;# 
   176  0001                     	;# 
   177  0002                     	;# 
   178  0003                     	;# 
   179  0004                     	;# 
   180  0005                     	;# 
   181  0006                     	;# 
   182  0007                     	;# 
   183  0008                     	;# 
   184  0009                     	;# 
   185  000A                     	;# 
   186  000B                     	;# 
   187  000C                     	;# 
   188  000D                     	;# 
   189  000E                     	;# 
   190  000E                     	;# 
   191  000F                     	;# 
   192  0010                     	;# 
   193  0011                     	;# 
   194  0012                     	;# 
   195  0013                     	;# 
   196  0014                     	;# 
   197  0015                     	;# 
   198  0015                     	;# 
   199  0016                     	;# 
   200  0017                     	;# 
   201  0018                     	;# 
   202  0019                     	;# 
   203  001A                     	;# 
   204  001B                     	;# 
   205  001B                     	;# 
   206  001C                     	;# 
   207  001D                     	;# 
   208  001E                     	;# 
   209  001F                     	;# 
   210  0081                     	;# 
   211  0085                     	;# 
   212  0086                     	;# 
   213  0087                     	;# 
   214  0088                     	;# 
   215  0089                     	;# 
   216  008C                     	;# 
   217  008D                     	;# 
   218  008E                     	;# 
   219  0091                     	;# 
   220  0092                     	;# 
   221  0093                     	;# 
   222  0094                     	;# 
   223  0098                     	;# 
   224  0099                     	;# 
   225  009C                     	;# 
   226  009D                     	;# 
   227  009E                     	;# 
   228  009F                     	;# 
   229  010C                     	;# 
   230  010D                     	;# 
   231  010E                     	;# 
   232  010F                     	;# 
   233  018C                     	;# 
   234  018D                     	;# 
   235                           
   236                           	psect	nvBANK0
   237  0024                     __pnvBANK0:
   238  0024                     _ready:
   239  0024                     	ds	2
   240  0008                     _PORTDbits	set	8
   241  0006                     _PORTBbits	set	6
   242  0006                     _PORTB	set	6
   243  0058                     _RBIF	set	88
   244  005F                     _GIE	set	95
   245  005B                     _RBIE	set	91
   246  0088                     _TRISDbits	set	136
   247  009F                     _ADCON1	set	159
   248                           
   249                           	psect	cinit
   250  000F                     start_initialization:	
   251                           ; #config settings
   252                           
   253  000F                     __initialization:
   254                           
   255                           ; Clear objects allocated to COMMON
   256  000F  01F8               	clrf	__pbssCOMMON& (0+127)
   257  0010  01F9               	clrf	(__pbssCOMMON+1)& (0+127)
   258                           
   259                           ; Clear objects allocated to BANK0
   260  0011  1283               	bcf	3,5	;RP0=0, select bank0
   261  0012  1303               	bcf	3,6	;RP1=0, select bank0
   262  0013  01A6               	clrf	__pbssBANK0& (0+127)
   263  0014  01A7               	clrf	(__pbssBANK0+1)& (0+127)
   264  0015                     end_of_initialization:	
   265                           ;End of C runtime variable initialization code
   266                           
   267  0015                     __end_of__initialization:
   268  0015  0183               	clrf	3
   269  0016  120A  118A  28D7   	ljmp	_main	;jump to C main() function
   270                           
   271                           	psect	bssCOMMON
   272  0078                     __pbssCOMMON:
   273  0078                     _dummy:
   274  0078                     	ds	2
   275                           
   276                           	psect	bssBANK0
   277  0026                     __pbssBANK0:
   278  0026                     _mode:
   279  0026                     	ds	2
   280                           
   281                           	psect	cstackCOMMON
   282  0070                     __pcstackCOMMON:
   283  0070                     ?_Config_Init:
   284  0070                     ?_Step_Motor_Init:	
   285                           ; 1 bytes @ 0x0
   286                           
   287  0070                     ?_External_Interrup_PortB:	
   288                           ; 1 bytes @ 0x0
   289                           
   290  0070                     ?_isr:	
   291                           ; 1 bytes @ 0x0
   292                           
   293  0070                     ??_isr:	
   294                           ; 1 bytes @ 0x0
   295                           
   296  0070                     ?_main:	
   297                           ; 1 bytes @ 0x0
   298                           
   299                           
   300                           ; 1 bytes @ 0x0
   301  0070                     	ds	4
   302  0074                     ??_Config_Init:
   303  0074                     ??_Step_Motor_Init:	
   304                           ; 1 bytes @ 0x4
   305                           
   306  0074                     ??_External_Interrup_PortB:	
   307                           ; 1 bytes @ 0x4
   308                           
   309  0074                     ?_delay_ms:	
   310                           ; 1 bytes @ 0x4
   311                           
   312  0074                     delay_ms@value:	
   313                           ; 1 bytes @ 0x4
   314                           
   315                           
   316                           ; 2 bytes @ 0x4
   317  0074                     	ds	2
   318  0076                     ??_delay_ms:
   319                           
   320                           ; 1 bytes @ 0x6
   321  0076                     	ds	1
   322  0077                     ??_Full_Drive_Mode:
   323  0077                     Full_Drive_Mode@mode1:	
   324                           ; 1 bytes @ 0x7
   325                           
   326                           
   327                           ; 1 bytes @ 0x7
   328  0077                     	ds	1
   329  0078                     ??_main:
   330                           
   331                           	psect	cstackBANK0
   332  0020                     __pcstackBANK0:	
   333                           ; 1 bytes @ 0x8
   334                           
   335  0020                     delay_ms@i:
   336                           
   337                           ; 2 bytes @ 0x0
   338  0020                     	ds	2
   339  0022                     ?_Full_Drive_Mode:
   340  0022                     Full_Drive_Mode@delay:	
   341                           ; 1 bytes @ 0x2
   342                           
   343                           
   344                           ; 2 bytes @ 0x2
   345  0022                     	ds	2
   346                           
   347                           	psect	maintext
   348  00D7                     __pmaintext:	
   349 ;;
   350 ;;Main: autosize = 0, tempsize = 0, incstack = 0, save=0
   351 ;;
   352 ;; *************** function _main *****************
   353 ;; Defined at:
   354 ;;		line 69 in file "main_step.c"
   355 ;; Parameters:    Size  Location     Type
   356 ;;		None
   357 ;; Auto vars:     Size  Location     Type
   358 ;;		None
   359 ;; Return value:  Size  Location     Type
   360 ;;                  1    wreg      void 
   361 ;; Registers used:
   362 ;;		wreg, status,2, status,0, pclath, cstack
   363 ;; Tracked objects:
   364 ;;		On entry : B00/0
   365 ;;		On exit  : 0/0
   366 ;;		Unchanged: 0/0
   367 ;; Data sizes:     COMMON   BANK0   BANK1   BANK3   BANK2
   368 ;;      Params:         0       0       0       0       0
   369 ;;      Locals:         0       0       0       0       0
   370 ;;      Temps:          0       0       0       0       0
   371 ;;      Totals:         0       0       0       0       0
   372 ;;Total ram usage:        0 bytes
   373 ;; Hardware stack levels required when called: 3
   374 ;; This function calls:
   375 ;;		_Config_Init
   376 ;;		_Full_Drive_Mode
   377 ;; This function is called by:
   378 ;;		Startup code after reset
   379 ;; This function uses a non-reentrant model
   380 ;;
   381                           
   382                           
   383                           ;psect for function _main
   384  00D7                     _main:
   385  00D7                     l1285:	
   386                           ;incstack = 0
   387                           ; Regs used in _main: [wreg+status,2+status,0+pclath+cstack]
   388                           
   389                           
   390                           ;main_step.c: 71:     Config_Init();
   391  00D7  120A  118A  2129  120A  118A  	fcall	_Config_Init
   392  00DC                     l1287:
   393                           
   394                           ;main_step.c: 74:         if(ready==0)
   395  00DC  1283               	bcf	3,5	;RP0=0, select bank0
   396  00DD  1303               	bcf	3,6	;RP1=0, select bank0
   397  00DE  0824               	movf	_ready,w
   398  00DF  0425               	iorwf	_ready+1,w
   399  00E0  1D03               	btfss	3,2
   400  00E1  28E3               	goto	u361
   401  00E2  28E4               	goto	u360
   402  00E3                     u361:
   403  00E3  28DC               	goto	l1287
   404  00E4                     u360:
   405  00E4                     l1289:
   406                           
   407                           ;main_step.c: 75:         {;main_step.c: 76:             if(mode==1){
   408  00E4  0326               	decf	_mode,w
   409  00E5  0427               	iorwf	_mode+1,w
   410  00E6  1D03               	btfss	3,2
   411  00E7  28E9               	goto	u371
   412  00E8  28EA               	goto	u370
   413  00E9                     u371:
   414  00E9  28F5               	goto	l1293
   415  00EA                     u370:
   416  00EA                     l1291:
   417                           
   418                           ;main_step.c: 78:                 Full_Drive_Mode(0, 10);
   419  00EA  300A               	movlw	10
   420  00EB  00A2               	movwf	Full_Drive_Mode@delay
   421  00EC  3000               	movlw	0
   422  00ED  00A3               	movwf	Full_Drive_Mode@delay+1
   423  00EE  3000               	movlw	0
   424  00EF  120A  118A  2019  120A  118A  	fcall	_Full_Drive_Mode
   425                           
   426                           ;main_step.c: 80:             } else if(mode==0){
   427  00F4  28DC               	goto	l1287
   428  00F5                     l1293:
   429  00F5  0826               	movf	_mode,w
   430  00F6  0427               	iorwf	_mode+1,w
   431  00F7  1D03               	btfss	3,2
   432  00F8  28FA               	goto	u381
   433  00F9  28FB               	goto	u380
   434  00FA                     u381:
   435  00FA  2906               	goto	l47
   436  00FB                     u380:
   437  00FB                     l1295:
   438                           
   439                           ;main_step.c: 82:                 Full_Drive_Mode(1, 10);
   440  00FB  300A               	movlw	10
   441  00FC  00A2               	movwf	Full_Drive_Mode@delay
   442  00FD  3000               	movlw	0
   443  00FE  00A3               	movwf	Full_Drive_Mode@delay+1
   444  00FF  3001               	movlw	1
   445  0100  120A  118A  2019  120A  118A  	fcall	_Full_Drive_Mode
   446  0105  28DC               	goto	l1287
   447  0106                     l47:	
   448                           ;main_step.c: 86:       }
   449                           
   450  0106  28DC               	goto	l1287
   451  0107  120A  118A  280C   	ljmp	start
   452  010A                     __end_of_main:
   453                           
   454                           	psect	text1
   455  0019                     __ptext1:	
   456 ;; *************** function _Full_Drive_Mode *****************
   457 ;; Defined at:
   458 ;;		line 49 in file "step_motor.c"
   459 ;; Parameters:    Size  Location     Type
   460 ;;  mode1           1    wreg     unsigned char 
   461 ;;  delay           2    2[BANK0 ] unsigned int 
   462 ;; Auto vars:     Size  Location     Type
   463 ;;  mode1           1    7[COMMON] unsigned char 
   464 ;; Return value:  Size  Location     Type
   465 ;;                  1    wreg      void 
   466 ;; Registers used:
   467 ;;		wreg, status,2, status,0, pclath, cstack
   468 ;; Tracked objects:
   469 ;;		On entry : 0/0
   470 ;;		On exit  : 0/0
   471 ;;		Unchanged: 0/0
   472 ;; Data sizes:     COMMON   BANK0   BANK1   BANK3   BANK2
   473 ;;      Params:         0       2       0       0       0
   474 ;;      Locals:         1       0       0       0       0
   475 ;;      Temps:          0       0       0       0       0
   476 ;;      Totals:         1       2       0       0       0
   477 ;;Total ram usage:        3 bytes
   478 ;; Hardware stack levels used: 1
   479 ;; Hardware stack levels required when called: 2
   480 ;; This function calls:
   481 ;;		_delay_ms
   482 ;; This function is called by:
   483 ;;		_main
   484 ;; This function uses a non-reentrant model
   485 ;;
   486                           
   487                           
   488                           ;psect for function _Full_Drive_Mode
   489  0019                     _Full_Drive_Mode:
   490                           
   491                           ;incstack = 0
   492                           ; Regs used in _Full_Drive_Mode: [wreg+status,2+status,0+pclath+cstack]
   493                           ;Full_Drive_Mode@mode1 stored from wreg
   494  0019  00F7               	movwf	Full_Drive_Mode@mode1
   495  001A                     l1225:
   496                           
   497                           ;step_motor.c: 51:     if(mode1 == 1){
   498  001A  0377               	decf	Full_Drive_Mode@mode1,w
   499  001B  1D03               	btfss	3,2
   500  001C  281E               	goto	u341
   501  001D  281F               	goto	u340
   502  001E                     u341:
   503  001E  285C               	goto	l1255
   504  001F                     u340:
   505  001F                     l1227:
   506                           
   507                           ;step_motor.c: 52:         PORTDbits.RD0=1; PORTDbits.RD1=1; PORTDbits.RD2=0; PORTDbits.
      +                          RD3=0; delay_ms(delay);
   508  001F  1283               	bcf	3,5	;RP0=0, select bank0
   509  0020  1303               	bcf	3,6	;RP1=0, select bank0
   510  0021  1408               	bsf	8,0	;volatile
   511  0022  1488               	bsf	8,1	;volatile
   512  0023  1108               	bcf	8,2	;volatile
   513  0024  1188               	bcf	8,3	;volatile
   514  0025                     l1229:
   515  0025  0823               	movf	Full_Drive_Mode@delay+1,w
   516  0026  00F5               	movwf	delay_ms@value+1
   517  0027  0822               	movf	Full_Drive_Mode@delay,w
   518  0028  00F4               	movwf	delay_ms@value
   519  0029  120A  118A  210A  120A  118A  	fcall	_delay_ms
   520  002E                     l1231:
   521                           
   522                           ;step_motor.c: 53:         PORTDbits.RD0=0; PORTDbits.RD1=1; PORTDbits.RD2=1; PORTDbits.
      +                          RD3=0; delay_ms(delay);
   523  002E  1283               	bcf	3,5	;RP0=0, select bank0
   524  002F  1303               	bcf	3,6	;RP1=0, select bank0
   525  0030  1008               	bcf	8,0	;volatile
   526  0031                     l1233:
   527  0031  1488               	bsf	8,1	;volatile
   528  0032                     l1235:
   529  0032  1508               	bsf	8,2	;volatile
   530  0033                     l1237:
   531  0033  1188               	bcf	8,3	;volatile
   532  0034  0823               	movf	Full_Drive_Mode@delay+1,w
   533  0035  00F5               	movwf	delay_ms@value+1
   534  0036  0822               	movf	Full_Drive_Mode@delay,w
   535  0037  00F4               	movwf	delay_ms@value
   536  0038  120A  118A  210A  120A  118A  	fcall	_delay_ms
   537  003D                     l1239:
   538                           
   539                           ;step_motor.c: 54:         PORTDbits.RD0=0; PORTDbits.RD1=0; PORTDbits.RD2=1; PORTDbits.
      +                          RD3=1; delay_ms(delay);
   540  003D  1283               	bcf	3,5	;RP0=0, select bank0
   541  003E  1303               	bcf	3,6	;RP1=0, select bank0
   542  003F  1008               	bcf	8,0	;volatile
   543  0040                     l1241:
   544  0040  1088               	bcf	8,1	;volatile
   545  0041                     l1243:
   546  0041  1508               	bsf	8,2	;volatile
   547  0042                     l1245:
   548  0042  1588               	bsf	8,3	;volatile
   549  0043  0823               	movf	Full_Drive_Mode@delay+1,w
   550  0044  00F5               	movwf	delay_ms@value+1
   551  0045  0822               	movf	Full_Drive_Mode@delay,w
   552  0046  00F4               	movwf	delay_ms@value
   553  0047  120A  118A  210A  120A  118A  	fcall	_delay_ms
   554  004C                     l1247:
   555                           
   556                           ;step_motor.c: 55:         PORTDbits.RD0=1; PORTDbits.RD1=0; PORTDbits.RD2=0; PORTDbits.
      +                          RD3=1; delay_ms(delay);
   557  004C  1283               	bcf	3,5	;RP0=0, select bank0
   558  004D  1303               	bcf	3,6	;RP1=0, select bank0
   559  004E  1408               	bsf	8,0	;volatile
   560  004F                     l1249:
   561  004F  1088               	bcf	8,1	;volatile
   562  0050                     l1251:
   563  0050  1108               	bcf	8,2	;volatile
   564  0051                     l1253:
   565  0051  1588               	bsf	8,3	;volatile
   566  0052  0823               	movf	Full_Drive_Mode@delay+1,w
   567  0053  00F5               	movwf	delay_ms@value+1
   568  0054  0822               	movf	Full_Drive_Mode@delay,w
   569  0055  00F4               	movwf	delay_ms@value
   570  0056  120A  118A  210A  120A  118A  	fcall	_delay_ms
   571                           
   572                           ;step_motor.c: 56:     } else if(mode1 == 0){
   573  005B  289D               	goto	l83
   574  005C                     l1255:
   575  005C  0877               	movf	Full_Drive_Mode@mode1,w
   576  005D  1D03               	btfss	3,2
   577  005E  2860               	goto	u351
   578  005F  2861               	goto	u350
   579  0060                     u351:
   580  0060  289D               	goto	l83
   581  0061                     u350:
   582  0061                     l1257:
   583                           
   584                           ;step_motor.c: 57:         PORTDbits.RD0=1; PORTDbits.RD1=0; PORTDbits.RD2=0; PORTDbits.
      +                          RD3=1; delay_ms(delay);
   585  0061  1283               	bcf	3,5	;RP0=0, select bank0
   586  0062  1303               	bcf	3,6	;RP1=0, select bank0
   587  0063  1408               	bsf	8,0	;volatile
   588  0064  1088               	bcf	8,1	;volatile
   589  0065  1108               	bcf	8,2	;volatile
   590  0066  1588               	bsf	8,3	;volatile
   591  0067                     l1259:
   592  0067  0823               	movf	Full_Drive_Mode@delay+1,w
   593  0068  00F5               	movwf	delay_ms@value+1
   594  0069  0822               	movf	Full_Drive_Mode@delay,w
   595  006A  00F4               	movwf	delay_ms@value
   596  006B  120A  118A  210A  120A  118A  	fcall	_delay_ms
   597  0070                     l1261:
   598                           
   599                           ;step_motor.c: 58:         PORTDbits.RD0=0; PORTDbits.RD1=0; PORTDbits.RD2=1; PORTDbits.
      +                          RD3=1; delay_ms(delay);
   600  0070  1283               	bcf	3,5	;RP0=0, select bank0
   601  0071  1303               	bcf	3,6	;RP1=0, select bank0
   602  0072  1008               	bcf	8,0	;volatile
   603  0073                     l1263:
   604  0073  1088               	bcf	8,1	;volatile
   605  0074                     l1265:
   606  0074  1508               	bsf	8,2	;volatile
   607  0075                     l1267:
   608  0075  1588               	bsf	8,3	;volatile
   609  0076  0823               	movf	Full_Drive_Mode@delay+1,w
   610  0077  00F5               	movwf	delay_ms@value+1
   611  0078  0822               	movf	Full_Drive_Mode@delay,w
   612  0079  00F4               	movwf	delay_ms@value
   613  007A  120A  118A  210A  120A  118A  	fcall	_delay_ms
   614  007F                     l1269:
   615                           
   616                           ;step_motor.c: 59:         PORTDbits.RD0=0; PORTDbits.RD1=1; PORTDbits.RD2=1; PORTDbits.
      +                          RD3=0; delay_ms(delay);
   617  007F  1283               	bcf	3,5	;RP0=0, select bank0
   618  0080  1303               	bcf	3,6	;RP1=0, select bank0
   619  0081  1008               	bcf	8,0	;volatile
   620  0082                     l1271:
   621  0082  1488               	bsf	8,1	;volatile
   622  0083                     l1273:
   623  0083  1508               	bsf	8,2	;volatile
   624  0084                     l1275:
   625  0084  1188               	bcf	8,3	;volatile
   626  0085  0823               	movf	Full_Drive_Mode@delay+1,w
   627  0086  00F5               	movwf	delay_ms@value+1
   628  0087  0822               	movf	Full_Drive_Mode@delay,w
   629  0088  00F4               	movwf	delay_ms@value
   630  0089  120A  118A  210A  120A  118A  	fcall	_delay_ms
   631  008E                     l1277:
   632                           
   633                           ;step_motor.c: 60:         PORTDbits.RD0=1; PORTDbits.RD1=1; PORTDbits.RD2=0; PORTDbits.
      +                          RD3=0; delay_ms(delay);
   634  008E  1283               	bcf	3,5	;RP0=0, select bank0
   635  008F  1303               	bcf	3,6	;RP1=0, select bank0
   636  0090  1408               	bsf	8,0	;volatile
   637  0091                     l1279:
   638  0091  1488               	bsf	8,1	;volatile
   639  0092                     l1281:
   640  0092  1108               	bcf	8,2	;volatile
   641  0093                     l1283:
   642  0093  1188               	bcf	8,3	;volatile
   643  0094  0823               	movf	Full_Drive_Mode@delay+1,w
   644  0095  00F5               	movwf	delay_ms@value+1
   645  0096  0822               	movf	Full_Drive_Mode@delay,w
   646  0097  00F4               	movwf	delay_ms@value
   647  0098  120A  118A  210A  120A  118A  	fcall	_delay_ms
   648  009D                     l83:
   649  009D  0008               	return
   650  009E                     __end_of_Full_Drive_Mode:
   651                           
   652                           	psect	text2
   653  010A                     __ptext2:	
   654 ;; *************** function _delay_ms *****************
   655 ;; Defined at:
   656 ;;		line 3 in file "step_motor.c"
   657 ;; Parameters:    Size  Location     Type
   658 ;;  value           2    4[COMMON] unsigned int 
   659 ;; Auto vars:     Size  Location     Type
   660 ;;  i               2    0[BANK0 ] int 
   661 ;; Return value:  Size  Location     Type
   662 ;;                  1    wreg      void 
   663 ;; Registers used:
   664 ;;		wreg, status,2
   665 ;; Tracked objects:
   666 ;;		On entry : 0/0
   667 ;;		On exit  : 0/0
   668 ;;		Unchanged: 0/0
   669 ;; Data sizes:     COMMON   BANK0   BANK1   BANK3   BANK2
   670 ;;      Params:         2       0       0       0       0
   671 ;;      Locals:         0       2       0       0       0
   672 ;;      Temps:          1       0       0       0       0
   673 ;;      Totals:         3       2       0       0       0
   674 ;;Total ram usage:        5 bytes
   675 ;; Hardware stack levels used: 1
   676 ;; Hardware stack levels required when called: 1
   677 ;; This function calls:
   678 ;;		Nothing
   679 ;; This function is called by:
   680 ;;		_Full_Drive_Mode
   681 ;;		_Wave_Drive_Mode
   682 ;;		_Half_Drive_Mode
   683 ;; This function uses a non-reentrant model
   684 ;;
   685                           
   686                           
   687                           ;psect for function _delay_ms
   688  010A                     _delay_ms:
   689  010A                     l1221:	
   690                           ;incstack = 0
   691                           ; Regs used in _delay_ms: [wreg+status,2]
   692                           
   693                           
   694                           ;step_motor.c: 4:     for(int i=0; i<value; i++){
   695  010A  1283               	bcf	3,5	;RP0=0, select bank0
   696  010B  1303               	bcf	3,6	;RP1=0, select bank0
   697  010C  01A0               	clrf	delay_ms@i
   698  010D  01A1               	clrf	delay_ms@i+1
   699  010E  291E               	goto	l65
   700  010F                     l1223:
   701                           
   702                           ;step_motor.c: 5:         _delay((unsigned long)((1)*(4000000/4000.0)));
   703  010F  30C7               	movlw	199
   704  0110  00F6               	movwf	??_delay_ms
   705  0111                     u437:
   706  0111  2912               	nop2
   707  0112  0BF6               	decfsz	??_delay_ms,f
   708  0113  2911               	goto	u437
   709  0114  2915               	nop2
   710  0115  2916               	nop2
   711                           
   712                           ;step_motor.c: 6:     }
   713  0116  3001               	movlw	1
   714  0117  1283               	bcf	3,5	;RP0=0, select bank0
   715  0118  1303               	bcf	3,6	;RP1=0, select bank0
   716  0119  07A0               	addwf	delay_ms@i,f
   717  011A  1803               	skipnc
   718  011B  0AA1               	incf	delay_ms@i+1,f
   719  011C  3000               	movlw	0
   720  011D  07A1               	addwf	delay_ms@i+1,f
   721  011E                     l65:
   722  011E  0875               	movf	delay_ms@value+1,w
   723  011F  0221               	subwf	delay_ms@i+1,w
   724  0120  1D03               	skipz
   725  0121  2924               	goto	u335
   726  0122  0874               	movf	delay_ms@value,w
   727  0123  0220               	subwf	delay_ms@i,w
   728  0124                     u335:
   729  0124  1C03               	skipc
   730  0125  2927               	goto	u331
   731  0126  2928               	goto	u330
   732  0127                     u331:
   733  0127  290F               	goto	l1223
   734  0128                     u330:
   735  0128                     l68:
   736  0128  0008               	return
   737  0129                     __end_of_delay_ms:
   738                           
   739                           	psect	text3
   740  0129                     __ptext3:	
   741 ;; *************** function _Config_Init *****************
   742 ;; Defined at:
   743 ;;		line 92 in file "main_step.c"
   744 ;; Parameters:    Size  Location     Type
   745 ;;		None
   746 ;; Auto vars:     Size  Location     Type
   747 ;;		None
   748 ;; Return value:  Size  Location     Type
   749 ;;                  1    wreg      void 
   750 ;; Registers used:
   751 ;;		wreg, status,2, status,0, pclath, cstack
   752 ;; Tracked objects:
   753 ;;		On entry : 0/0
   754 ;;		On exit  : 0/0
   755 ;;		Unchanged: 0/0
   756 ;; Data sizes:     COMMON   BANK0   BANK1   BANK3   BANK2
   757 ;;      Params:         0       0       0       0       0
   758 ;;      Locals:         0       0       0       0       0
   759 ;;      Temps:          0       0       0       0       0
   760 ;;      Totals:         0       0       0       0       0
   761 ;;Total ram usage:        0 bytes
   762 ;; Hardware stack levels used: 1
   763 ;; Hardware stack levels required when called: 2
   764 ;; This function calls:
   765 ;;		_External_Interrup_PortB
   766 ;;		_Step_Motor_Init
   767 ;; This function is called by:
   768 ;;		_main
   769 ;; This function uses a non-reentrant model
   770 ;;
   771                           
   772                           
   773                           ;psect for function _Config_Init
   774  0129                     _Config_Init:
   775  0129                     l959:	
   776                           ;incstack = 0
   777                           ; Regs used in _Config_Init: [wreg+status,2+status,0+pclath+cstack]
   778                           
   779                           
   780                           ;main_step.c: 93:     ADCON1 = 0x06;
   781  0129  3006               	movlw	6
   782  012A  1683               	bsf	3,5	;RP0=1, select bank1
   783  012B  1303               	bcf	3,6	;RP1=0, select bank1
   784  012C  009F               	movwf	31	;volatile
   785  012D                     l961:
   786                           
   787                           ;main_step.c: 95:     External_Interrup_PortB();
   788  012D  120A  118A  214B  120A  118A  	fcall	_External_Interrup_PortB
   789  0132                     l963:
   790                           
   791                           ;main_step.c: 97:     Step_Motor_Init();
   792  0132  120A  118A  213E  120A  118A  	fcall	_Step_Motor_Init
   793                           
   794                           ;main_step.c: 99:     ready = 1;
   795  0137  3001               	movlw	1
   796  0138  1283               	bcf	3,5	;RP0=0, select bank0
   797  0139  1303               	bcf	3,6	;RP1=0, select bank0
   798  013A  00A4               	movwf	_ready
   799  013B  3000               	movlw	0
   800  013C  00A5               	movwf	_ready+1
   801  013D                     l56:
   802  013D  0008               	return
   803  013E                     __end_of_Config_Init:
   804                           
   805                           	psect	text4
   806  013E                     __ptext4:	
   807 ;; *************** function _Step_Motor_Init *****************
   808 ;; Defined at:
   809 ;;		line 9 in file "step_motor.c"
   810 ;; Parameters:    Size  Location     Type
   811 ;;		None
   812 ;; Auto vars:     Size  Location     Type
   813 ;;		None
   814 ;; Return value:  Size  Location     Type
   815 ;;                  1    wreg      void 
   816 ;; Registers used:
   817 ;;		None
   818 ;; Tracked objects:
   819 ;;		On entry : 0/0
   820 ;;		On exit  : 0/0
   821 ;;		Unchanged: 0/0
   822 ;; Data sizes:     COMMON   BANK0   BANK1   BANK3   BANK2
   823 ;;      Params:         0       0       0       0       0
   824 ;;      Locals:         0       0       0       0       0
   825 ;;      Temps:          0       0       0       0       0
   826 ;;      Totals:         0       0       0       0       0
   827 ;;Total ram usage:        0 bytes
   828 ;; Hardware stack levels used: 1
   829 ;; Hardware stack levels required when called: 1
   830 ;; This function calls:
   831 ;;		Nothing
   832 ;; This function is called by:
   833 ;;		_Config_Init
   834 ;; This function uses a non-reentrant model
   835 ;;
   836                           
   837                           
   838                           ;psect for function _Step_Motor_Init
   839  013E                     _Step_Motor_Init:
   840  013E                     l953:	
   841                           ;incstack = 0
   842                           ; Regs used in _Step_Motor_Init: []
   843                           
   844                           
   845                           ;step_motor.c: 11:     TRISDbits.TRISD0=0;
   846  013E  1683               	bsf	3,5	;RP0=1, select bank1
   847  013F  1303               	bcf	3,6	;RP1=0, select bank1
   848  0140  1008               	bcf	8,0	;volatile
   849                           
   850                           ;step_motor.c: 12:     TRISDbits.TRISD1=0;
   851  0141  1088               	bcf	8,1	;volatile
   852                           
   853                           ;step_motor.c: 13:     TRISDbits.TRISD2=0;
   854  0142  1108               	bcf	8,2	;volatile
   855                           
   856                           ;step_motor.c: 14:     TRISDbits.TRISD3=0;
   857  0143  1188               	bcf	8,3	;volatile
   858                           
   859                           ;step_motor.c: 16:     PORTDbits.RD0=PORTDbits.RD1=PORTDbits.RD2=PORTDbits.RD3=0;
   860  0144  1283               	bcf	3,5	;RP0=0, select bank0
   861  0145  1303               	bcf	3,6	;RP1=0, select bank0
   862  0146  1188               	bcf	8,3	;volatile
   863  0147  1108               	bcf	8,2	;volatile
   864  0148  1088               	bcf	8,1	;volatile
   865  0149  1008               	bcf	8,0	;volatile
   866  014A                     l71:
   867  014A  0008               	return
   868  014B                     __end_of_Step_Motor_Init:
   869                           
   870                           	psect	text5
   871  014B                     __ptext5:	
   872 ;; *************** function _External_Interrup_PortB *****************
   873 ;; Defined at:
   874 ;;		line 40 in file "main_step.c"
   875 ;; Parameters:    Size  Location     Type
   876 ;;		None
   877 ;; Auto vars:     Size  Location     Type
   878 ;;		None
   879 ;; Return value:  Size  Location     Type
   880 ;;                  1    wreg      void 
   881 ;; Registers used:
   882 ;;		None
   883 ;; Tracked objects:
   884 ;;		On entry : 0/0
   885 ;;		On exit  : 0/0
   886 ;;		Unchanged: 0/0
   887 ;; Data sizes:     COMMON   BANK0   BANK1   BANK3   BANK2
   888 ;;      Params:         0       0       0       0       0
   889 ;;      Locals:         0       0       0       0       0
   890 ;;      Temps:          0       0       0       0       0
   891 ;;      Totals:         0       0       0       0       0
   892 ;;Total ram usage:        0 bytes
   893 ;; Hardware stack levels used: 1
   894 ;; Hardware stack levels required when called: 1
   895 ;; This function calls:
   896 ;;		Nothing
   897 ;; This function is called by:
   898 ;;		_Config_Init
   899 ;; This function uses a non-reentrant model
   900 ;;
   901                           
   902                           
   903                           ;psect for function _External_Interrup_PortB
   904  014B                     _External_Interrup_PortB:
   905  014B                     l951:	
   906                           ;incstack = 0
   907                           ; Regs used in _External_Interrup_PortB: []
   908                           
   909                           
   910                           ;main_step.c: 41:     RBIE=1;
   911  014B  158B               	bsf	11,3	;volatile
   912                           
   913                           ;main_step.c: 42:     GIE=1;
   914  014C  178B               	bsf	11,7	;volatile
   915  014D                     l27:
   916  014D  0008               	return
   917  014E                     __end_of_External_Interrup_PortB:
   918                           
   919                           	psect	text6
   920  009E                     __ptext6:	
   921 ;; *************** function _isr *****************
   922 ;; Defined at:
   923 ;;		line 46 in file "main_step.c"
   924 ;; Parameters:    Size  Location     Type
   925 ;;		None
   926 ;; Auto vars:     Size  Location     Type
   927 ;;		None
   928 ;; Return value:  Size  Location     Type
   929 ;;                  1    wreg      void 
   930 ;; Registers used:
   931 ;;		wreg, status,2
   932 ;; Tracked objects:
   933 ;;		On entry : 0/0
   934 ;;		On exit  : 0/0
   935 ;;		Unchanged: 0/0
   936 ;; Data sizes:     COMMON   BANK0   BANK1   BANK3   BANK2
   937 ;;      Params:         0       0       0       0       0
   938 ;;      Locals:         0       0       0       0       0
   939 ;;      Temps:          4       0       0       0       0
   940 ;;      Totals:         4       0       0       0       0
   941 ;;Total ram usage:        4 bytes
   942 ;; Hardware stack levels used: 1
   943 ;; This function calls:
   944 ;;		Nothing
   945 ;; This function is called by:
   946 ;;		Interrupt level 1
   947 ;; This function uses a non-reentrant model
   948 ;;
   949                           
   950                           
   951                           ;psect for function _isr
   952  009E                     _isr:
   953  009E                     i1l1025:
   954                           
   955                           ;main_step.c: 47:     if(RBIF && RBIE)
   956  009E  1C0B               	btfss	11,0	;volatile
   957  009F  28A1               	goto	u20_21
   958  00A0  28A2               	goto	u20_20
   959  00A1                     u20_21:
   960  00A1  28CF               	goto	i1l32
   961  00A2                     u20_20:
   962  00A2                     i1l1027:
   963  00A2  1D8B               	btfss	11,3	;volatile
   964  00A3  28A5               	goto	u21_21
   965  00A4  28A6               	goto	u21_20
   966  00A5                     u21_21:
   967  00A5  28CF               	goto	i1l32
   968  00A6                     u21_20:
   969  00A6                     i1l1029:
   970                           
   971                           ;main_step.c: 48:     {;main_step.c: 49:       dummy = PORTB;
   972  00A6  1283               	bcf	3,5	;RP0=0, select bank0
   973  00A7  1303               	bcf	3,6	;RP1=0, select bank0
   974  00A8  0806               	movf	6,w	;volatile
   975  00A9  00F0               	movwf	??_isr
   976  00AA  01F1               	clrf	??_isr+1
   977  00AB  0870               	movf	??_isr,w
   978  00AC  00F8               	movwf	_dummy
   979  00AD  0871               	movf	??_isr+1,w
   980  00AE  00F9               	movwf	_dummy+1
   981  00AF                     i1l1031:
   982                           
   983                           ;main_step.c: 50:       if(!PORTBbits.RB7)
   984  00AF  1B86               	btfsc	6,7	;volatile
   985  00B0  28B2               	goto	u22_21
   986  00B1  28B3               	goto	u22_20
   987  00B2                     u22_21:
   988  00B2  28B8               	goto	i1l33
   989  00B3                     u22_20:
   990  00B3                     i1l1033:
   991                           
   992                           ;main_step.c: 51:       {;main_step.c: 52:           ready = 1;
   993  00B3  3001               	movlw	1
   994  00B4  00A4               	movwf	_ready
   995  00B5  3000               	movlw	0
   996  00B6  00A5               	movwf	_ready+1
   997                           
   998                           ;main_step.c: 53:       }else if(!PORTBbits.RB6)
   999  00B7  28CF               	goto	i1l32
  1000  00B8                     i1l33:
  1001  00B8  1B06               	btfsc	6,6	;volatile
  1002  00B9  28BB               	goto	u23_21
  1003  00BA  28BC               	goto	u23_20
  1004  00BB                     u23_21:
  1005  00BB  28BF               	goto	i1l35
  1006  00BC                     u23_20:
  1007  00BC                     i1l1035:
  1008                           
  1009                           ;main_step.c: 54:       {;main_step.c: 55:           ready = 0;
  1010  00BC  01A4               	clrf	_ready
  1011  00BD  01A5               	clrf	_ready+1
  1012                           
  1013                           ;main_step.c: 56:       }else if(!PORTBbits.RB5)
  1014  00BE  28CF               	goto	i1l32
  1015  00BF                     i1l35:
  1016  00BF  1A86               	btfsc	6,5	;volatile
  1017  00C0  28C2               	goto	u24_21
  1018  00C1  28C3               	goto	u24_20
  1019  00C2                     u24_21:
  1020  00C2  28C6               	goto	i1l37
  1021  00C3                     u24_20:
  1022  00C3                     i1l1037:
  1023                           
  1024                           ;main_step.c: 57:       {;main_step.c: 58:           mode = 0;
  1025  00C3  01A6               	clrf	_mode
  1026  00C4  01A7               	clrf	_mode+1
  1027                           
  1028                           ;main_step.c: 59:       }else if(!PORTBbits.RB4)
  1029  00C5  28CF               	goto	i1l32
  1030  00C6                     i1l37:
  1031  00C6  1A06               	btfsc	6,4	;volatile
  1032  00C7  28C9               	goto	u25_21
  1033  00C8  28CA               	goto	u25_20
  1034  00C9                     u25_21:
  1035  00C9  28CF               	goto	i1l36
  1036  00CA                     u25_20:
  1037  00CA                     i1l1039:
  1038                           
  1039                           ;main_step.c: 60:       {;main_step.c: 61:           mode = 1;
  1040  00CA  3001               	movlw	1
  1041  00CB  00A6               	movwf	_mode
  1042  00CC  3000               	movlw	0
  1043  00CD  00A7               	movwf	_mode+1
  1044                           
  1045                           ;main_step.c: 62:       }else{;}
  1046  00CE  28CF               	goto	i1l32
  1047  00CF                     i1l36:
  1048  00CF                     i1l32:	
  1049                           ;main_step.c: 63:     }
  1050                           
  1051                           
  1052                           ;main_step.c: 64:     RBIF = 0;
  1053  00CF  100B               	bcf	11,0	;volatile
  1054  00D0                     i1l41:
  1055  00D0  0873               	movf	??_isr+3,w
  1056  00D1  008A               	movwf	10
  1057  00D2  0E72               	swapf	??_isr+2,w
  1058  00D3  0083               	movwf	3
  1059  00D4  0EFE               	swapf	btemp,f
  1060  00D5  0E7E               	swapf	btemp,w
  1061  00D6  0009               	retfie
  1062  00D7                     __end_of_isr:
  1063  007E                     btemp	set	126	;btemp
  1064  007E                     wtemp0	set	126
  1065                           
  1066                           	psect	intentry
  1067  0004                     __pintentry:	
  1068                           ;incstack = 0
  1069                           ; Regs used in _isr: [wreg+status,2]
  1070                           
  1071  0004                     interrupt_function:
  1072  007E                     saved_w	set	btemp
  1073  0004  00FE               	movwf	btemp
  1074  0005  0E03               	swapf	3,w
  1075  0006  00F2               	movwf	??_isr+2
  1076  0007  080A               	movf	10,w
  1077  0008  00F3               	movwf	??_isr+3
  1078  0009  120A  118A  289E   	ljmp	_isr
  1079                           
  1080                           	psect	config
  1081                           
  1082                           ;Config register CONFIG @ 0x2007
  1083                           ;	Oscillator Selection bits
  1084                           ;	FOSC = XT, XT oscillator
  1085                           ;	Watchdog Timer Enable bit
  1086                           ;	WDTE = OFF, WDT disabled
  1087                           ;	Power-up Timer Enable bit
  1088                           ;	PWRTE = OFF, PWRT disabled
  1089                           ;	Brown-out Reset Enable bit
  1090                           ;	BOREN = OFF, BOR disabled
  1091                           ;	Low-Voltage (Single-Supply) In-Circuit Serial Programming Enable bit
  1092                           ;	LVP = OFF, RB3 is digital I/O, HV on MCLR must be used for programming
  1093                           ;	Data EEPROM Memory Code Protection bit
  1094                           ;	CPD = OFF, Data EEPROM code protection off
  1095                           ;	Flash Program Memory Write Enable bits
  1096                           ;	WRT = OFF, Write protection off; all program memory may be written to by EECON control
  1097                           ;	In-Circuit Debugger Mode bit
  1098                           ;	DEBUG = 0x1, unprogrammed default
  1099                           ;	Flash Program Memory Code Protection bit
  1100                           ;	CP = OFF, Code protection off
  1101  2007                     	org	8199
  1102  2007  3F39               	dw	16185

Data Sizes:
    Strings     0
    Constant    0
    Data        0
    BSS         4
    Persistent  2
    Stack       0

Auto Spaces:
    Space          Size  Autos    Used
    COMMON           14      8      10
    BANK0            80      4       8
    BANK1            80      0       0
    BANK3            96      0       0
    BANK2            96      0       0

Pointer List with Targets:

    None.

Critical Paths under _main in COMMON

    _main->_Full_Drive_Mode
    _Full_Drive_Mode->_delay_ms

Critical Paths under _isr in COMMON

    None.

Critical Paths under _main in BANK0

    _main->_Full_Drive_Mode
    _Full_Drive_Mode->_delay_ms

Critical Paths under _isr in BANK0

    None.

Critical Paths under _main in BANK1

    None.

Critical Paths under _isr in BANK1

    None.

Critical Paths under _main in BANK3

    None.

Critical Paths under _isr in BANK3

    None.

Critical Paths under _main in BANK2

    None.

Critical Paths under _isr in BANK2

    None.

Call Graph Tables:

 ---------------------------------------------------------------------------------
 (Depth) Function   	        Calls       Base Space   Used Autos Params    Refs
 ---------------------------------------------------------------------------------
 (0) _main                                                 0     0      0    3258
                        _Config_Init
                    _Full_Drive_Mode
 ---------------------------------------------------------------------------------
 (1) _Full_Drive_Mode                                      3     1      2    3258
                                              7 COMMON     1     1      0
                                              2 BANK0      2     0      2
                           _delay_ms
 ---------------------------------------------------------------------------------
 (2) _delay_ms                                             5     3      2    2768
                                              4 COMMON     3     1      2
                                              0 BANK0      2     2      0
 ---------------------------------------------------------------------------------
 (1) _Config_Init                                          0     0      0       0
            _External_Interrup_PortB
                    _Step_Motor_Init
 ---------------------------------------------------------------------------------
 (2) _Step_Motor_Init                                      0     0      0       0
 ---------------------------------------------------------------------------------
 (2) _External_Interrup_PortB                              0     0      0       0
 ---------------------------------------------------------------------------------
 Estimated maximum stack depth 2
 ---------------------------------------------------------------------------------
 (Depth) Function   	        Calls       Base Space   Used Autos Params    Refs
 ---------------------------------------------------------------------------------
 (3) _isr                                                  4     4      0       0
                                              0 COMMON     4     4      0
 ---------------------------------------------------------------------------------
 Estimated maximum stack depth 3
 ---------------------------------------------------------------------------------

 Call Graph Graphs:

 _main (ROOT)
   _Config_Init
     _External_Interrup_PortB
     _Step_Motor_Init
   _Full_Drive_Mode
     _delay_ms

 _isr (ROOT)

 Address spaces:
Name               Size   Autos  Total    Cost      Usage
BITCOMMON            E      0       0       0        0.0%
EEDATA             100      0       0       0        0.0%
NULL                 0      0       0       0        0.0%
CODE                 0      0       0       0        0.0%
COMMON               E      8       A       1       71.4%
BITSFR0              0      0       0       1        0.0%
SFR0                 0      0       0       1        0.0%
BITSFR1              0      0       0       2        0.0%
SFR1                 0      0       0       2        0.0%
STACK                0      0       0       2        0.0%
ABS                  0      0      12       3        0.0%
BITBANK0            50      0       0       4        0.0%
BITSFR3              0      0       0       4        0.0%
SFR3                 0      0       0       4        0.0%
BANK0               50      4       8       5       10.0%
BITSFR2              0      0       0       5        0.0%
SFR2                 0      0       0       5        0.0%
BITBANK1            50      0       0       6        0.0%
BANK1               50      0       0       7        0.0%
BITBANK3            60      0       0       8        0.0%
BANK3               60      0       0       9        0.0%
BITBANK2            60      0       0      10        0.0%
BANK2               60      0       0      11        0.0%
DATA                 0      0      12      12        0.0%


Microchip Technology PIC Macro Assembler V2.32 build 20210201212658 
Symbol Table                                                                                   Wed Jan 26 16:39:04 2022

                              l27 014D                                l71 014A                                l47 0106  
                              l56 013D                                l65 011E                                l83 009D  
                              l68 0128                               l951 014B                               l953 013E  
                             l961 012D                               l963 0132                               l959 0129  
                             _GIE 005F                               u330 0128                               u331 0127  
                             u340 001F                               u341 001E                               u350 0061  
                             u335 0124                               u351 0060                               u360 00E4  
                             u361 00E3                               u370 00EA                               u371 00E9  
                             u380 00FB                               u437 0111                               u381 00FA  
                             _isr 009E                              l1221 010A                              l1223 010F  
                            l1231 002E                              l1241 0040                              l1233 0031  
                            l1225 001A                              l1251 0050                              l1243 0041  
                            l1235 0032                              l1227 001F                              l1261 0070  
                            l1253 0051                              l1245 0042                              l1237 0033  
                            l1229 0025                              l1271 0082                              l1263 0073  
                            l1247 004C                              l1239 003D                              l1255 005C  
                            l1281 0092                              l1273 0083                              l1265 0074  
                            l1257 0061                              l1249 004F                              l1283 0093  
                            l1275 0084                              l1267 0075                              l1259 0067  
                            l1291 00EA                              l1277 008E                              l1269 007F  
                            l1293 00F5                              l1285 00D7                              l1279 0091  
                            l1295 00FB                              l1287 00DC                              l1289 00E4  
                            ?_isr 0070                              _RBIE 005B                              i1l32 00CF  
                            _RBIF 0058                              i1l41 00D0                              i1l33 00B8  
                            i1l35 00BF                              i1l36 00CF                              i1l37 00C6  
                            _main 00D7                              _mode 0026                              btemp 007E  
                            start 000C               __end_of_Config_Init 013E                             ??_isr 0070  
        __size_of_Step_Motor_Init 000D                             ?_main 0070                             u20_20 00A2  
                           u20_21 00A1                             u21_20 00A6                             u21_21 00A5  
                           u22_20 00B3                             u22_21 00B2                             u23_20 00BC  
                           u23_21 00BB                             u24_20 00C3                             u24_21 00C2  
                           u25_20 00CA                             u25_21 00C9                             _PORTB 0006  
               ??_Full_Drive_Mode 0077                             _dummy 0078                             _ready 0024  
                           pclath 000A                             status 0003                             wtemp0 007E  
        ?_External_Interrup_PortB 0070                   __initialization 000F                      __end_of_main 010A  
                          ??_main 0078                            _ADCON1 009F                            i1l1031 00AF  
                          i1l1033 00B3                            i1l1025 009E                            i1l1035 00BC  
                          i1l1027 00A2                            i1l1037 00C3                            i1l1029 00A6  
                          i1l1039 00CA                       _Config_Init 0129                  __end_of_delay_ms 0129  
                          saved_w 007E                 ??_Step_Motor_Init 0074           __end_of__initialization 0015  
 __end_of_External_Interrup_PortB 014E                    __pcstackCOMMON 0070                        __pbssBANK0 0026  
                      __pmaintext 00D7                        __pintentry 0004                   _Full_Drive_Mode 0019  
                       ?_delay_ms 0074                           __ptext1 0019                           __ptext2 010A  
                         __ptext3 0129                           __ptext4 013E                           __ptext5 014B  
                         __ptext6 009E  __size_of_External_Interrup_PortB 0003                      __size_of_isr 0039  
                      ??_delay_ms 0076              end_of_initialization 0015                      ?_Config_Init 0070  
         __end_of_Full_Drive_Mode 009E                   _Step_Motor_Init 013E                         _PORTBbits 0006  
                       _PORTDbits 0008                         _TRISDbits 0088                     delay_ms@value 0074  
             start_initialization 000F                       __end_of_isr 00D7           __end_of_Step_Motor_Init 014B  
                ?_Full_Drive_Mode 0022           _External_Interrup_PortB 014B                       __pbssCOMMON 0078  
                       ___latbits 0002                     __pcstackBANK0 0020                 __size_of_delay_ms 001F  
                       __pnvBANK0 0024              __size_of_Config_Init 0015                 interrupt_function 0004  
                       delay_ms@i 0020                  ?_Step_Motor_Init 0070         ??_External_Interrup_PortB 0074  
            Full_Drive_Mode@delay 0022              Full_Drive_Mode@mode1 0077                          _delay_ms 010A  
                   __size_of_main 0033                          intlevel1 0000          __size_of_Full_Drive_Mode 0085  
                   ??_Config_Init 0074  
