C51 COMPILER V9.60.0.0   BUTTON                                                            05/08/2022 10:33:33 PAGE 1   


C51 COMPILER V9.60.0.0, COMPILATION OF MODULE BUTTON
OBJECT MODULE PLACED IN .\Objects\button.obj
COMPILER INVOKED BY: C:\Keil_v5\C51\BIN\C51.EXE Lib\button.c OPTIMIZE(8,SPEED) BROWSE INCDIR(.\Main;.\Lib) DEBUG OBJECTE
                    -XTEND PRINT(.\Listings\button.lst) TABS(2) OBJECT(.\Objects\button.obj)

line level    source

   1          #include "button.h"
   2          
   3          extern unsigned int value;
   4          extern unsigned int num ;
   5          
   6          unsigned char pre_kb1,pre_kb2,pre_kb3; //present-hien tai
   7          
   8          unsigned int time_delay = 200;
   9          
  10          int mode_button = 0;
  11          
  12          void set_case();
  13          
  14          void pressButton()
  15          {
  16   1        if(kb1)
  17   1          pre_kb1=1;
  18   1        if(pre_kb1 && !kb1)
  19   1        {
  20   2          pre_kb1 = 0;
  21   2          
  22   2          //do thing
  23   2          mode_button=1;
  24   2          num=110;//110
  25   2          
  26   2          //end do thing
  27   2        }
  28   1        
  29   1        if(kb2)
  30   1          pre_kb2=1;
  31   1        if(pre_kb2 && !kb2)
  32   1        {
  33   2          pre_kb2 = 0;
  34   2          
  35   2          //do thing
  36   2          mode_button = 2;
  37   2          num=900;//900
  38   2          
  39   2          //end do thing
  40   2        }
  41   1        
  42   1        if(kb3)
  43   1          pre_kb3=1;
  44   1        if(pre_kb3 && !kb3)
  45   1        {
  46   2          pre_kb3 = 0;
  47   2          
  48   2          //do thing
  49   2          mode_button = 0;
  50   2          
  51   2          //end do thing
  52   2        }
  53   1        
  54   1        set_case();
C51 COMPILER V9.60.0.0   BUTTON                                                            05/08/2022 10:33:33 PAGE 2   

  55   1      }
  56          
  57          void set_case()
  58          {
  59   1        if(mode_button ==0 )
  60   1        {
  61   2          TR0 = 0;//turn off timer0
  62   2          turnOff();
  63   2        }
  64   1        
  65   1        else if(mode_button == 1)
  66   1        {
  67   2          TR0 = 1;//turn on timer 0
  68   2          if(value>=time_delay)
  69   2          {
  70   3            num++;
  71   3            if(num>=910)
  72   3            num=900;//910
  73   3          } 
  74   2        }
  75   1        
  76   1        else if(mode_button == 2)
  77   1        {
  78   2          TR0 = 1;//turn on timer 0
  79   2          if(value>=time_delay)
  80   2          {
  81   3            num--;
  82   3            if(num<=110)
  83   3            num=110;//110
  84   3          } 
  85   2        }
  86   1        
  87   1        if(value>=time_delay)
  88   1        {
  89   2          value=0;
  90   2        }
  91   1      }
  92          


MODULE INFORMATION:   STATIC OVERLAYABLE
   CODE SIZE        =    197    ----
   CONSTANT SIZE    =   ----    ----
   XDATA SIZE       =   ----    ----
   PDATA SIZE       =   ----    ----
   DATA SIZE        =      7    ----
   IDATA SIZE       =   ----    ----
   BIT SIZE         =   ----    ----
END OF MODULE INFORMATION.


C51 COMPILATION COMPLETE.  0 WARNING(S),  0 ERROR(S)
