C51 COMPILER V9.60.0.0   DELAY                                                             05/08/2022 10:30:11 PAGE 1   


C51 COMPILER V9.60.0.0, COMPILATION OF MODULE DELAY
OBJECT MODULE PLACED IN .\Objects\delay.obj
COMPILER INVOKED BY: C:\Keil_v5\C51\BIN\C51.EXE Lib\delay.c OPTIMIZE(8,SPEED) BROWSE INCDIR(.\Main;.\Lib) DEBUG OBJECTEX
                    -TEND PRINT(.\Listings\delay.lst) TABS(2) OBJECT(.\Objects\delay.obj)

line level    source

   1          #include "delay.h"
   2          
   3          void delay_ms(unsigned int t)
   4          {
   5   1        unsigned int x, y;
   6   1        
   7   1        for(x=0; x<t; x++)
   8   1          for(y=0; y<123; y++);
   9   1      }


MODULE INFORMATION:   STATIC OVERLAYABLE
   CODE SIZE        =     32    ----
   CONSTANT SIZE    =   ----    ----
   XDATA SIZE       =   ----    ----
   PDATA SIZE       =   ----    ----
   DATA SIZE        =   ----    ----
   IDATA SIZE       =   ----    ----
   BIT SIZE         =   ----    ----
END OF MODULE INFORMATION.


C51 COMPILATION COMPLETE.  0 WARNING(S),  0 ERROR(S)
