C51 COMPILER V9.60.0.0   LED7SEG                                                           05/08/2022 10:30:11 PAGE 1   


C51 COMPILER V9.60.0.0, COMPILATION OF MODULE LED7SEG
OBJECT MODULE PLACED IN .\Objects\Led7Seg.obj
COMPILER INVOKED BY: C:\Keil_v5\C51\BIN\C51.EXE Lib\Led7Seg.c OPTIMIZE(8,SPEED) BROWSE INCDIR(.\Main;.\Lib) DEBUG OBJECT
                    -EXTEND PRINT(.\Listings\Led7Seg.lst) TABS(2) OBJECT(.\Objects\Led7Seg.obj)

line level    source

   1          #include "Led7Seg.h"
   2          
   3          //code led 7 seg
   4          unsigned char Number[] = {0xC0, 0xF9, 0xA4, 0xB0, 0x99, 0x92, 0x82, 0xF8, 0x80, 0x90, 0xFF};
   5          
   6          unsigned char tram, chuc, dvi;
   7          extern unsigned char digit;
   8          
   9          void calculator_number(unsigned int number)
  10          {
  11   1        tram = number/100;
  12   1        chuc = (number%100)/10;
  13   1        dvi = number%10;
  14   1      }
  15          
  16          
  17          void display_number_define_using_delay(unsigned int number)
  18          {
  19   1        calculator_number(number);
  20   1        
  21   1        Led_7Seg = Number[tram];
  22   1        Control_Led1 = 0;
  23   1        delay_ms(2);
  24   1        Control_Led1 = 1;
  25   1        
  26   1        Led_7Seg = Number[chuc];
  27   1        Control_Led2 = 0;
  28   1        delay_ms(2);
  29   1        Control_Led2 = 1;
  30   1        
  31   1        Led_7Seg = Number[dvi];
  32   1        Control_Led3 = 0;
  33   1        delay_ms(2);
  34   1        Control_Led3 = 1;
  35   1      }
  36          
  37          /*
  38          moi 1s se tang so len 1 lan
  39          
  40          ma trong "ham display_number_define" co delay 8 ms
  41          
  42          -->thoi gian vong lap i = 1000ms/8ms = 125 lan
  43          */
  44          void display_number_from_x_to_y_after_1s(unsigned int x, unsigned int y)
  45          {
  46   1        unsigned int i, k;
  47   1        
  48   1        if(x<y)
  49   1        {
  50   2          for(k=x; k<=y; k++)
  51   2          {     
  52   3            for(i=0; i<125; i++)
  53   3              display_number_define_using_delay(k); 
  54   3          }
C51 COMPILER V9.60.0.0   LED7SEG                                                           05/08/2022 10:30:11 PAGE 2   

  55   2        }
  56   1        else if(x>y)
  57   1        {
  58   2          for(k=x; k>=y; k--)
  59   2          {
  60   3            for(i=0; i<125; i++)
  61   3              display_number_define_using_delay(k);
  62   3          }
  63   2        }
  64   1      }
  65          
  66          
  67          
  68          void display_led7seg_using_timer()
  69          {
  70   1        Led_7Seg = Number[10];//turn off all led 7 seg
  71   1        switch(digit)
  72   1        {
  73   2          case 0:
  74   2            Control_Led1 = 0; Control_Led2 = 1; Control_Led3 = 1;
  75   2            Led_7Seg = Number[tram];
  76   2            break;
  77   2          case 1:
  78   2            Control_Led1 = 1; Control_Led2 = 0; Control_Led3 = 1;
  79   2            Led_7Seg = Number[chuc];
  80   2            break;
  81   2          case 2:
  82   2            Control_Led1 = 1; Control_Led2 = 1; Control_Led3 = 0;
  83   2            Led_7Seg = Number[dvi]; 
  84   2        }
  85   1      }
  86          
  87          void turnOff()
  88          {
  89   1        Control_Led1 = 1; Control_Led2 = 1; Control_Led3 = 1;
  90   1        Led_7Seg = Number[10]; //turn off led
  91   1      }


MODULE INFORMATION:   STATIC OVERLAYABLE
   CODE SIZE        =    321    ----
   CONSTANT SIZE    =   ----    ----
   XDATA SIZE       =   ----    ----
   PDATA SIZE       =   ----    ----
   DATA SIZE        =     14       8
   IDATA SIZE       =   ----    ----
   BIT SIZE         =   ----    ----
END OF MODULE INFORMATION.


C51 COMPILATION COMPLETE.  0 WARNING(S),  0 ERROR(S)
