C51 COMPILER V9.60.0.0   MAIN                                                              05/10/2022 11:01:22 PAGE 1   


C51 COMPILER V9.60.0.0, COMPILATION OF MODULE MAIN
OBJECT MODULE PLACED IN .\Objects\main.obj
COMPILER INVOKED BY: C:\Keil_v5\C51\BIN\C51.EXE Main\main.c OPTIMIZE(8,SPEED) BROWSE INCDIR(.\Main;.\Lib) DEBUG OBJECTEX
                    -TEND PRINT(.\Listings\main.lst) TABS(2) OBJECT(.\Objects\main.obj)

line level    source

   1          #include "main.h"
   2          #include "var.h"
   3          
   4          void main() 
   5          {
   6   1        
   7   1        timer0_init();
   8   1        
   9   1        while(1)
  10   1        {
  11   2          pressButton();
  12   2        }
  13   1      }
  14          
  15          void do_thing_in_interrupt()
  16          {
  17   1          //xung_test = !xung_test;
  18   1          value++;
  19   1          count++;
  20   1          if(count == 5) //5ms
  21   1          {
  22   2            count=0;
  23   2            display_led7seg_using_timer();
  24   2            digit++;
  25   2            if(digit==3)
  26   2              digit=0;
  27   2            count_s++;
  28   2            if(count_s == 25)
  29   2            {
  30   3              count_s=0;
  31   3              calculator_number(num);
  32   3            }
  33   2          }
  34   1      }


MODULE INFORMATION:   STATIC OVERLAYABLE
   CODE SIZE        =     73    ----
   CONSTANT SIZE    =   ----    ----
   XDATA SIZE       =   ----    ----
   PDATA SIZE       =   ----    ----
   DATA SIZE        =      9    ----
   IDATA SIZE       =   ----    ----
   BIT SIZE         =   ----    ----
END OF MODULE INFORMATION.


C51 COMPILATION COMPLETE.  0 WARNING(S),  0 ERROR(S)
