

Microchip MPLAB XC8 Assembler V2.32 build 20210201212658 
                                                                                               Sun Feb 13 12:43:12 2022

Microchip MPLAB XC8 C Compiler v2.32 (Free license) build 20210201212658 Og1 
     1                           	processor	16F877A
     2                           	pagewidth 120
     3                           	opt	flic
     4                           	psect	cinit,global,class=CODE,merge=1,delta=2
     5                           	psect	cstackCOMMON,global,class=COMMON,space=1,delta=1,noexec
     6                           	psect	maintext,global,class=CODE,split=1,delta=2
     7                           	psect	text1,local,class=CODE,merge=1,delta=2
     8                           	psect	text2,local,class=CODE,merge=1,delta=2
     9                           	dabs	1,0x7E,2
    10  0000                     
    11                           ; Version 2.20
    12                           ; Generated 12/02/2020 GMT
    13                           ; 
    14                           ; Copyright © 2020, Microchip Technology Inc. and its subsidiaries ("Microchip")
    15                           ; All rights reserved.
    16                           ; 
    17                           ; This software is developed by Microchip Technology Inc. and its subsidiaries ("Microch
      +                          ip").
    18                           ; 
    19                           ; Redistribution and use in source and binary forms, with or without modification, are
    20                           ; permitted provided that the following conditions are met:
    21                           ; 
    22                           ;     1. Redistributions of source code must retain the above copyright notice, this lis
      +                          t of
    23                           ;        conditions and the following disclaimer.
    24                           ; 
    25                           ;     2. Redistributions in binary form must reproduce the above copyright notice, this 
      +                          list
    26                           ;        of conditions and the following disclaimer in the documentation and/or other
    27                           ;        materials provided with the distribution.
    28                           ; 
    29                           ;     3. Microchip's name may not be used to endorse or promote products derived from th
      +                          is
    30                           ;        software without specific prior written permission.
    31                           ; 
    32                           ; THIS SOFTWARE IS PROVIDED BY MICROCHIP "AS IS" AND ANY EXPRESS OR IMPLIED WARRANTIES,
    33                           ; INCLUDING, BUT NOT LIMITED TO, THE IMPLIED WARRANTIES OF MERCHANTABILITY AND FITNESS F
      +                          OR
    34                           ; PURPOSE ARE DISCLAIMED.  IN NO EVENT SHALL MICROCHIP BE LIABLE FOR ANY DIRECT, INDIREC
      +                          T,
    35                           ; INCIDENTAL, SPECIAL, EXEMPLARY, OR CONSEQUENTIAL DAMAGES (INCLUDING BUT NOT LIMITED TO
    36                           ; PROCUREMENT OF SUBSTITUTE GOODS OR SERVICES; LOSS OF USE, DATA OR PROFITS; OR BUSINESS
    37                           ; INTERRUPTION) HOWSOEVER CAUSED AND ON ANY THEORY OF LIABILITY, WHETHER IN CONTRACT, ST
      +                          RICT
    38                           ; LIABILITY, OR TORT (INCLUDING NEGLIGENCE OR OTHERWISE) ARISING IN ANY WAY OUT OF THE U
      +                          SE OF
    39                           ; THIS SOFTWARE, EVEN IF ADVISED OF THE POSSIBILITY OF SUCH DAMAGE.
    40                           ; 
    41                           ; 
    42                           ; Code-generator required, PIC16F877A Definitions
    43                           ; 
    44                           ; SFR Addresses
    45  0000                     	;# 
    46  0001                     	;# 
    47  0002                     	;# 
    48  0003                     	;# 
    49  0004                     	;# 
    50  0005                     	;# 
    51  0006                     	;# 
    52  0007                     	;# 
    53  0008                     	;# 
    54  0009                     	;# 
    55  000A                     	;# 
    56  000B                     	;# 
    57  000C                     	;# 
    58  000D                     	;# 
    59  000E                     	;# 
    60  000E                     	;# 
    61  000F                     	;# 
    62  0010                     	;# 
    63  0011                     	;# 
    64  0012                     	;# 
    65  0013                     	;# 
    66  0014                     	;# 
    67  0015                     	;# 
    68  0015                     	;# 
    69  0016                     	;# 
    70  0017                     	;# 
    71  0018                     	;# 
    72  0019                     	;# 
    73  001A                     	;# 
    74  001B                     	;# 
    75  001B                     	;# 
    76  001C                     	;# 
    77  001D                     	;# 
    78  001E                     	;# 
    79  001F                     	;# 
    80  0081                     	;# 
    81  0085                     	;# 
    82  0086                     	;# 
    83  0087                     	;# 
    84  0088                     	;# 
    85  0089                     	;# 
    86  008C                     	;# 
    87  008D                     	;# 
    88  008E                     	;# 
    89  0091                     	;# 
    90  0092                     	;# 
    91  0093                     	;# 
    92  0094                     	;# 
    93  0098                     	;# 
    94  0099                     	;# 
    95  009C                     	;# 
    96  009D                     	;# 
    97  009E                     	;# 
    98  009F                     	;# 
    99  010C                     	;# 
   100  010D                     	;# 
   101  010E                     	;# 
   102  010F                     	;# 
   103  018C                     	;# 
   104  018D                     	;# 
   105  0000                     	;# 
   106  0001                     	;# 
   107  0002                     	;# 
   108  0003                     	;# 
   109  0004                     	;# 
   110  0005                     	;# 
   111  0006                     	;# 
   112  0007                     	;# 
   113  0008                     	;# 
   114  0009                     	;# 
   115  000A                     	;# 
   116  000B                     	;# 
   117  000C                     	;# 
   118  000D                     	;# 
   119  000E                     	;# 
   120  000E                     	;# 
   121  000F                     	;# 
   122  0010                     	;# 
   123  0011                     	;# 
   124  0012                     	;# 
   125  0013                     	;# 
   126  0014                     	;# 
   127  0015                     	;# 
   128  0015                     	;# 
   129  0016                     	;# 
   130  0017                     	;# 
   131  0018                     	;# 
   132  0019                     	;# 
   133  001A                     	;# 
   134  001B                     	;# 
   135  001B                     	;# 
   136  001C                     	;# 
   137  001D                     	;# 
   138  001E                     	;# 
   139  001F                     	;# 
   140  0081                     	;# 
   141  0085                     	;# 
   142  0086                     	;# 
   143  0087                     	;# 
   144  0088                     	;# 
   145  0089                     	;# 
   146  008C                     	;# 
   147  008D                     	;# 
   148  008E                     	;# 
   149  0091                     	;# 
   150  0092                     	;# 
   151  0093                     	;# 
   152  0094                     	;# 
   153  0098                     	;# 
   154  0099                     	;# 
   155  009C                     	;# 
   156  009D                     	;# 
   157  009E                     	;# 
   158  009F                     	;# 
   159  010C                     	;# 
   160  010D                     	;# 
   161  010E                     	;# 
   162  010F                     	;# 
   163  018C                     	;# 
   164  018D                     	;# 
   165  0000                     	;# 
   166  0001                     	;# 
   167  0002                     	;# 
   168  0003                     	;# 
   169  0004                     	;# 
   170  0005                     	;# 
   171  0006                     	;# 
   172  0007                     	;# 
   173  0008                     	;# 
   174  0009                     	;# 
   175  000A                     	;# 
   176  000B                     	;# 
   177  000C                     	;# 
   178  000D                     	;# 
   179  000E                     	;# 
   180  000E                     	;# 
   181  000F                     	;# 
   182  0010                     	;# 
   183  0011                     	;# 
   184  0012                     	;# 
   185  0013                     	;# 
   186  0014                     	;# 
   187  0015                     	;# 
   188  0015                     	;# 
   189  0016                     	;# 
   190  0017                     	;# 
   191  0018                     	;# 
   192  0019                     	;# 
   193  001A                     	;# 
   194  001B                     	;# 
   195  001B                     	;# 
   196  001C                     	;# 
   197  001D                     	;# 
   198  001E                     	;# 
   199  001F                     	;# 
   200  0081                     	;# 
   201  0085                     	;# 
   202  0086                     	;# 
   203  0087                     	;# 
   204  0088                     	;# 
   205  0089                     	;# 
   206  008C                     	;# 
   207  008D                     	;# 
   208  008E                     	;# 
   209  0091                     	;# 
   210  0092                     	;# 
   211  0093                     	;# 
   212  0094                     	;# 
   213  0098                     	;# 
   214  0099                     	;# 
   215  009C                     	;# 
   216  009D                     	;# 
   217  009E                     	;# 
   218  009F                     	;# 
   219  010C                     	;# 
   220  010D                     	;# 
   221  010E                     	;# 
   222  010F                     	;# 
   223  018C                     	;# 
   224  018D                     	;# 
   225  000B                     _INTCONbits	set	11
   226  0008                     _PORTD	set	8
   227  0030                     _RB0	set	48
   228  0033                     _RB3	set	51
   229  0032                     _RB2	set	50
   230  0031                     _RB1	set	49
   231  0088                     _TRISD	set	136
   232  0086                     _TRISB	set	134
   233  009F                     _ADCON1	set	159
   234  010C                     _EEDATA	set	268
   235  010D                     _EEADR	set	269
   236  018D                     _EECON2	set	397
   237  018C                     _EECON1bits	set	396
   238                           
   239                           	psect	cinit
   240  07FC                     start_initialization:	
   241                           ; #config settings
   242                           
   243  07FC                     __initialization:
   244  07FC                     end_of_initialization:	
   245                           ;End of C runtime variable initialization code
   246                           
   247  07FC                     __end_of__initialization:
   248  07FC  0183               	clrf	3
   249  07FD  120A  118A  2F5B   	ljmp	_main	;jump to C main() function
   250                           
   251                           	psect	cstackCOMMON
   252  0070                     __pcstackCOMMON:
   253  0070                     ?_EEPROM_Write:
   254  0070                     ?_EEPROM_Read:	
   255                           ; 1 bytes @ 0x0
   256                           
   257  0070                     ??_EEPROM_Read:	
   258                           ; 1 bytes @ 0x0
   259                           
   260  0070                     ?_main:	
   261                           ; 1 bytes @ 0x0
   262                           
   263  0070                     EEPROM_Write@Data:	
   264                           ; 1 bytes @ 0x0
   265                           
   266                           
   267                           ; 1 bytes @ 0x0
   268  0070                     	ds	1
   269  0071                     ??_EEPROM_Write:
   270  0071                     EEPROM_Write@Address:	
   271                           ; 1 bytes @ 0x1
   272                           
   273  0071                     EEPROM_Read@Address:	
   274                           ; 1 bytes @ 0x1
   275                           
   276                           
   277                           ; 1 bytes @ 0x1
   278  0071                     	ds	1
   279  0072                     EEPROM_Read@Data:
   280                           
   281                           ; 1 bytes @ 0x2
   282  0072                     	ds	1
   283  0073                     ??_main:
   284                           
   285                           ; 1 bytes @ 0x3
   286  0073                     	ds	3
   287  0076                     main@i:
   288                           
   289                           ; 1 bytes @ 0x6
   290  0076                     	ds	1
   291  0077                     main@Address:
   292                           
   293                           ; 1 bytes @ 0x7
   294  0077                     	ds	1
   295                           
   296                           	psect	maintext
   297  075B                     __pmaintext:	
   298 ;;
   299 ;;Main: autosize = 0, tempsize = 3, incstack = 0, save=0
   300 ;;
   301 ;; *************** function _main *****************
   302 ;; Defined at:
   303 ;;		line 24 in file "main.c"
   304 ;; Parameters:    Size  Location     Type
   305 ;;		None
   306 ;; Auto vars:     Size  Location     Type
   307 ;;  i               1    6[COMMON] unsigned char 
   308 ;;  Address         1    7[COMMON] unsigned char 
   309 ;; Return value:  Size  Location     Type
   310 ;;                  1    wreg      void 
   311 ;; Registers used:
   312 ;;		wreg, status,2, status,0, pclath, cstack
   313 ;; Tracked objects:
   314 ;;		On entry : B00/0
   315 ;;		On exit  : 0/0
   316 ;;		Unchanged: 0/0
   317 ;; Data sizes:     COMMON   BANK0   BANK1   BANK3   BANK2
   318 ;;      Params:         0       0       0       0       0
   319 ;;      Locals:         2       0       0       0       0
   320 ;;      Temps:          3       0       0       0       0
   321 ;;      Totals:         5       0       0       0       0
   322 ;;Total ram usage:        5 bytes
   323 ;; Hardware stack levels required when called: 1
   324 ;; This function calls:
   325 ;;		_EEPROM_Read
   326 ;;		_EEPROM_Write
   327 ;; This function is called by:
   328 ;;		Startup code after reset
   329 ;; This function uses a non-reentrant model
   330 ;;
   331                           
   332                           
   333                           ;psect for function _main
   334  075B                     _main:
   335  075B                     l746:	
   336                           ;incstack = 0
   337                           ; Regs used in _main: [wreg+status,2+status,0+pclath+cstack]
   338                           
   339                           
   340                           ;main.c: 26:   ADCON1=0x07;
   341  075B  3007               	movlw	7
   342  075C  1683               	bsf	3,5	;RP0=1, select bank1
   343  075D  1303               	bcf	3,6	;RP1=0, select bank1
   344  075E  009F               	movwf	31	;volatile
   345                           
   346                           ;main.c: 28:   TRISB = 0x0F;
   347  075F  300F               	movlw	15
   348  0760  0086               	movwf	6	;volatile
   349  0761                     l748:
   350                           
   351                           ;main.c: 30:   TRISD = 0x00;
   352  0761  0188               	clrf	8	;volatile
   353  0762                     l750:
   354                           
   355                           ;main.c: 31:   PORTD = 0x00;
   356  0762  1283               	bcf	3,5	;RP0=0, select bank0
   357  0763  1303               	bcf	3,6	;RP1=0, select bank0
   358  0764  0188               	clrf	8	;volatile
   359  0765                     l752:
   360                           
   361                           ;main.c: 33:   uint8_t Address=0;
   362  0765  01F7               	clrf	main@Address
   363  0766                     l754:
   364                           
   365                           ;main.c: 36:   {;main.c: 37:     if(RB1)
   366  0766  1C86               	btfss	6,1	;volatile
   367  0767  2F69               	goto	u91
   368  0768  2F6A               	goto	u90
   369  0769                     u91:
   370  0769  2F85               	goto	l762
   371  076A                     u90:
   372  076A                     l756:
   373                           
   374                           ;main.c: 38:     {;main.c: 39:       EEPROM_Write(Address++, 3);
   375  076A  3003               	movlw	3
   376  076B  00F3               	movwf	??_main
   377  076C  0873               	movf	??_main,w
   378  076D  00F0               	movwf	EEPROM_Write@Data
   379  076E  0877               	movf	main@Address,w
   380  076F  120A  118A  2740  120A  118A  	fcall	_EEPROM_Write
   381  0774                     l758:
   382  0774  3001               	movlw	1
   383  0775  00F3               	movwf	??_main
   384  0776  0873               	movf	??_main,w
   385  0777  07F7               	addwf	main@Address,f
   386  0778                     l760:
   387                           
   388                           ;main.c: 40:       _delay((unsigned long)((500)*(4000000/4000.0)));
   389  0778  3003               	movlw	3
   390  0779  00F5               	movwf	??_main+2
   391  077A  308A               	movlw	138
   392  077B  00F4               	movwf	??_main+1
   393  077C  3055               	movlw	85
   394  077D  00F3               	movwf	??_main
   395  077E                     u157:
   396  077E  0BF3               	decfsz	??_main,f
   397  077F  2F7E               	goto	u157
   398  0780  0BF4               	decfsz	??_main+1,f
   399  0781  2F7E               	goto	u157
   400  0782  0BF5               	decfsz	??_main+2,f
   401  0783  2F7E               	goto	u157
   402  0784  2F85               	nop2
   403  0785                     l762:
   404                           
   405                           ;main.c: 42:     if(RB2)
   406  0785  1283               	bcf	3,5	;RP0=0, select bank0
   407  0786  1303               	bcf	3,6	;RP1=0, select bank0
   408  0787  1D06               	btfss	6,2	;volatile
   409  0788  2F8A               	goto	u101
   410  0789  2F8B               	goto	u100
   411  078A                     u101:
   412  078A  2FA6               	goto	l770
   413  078B                     u100:
   414  078B                     l764:
   415                           
   416                           ;main.c: 43:     {;main.c: 44:       EEPROM_Write(Address++, 5);
   417  078B  3005               	movlw	5
   418  078C  00F3               	movwf	??_main
   419  078D  0873               	movf	??_main,w
   420  078E  00F0               	movwf	EEPROM_Write@Data
   421  078F  0877               	movf	main@Address,w
   422  0790  120A  118A  2740  120A  118A  	fcall	_EEPROM_Write
   423  0795                     l766:
   424  0795  3001               	movlw	1
   425  0796  00F3               	movwf	??_main
   426  0797  0873               	movf	??_main,w
   427  0798  07F7               	addwf	main@Address,f
   428  0799                     l768:
   429                           
   430                           ;main.c: 45:       _delay((unsigned long)((500)*(4000000/4000.0)));
   431  0799  3003               	movlw	3
   432  079A  00F5               	movwf	??_main+2
   433  079B  308A               	movlw	138
   434  079C  00F4               	movwf	??_main+1
   435  079D  3055               	movlw	85
   436  079E  00F3               	movwf	??_main
   437  079F                     u167:
   438  079F  0BF3               	decfsz	??_main,f
   439  07A0  2F9F               	goto	u167
   440  07A1  0BF4               	decfsz	??_main+1,f
   441  07A2  2F9F               	goto	u167
   442  07A3  0BF5               	decfsz	??_main+2,f
   443  07A4  2F9F               	goto	u167
   444  07A5  2FA6               	nop2
   445  07A6                     l770:
   446                           
   447                           ;main.c: 47:     if(RB3)
   448  07A6  1283               	bcf	3,5	;RP0=0, select bank0
   449  07A7  1303               	bcf	3,6	;RP1=0, select bank0
   450  07A8  1D86               	btfss	6,3	;volatile
   451  07A9  2FAB               	goto	u111
   452  07AA  2FAC               	goto	u110
   453  07AB                     u111:
   454  07AB  2FC7               	goto	l778
   455  07AC                     u110:
   456  07AC                     l772:
   457                           
   458                           ;main.c: 48:     {;main.c: 49:       EEPROM_Write(Address++, 7);
   459  07AC  3007               	movlw	7
   460  07AD  00F3               	movwf	??_main
   461  07AE  0873               	movf	??_main,w
   462  07AF  00F0               	movwf	EEPROM_Write@Data
   463  07B0  0877               	movf	main@Address,w
   464  07B1  120A  118A  2740  120A  118A  	fcall	_EEPROM_Write
   465  07B6                     l774:
   466  07B6  3001               	movlw	1
   467  07B7  00F3               	movwf	??_main
   468  07B8  0873               	movf	??_main,w
   469  07B9  07F7               	addwf	main@Address,f
   470  07BA                     l776:
   471                           
   472                           ;main.c: 50:       _delay((unsigned long)((500)*(4000000/4000.0)));
   473  07BA  3003               	movlw	3
   474  07BB  00F5               	movwf	??_main+2
   475  07BC  308A               	movlw	138
   476  07BD  00F4               	movwf	??_main+1
   477  07BE  3055               	movlw	85
   478  07BF  00F3               	movwf	??_main
   479  07C0                     u177:
   480  07C0  0BF3               	decfsz	??_main,f
   481  07C1  2FC0               	goto	u177
   482  07C2  0BF4               	decfsz	??_main+1,f
   483  07C3  2FC0               	goto	u177
   484  07C4  0BF5               	decfsz	??_main+2,f
   485  07C5  2FC0               	goto	u177
   486  07C6  2FC7               	nop2
   487  07C7                     l778:
   488                           
   489                           ;main.c: 52:     if(Address == 3)
   490  07C7  3003               	movlw	3
   491  07C8  0677               	xorwf	main@Address,w
   492  07C9  1D03               	btfss	3,2
   493  07CA  2FCC               	goto	u121
   494  07CB  2FCD               	goto	u120
   495  07CC                     u121:
   496  07CC  2FCE               	goto	l782
   497  07CD                     u120:
   498  07CD                     l780:
   499                           
   500                           ;main.c: 53:       Address = 0;
   501  07CD  01F7               	clrf	main@Address
   502  07CE                     l782:
   503                           
   504                           ;main.c: 55:     if(RB0 == 1)
   505  07CE  1283               	bcf	3,5	;RP0=0, select bank0
   506  07CF  1303               	bcf	3,6	;RP1=0, select bank0
   507  07D0  1C06               	btfss	6,0	;volatile
   508  07D1  2FD3               	goto	u131
   509  07D2  2FD4               	goto	u130
   510  07D3                     u131:
   511  07D3  2F66               	goto	l754
   512  07D4                     u130:
   513  07D4                     l784:
   514                           
   515                           ;main.c: 56:     {;main.c: 58:       for (uint8_t i=0; i<3; i++)
   516  07D4  01F6               	clrf	main@i
   517  07D5                     l790:
   518                           
   519                           ;main.c: 59:       {;main.c: 60:         PORTD = EEPROM_Read(i);
   520  07D5  0876               	movf	main@i,w
   521  07D6  120A  118A  272F  120A  118A  	fcall	_EEPROM_Read
   522  07DB  1283               	bcf	3,5	;RP0=0, select bank0
   523  07DC  1303               	bcf	3,6	;RP1=0, select bank0
   524  07DD  0088               	movwf	8	;volatile
   525  07DE                     l792:
   526                           
   527                           ;main.c: 61:         _delay((unsigned long)((1000)*(4000000/4000.0)));
   528  07DE  3006               	movlw	6
   529  07DF  00F5               	movwf	??_main+2
   530  07E0  3013               	movlw	19
   531  07E1  00F4               	movwf	??_main+1
   532  07E2  30AD               	movlw	173
   533  07E3  00F3               	movwf	??_main
   534  07E4                     u187:
   535  07E4  0BF3               	decfsz	??_main,f
   536  07E5  2FE4               	goto	u187
   537  07E6  0BF4               	decfsz	??_main+1,f
   538  07E7  2FE4               	goto	u187
   539  07E8  0BF5               	decfsz	??_main+2,f
   540  07E9  2FE4               	goto	u187
   541  07EA  2FEB               	nop2
   542  07EB                     l794:
   543                           
   544                           ;main.c: 62:       }
   545  07EB  3001               	movlw	1
   546  07EC  00F3               	movwf	??_main
   547  07ED  0873               	movf	??_main,w
   548  07EE  07F6               	addwf	main@i,f
   549  07EF                     l796:
   550  07EF  3003               	movlw	3
   551  07F0  0276               	subwf	main@i,w
   552  07F1  1C03               	skipc
   553  07F2  2FF4               	goto	u141
   554  07F3  2FF5               	goto	u140
   555  07F4                     u141:
   556  07F4  2FD5               	goto	l790
   557  07F5                     u140:
   558  07F5                     l798:
   559                           
   560                           ;main.c: 64:       PORTD=0x00;
   561  07F5  1283               	bcf	3,5	;RP0=0, select bank0
   562  07F6  1303               	bcf	3,6	;RP1=0, select bank0
   563  07F7  0188               	clrf	8	;volatile
   564  07F8  2F66               	goto	l754
   565  07F9  120A  118A  2800   	ljmp	start
   566  07FC                     __end_of_main:
   567                           
   568                           	psect	text1
   569  0740                     __ptext1:	
   570 ;; *************** function _EEPROM_Write *****************
   571 ;; Defined at:
   572 ;;		line 4 in file "internal_eeprom.c"
   573 ;; Parameters:    Size  Location     Type
   574 ;;  Address         1    wreg     unsigned char 
   575 ;;  Data            1    0[COMMON] unsigned char 
   576 ;; Auto vars:     Size  Location     Type
   577 ;;  Address         1    1[COMMON] unsigned char 
   578 ;; Return value:  Size  Location     Type
   579 ;;                  1    wreg      void 
   580 ;; Registers used:
   581 ;;		wreg
   582 ;; Tracked objects:
   583 ;;		On entry : 0/0
   584 ;;		On exit  : 0/0
   585 ;;		Unchanged: 0/0
   586 ;; Data sizes:     COMMON   BANK0   BANK1   BANK3   BANK2
   587 ;;      Params:         1       0       0       0       0
   588 ;;      Locals:         1       0       0       0       0
   589 ;;      Temps:          0       0       0       0       0
   590 ;;      Totals:         2       0       0       0       0
   591 ;;Total ram usage:        2 bytes
   592 ;; Hardware stack levels used: 1
   593 ;; This function calls:
   594 ;;		Nothing
   595 ;; This function is called by:
   596 ;;		_main
   597 ;; This function uses a non-reentrant model
   598 ;;
   599                           
   600                           
   601                           ;psect for function _EEPROM_Write
   602  0740                     _EEPROM_Write:
   603                           
   604                           ;incstack = 0
   605                           ; Regs used in _EEPROM_Write: [wreg]
   606                           ;EEPROM_Write@Address stored from wreg
   607  0740  00F1               	movwf	EEPROM_Write@Address
   608  0741                     l728:
   609  0741                     l50:	
   610                           ;internal_eeprom.c: 4: void EEPROM_Write(uint8_t Address, uint8_t Data);internal_eeprom.
      +                          c: 5: {;internal_eeprom.c: 6:   while(EECON1bits.WR);
   611                           
   612  0741  1683               	bsf	3,5	;RP0=1, select bank3
   613  0742  1703               	bsf	3,6	;RP1=1, select bank3
   614  0743  188C               	btfsc	12,1	;volsfr
   615  0744  2F46               	goto	u81
   616  0745  2F47               	goto	u80
   617  0746                     u81:
   618  0746  2F41               	goto	l50
   619  0747                     u80:
   620  0747                     l730:
   621                           
   622                           ;internal_eeprom.c: 7:   EEADR = Address;
   623  0747  0871               	movf	EEPROM_Write@Address,w
   624  0748  1283               	bcf	3,5	;RP0=0, select bank2
   625  0749  1703               	bsf	3,6	;RP1=1, select bank2
   626  074A  008D               	movwf	13	;volatile
   627                           
   628                           ;internal_eeprom.c: 8:   EEDATA = Data;
   629  074B  0870               	movf	EEPROM_Write@Data,w
   630  074C  008C               	movwf	12	;volatile
   631  074D                     l732:
   632                           
   633                           ;internal_eeprom.c: 9:   EECON1bits.EEPGD = 0;
   634  074D  1683               	bsf	3,5	;RP0=1, select bank3
   635  074E  1703               	bsf	3,6	;RP1=1, select bank3
   636  074F  138C               	bcf	12,7	;volsfr
   637  0750                     l734:
   638                           
   639                           ;internal_eeprom.c: 10:   EECON1bits.WREN = 1;
   640  0750  150C               	bsf	12,2	;volsfr
   641  0751                     l736:
   642                           
   643                           ;internal_eeprom.c: 11:   INTCONbits.GIE = 0;
   644  0751  138B               	bcf	11,7	;volatile
   645                           
   646                           ;internal_eeprom.c: 12:   EECON2 = 0x55;
   647  0752  3055               	movlw	85
   648  0753  008D               	movwf	13	;volsfr
   649                           
   650                           ;internal_eeprom.c: 13:   EECON2 = 0xAA;
   651  0754  30AA               	movlw	170
   652  0755  008D               	movwf	13	;volsfr
   653  0756                     l738:
   654                           
   655                           ;internal_eeprom.c: 14:   EECON1bits.WR = 1;
   656  0756  148C               	bsf	12,1	;volsfr
   657  0757                     l740:
   658                           
   659                           ;internal_eeprom.c: 15:   INTCONbits.GIE = 1;
   660  0757  178B               	bsf	11,7	;volatile
   661  0758                     l742:
   662                           
   663                           ;internal_eeprom.c: 16:   EECON1bits.WREN = 0;
   664  0758  110C               	bcf	12,2	;volsfr
   665  0759                     l744:
   666                           
   667                           ;internal_eeprom.c: 17:   EECON1bits.WR = 0;
   668  0759  108C               	bcf	12,1	;volsfr
   669  075A                     l53:
   670  075A  0008               	return
   671  075B                     __end_of_EEPROM_Write:
   672                           
   673                           	psect	text2
   674  072F                     __ptext2:	
   675 ;; *************** function _EEPROM_Read *****************
   676 ;; Defined at:
   677 ;;		line 20 in file "internal_eeprom.c"
   678 ;; Parameters:    Size  Location     Type
   679 ;;  Address         1    wreg     unsigned char 
   680 ;; Auto vars:     Size  Location     Type
   681 ;;  Address         1    1[COMMON] unsigned char 
   682 ;;  Data            1    2[COMMON] unsigned char 
   683 ;; Return value:  Size  Location     Type
   684 ;;                  1    wreg      unsigned char 
   685 ;; Registers used:
   686 ;;		wreg
   687 ;; Tracked objects:
   688 ;;		On entry : 0/0
   689 ;;		On exit  : 0/0
   690 ;;		Unchanged: 0/0
   691 ;; Data sizes:     COMMON   BANK0   BANK1   BANK3   BANK2
   692 ;;      Params:         0       0       0       0       0
   693 ;;      Locals:         2       0       0       0       0
   694 ;;      Temps:          1       0       0       0       0
   695 ;;      Totals:         3       0       0       0       0
   696 ;;Total ram usage:        3 bytes
   697 ;; Hardware stack levels used: 1
   698 ;; This function calls:
   699 ;;		Nothing
   700 ;; This function is called by:
   701 ;;		_main
   702 ;; This function uses a non-reentrant model
   703 ;;
   704                           
   705                           
   706                           ;psect for function _EEPROM_Read
   707  072F                     _EEPROM_Read:
   708                           
   709                           ;incstack = 0
   710                           ; Regs used in _EEPROM_Read: [wreg]
   711                           ;EEPROM_Read@Address stored from wreg
   712  072F  00F1               	movwf	EEPROM_Read@Address
   713  0730                     l666:
   714                           
   715                           ;internal_eeprom.c: 20: uint8_t EEPROM_Read(uint8_t Address);internal_eeprom.c: 21: {;in
      +                          ternal_eeprom.c: 22:   uint8_t Data;;internal_eeprom.c: 23:   EEADR = Address;
   716  0730  0871               	movf	EEPROM_Read@Address,w
   717  0731  1283               	bcf	3,5	;RP0=0, select bank2
   718  0732  1703               	bsf	3,6	;RP1=1, select bank2
   719  0733  008D               	movwf	13	;volatile
   720  0734                     l668:
   721                           
   722                           ;internal_eeprom.c: 24:   EECON1bits.EEPGD = 0;
   723  0734  1683               	bsf	3,5	;RP0=1, select bank3
   724  0735  1703               	bsf	3,6	;RP1=1, select bank3
   725  0736  138C               	bcf	12,7	;volsfr
   726  0737                     l670:
   727                           
   728                           ;internal_eeprom.c: 25:   EECON1bits.RD = 1;
   729  0737  140C               	bsf	12,0	;volsfr
   730                           
   731                           ;internal_eeprom.c: 26:   Data = EEDATA;
   732  0738  1283               	bcf	3,5	;RP0=0, select bank2
   733  0739  1703               	bsf	3,6	;RP1=1, select bank2
   734  073A  080C               	movf	12,w	;volatile
   735  073B  00F0               	movwf	??_EEPROM_Read
   736  073C  0870               	movf	??_EEPROM_Read,w
   737  073D  00F2               	movwf	EEPROM_Read@Data
   738                           
   739                           ;internal_eeprom.c: 27:   return Data;
   740  073E  0872               	movf	EEPROM_Read@Data,w
   741  073F                     l56:
   742  073F  0008               	return
   743  0740                     __end_of_EEPROM_Read:
   744  007E                     btemp	set	126	;btemp
   745  007E                     wtemp0	set	126

Data Sizes:
    Strings     0
    Constant    0
    Data        0
    BSS         0
    Persistent  0
    Stack       0

Auto Spaces:
    Space          Size  Autos    Used
    COMMON           14      8       8
    BANK0            80      0       0
    BANK1            80      0       0
    BANK3            96      0       0
    BANK2            96      0       0

Pointer List with Targets:

    None.

Critical Paths under _main in COMMON

    _main->_EEPROM_Read

Critical Paths under _main in BANK0

    None.

Critical Paths under _main in BANK1

    None.

Critical Paths under _main in BANK3

    None.

Critical Paths under _main in BANK2

    None.

Call Graph Tables:

 ---------------------------------------------------------------------------------
 (Depth) Function   	        Calls       Base Space   Used Autos Params    Refs
 ---------------------------------------------------------------------------------
 (0) _main                                                 5     5      0     463
                                              3 COMMON     5     5      0
                        _EEPROM_Read
                       _EEPROM_Write
 ---------------------------------------------------------------------------------
 (1) _EEPROM_Write                                         2     1      1     272
                                              0 COMMON     2     1      1
 ---------------------------------------------------------------------------------
 (1) _EEPROM_Read                                          3     3      0      30
                                              0 COMMON     3     3      0
 ---------------------------------------------------------------------------------
 Estimated maximum stack depth 1
 ---------------------------------------------------------------------------------

 Call Graph Graphs:

 _main (ROOT)
   _EEPROM_Read
   _EEPROM_Write

 Address spaces:
Name               Size   Autos  Total    Cost      Usage
BITCOMMON            E      0       0       0        0.0%
EEDATA             100      0       0       0        0.0%
NULL                 0      0       0       0        0.0%
CODE                 0      0       0       0        0.0%
COMMON               E      8       8       1       57.1%
BITSFR0              0      0       0       1        0.0%
SFR0                 0      0       0       1        0.0%
BITSFR1              0      0       0       2        0.0%
SFR1                 0      0       0       2        0.0%
STACK                0      0       0       2        0.0%
ABS                  0      0       0       3        0.0%
BITBANK0            50      0       0       4        0.0%
BITSFR3              0      0       0       4        0.0%
SFR3                 0      0       0       4        0.0%
BANK0               50      0       0       5        0.0%
BITSFR2              0      0       0       5        0.0%
SFR2                 0      0       0       5        0.0%
BITBANK1            50      0       0       6        0.0%
BANK1               50      0       0       7        0.0%
BITBANK3            60      0       0       8        0.0%
BANK3               60      0       0       9        0.0%
BITBANK2            60      0       0      10        0.0%
BANK2               60      0       0      11        0.0%
DATA                 0      0       0      12        0.0%


Microchip Technology PIC Macro Assembler V2.32 build 20210201212658 
Symbol Table                                                                                   Sun Feb 13 12:43:12 2022

                     l50 0741                       l53 075A                       l56 073F  
                     u80 0747                       u81 0746                       u90 076A  
                     u91 0769                      l730 0747                      l740 0757  
                    l732 074D                      l670 0737                      l742 0758  
                    l734 0750                      l750 0762                      l744 0759  
                    l736 0751                      l728 0741                      l760 0778  
                    l752 0765                      l666 0730                      l738 0756  
                    l770 07A6                      l762 0785                      l754 0766  
                    l746 075B                      l668 0734                      l780 07CD  
                    l772 07AC                      l764 078B                      l756 076A  
                    l748 0761                      l790 07D5                      l782 07CE  
                    l774 07B6                      l766 0795                      l758 0774  
                    l792 07DE                      l784 07D4                      l776 07BA  
                    l768 0799                      l794 07EB                      l778 07C7  
                    l796 07EF                      l798 07F5                      _RB0 0030  
                    _RB1 0031                      _RB2 0032                      _RB3 0033  
                    u100 078B                      u101 078A                      u110 07AC  
                    u111 07AB                      u120 07CD                      u121 07CC  
                    u130 07D4                      u131 07D3                      u140 07F5  
                    u141 07F4                      u157 077E                      u167 079F  
                    u177 07C0                      u187 07E4                     _main 075B  
                   btemp 007E                     start 0000     __end_of_EEPROM_Write 075B  
                  ?_main 0070                    _EEADR 010D                    _PORTD 0008  
                  _TRISB 0086                    _TRISD 0088                    main@i 0076  
                  status 0003                    wtemp0 007E         EEPROM_Write@Data 0070  
   __size_of_EEPROM_Read 0011          __initialization 07FC             __end_of_main 07FC  
                 ??_main 0073                   _ADCON1 009F                   _EEDATA 010C  
                 _EECON2 018D  __end_of__initialization 07FC    __size_of_EEPROM_Write 001B  
         __pcstackCOMMON 0070             _EEPROM_Write 0740               __pmaintext 075B  
                __ptext1 0740                  __ptext2 072F     end_of_initialization 07FC  
          ??_EEPROM_Read 0070      __end_of_EEPROM_Read 0740      start_initialization 07FC  
              ___latbits 0002              _EEPROM_Read 072F               _EECON1bits 018C  
          ?_EEPROM_Write 0070            __size_of_main 00A1               _INTCONbits 000B  
     EEPROM_Read@Address 0071           ??_EEPROM_Write 0071             ?_EEPROM_Read 0070  
    EEPROM_Write@Address 0071          EEPROM_Read@Data 0072              main@Address 0077  
