C51 COMPILER V9.60.0.0   BUTTON                                                            05/10/2022 08:24:41 PAGE 1   


C51 COMPILER V9.60.0.0, COMPILATION OF MODULE BUTTON
OBJECT MODULE PLACED IN .\Objects\button.obj
COMPILER INVOKED BY: C:\Keil_v5\C51\BIN\C51.EXE Lib\button.c OPTIMIZE(8,SPEED) BROWSE INCDIR(.\Main;.\Lib) DEBUG OBJECTE
                    -XTEND PRINT(.\Listings\button.lst) TABS(2) OBJECT(.\Objects\button.obj)

line level    source

   1          #include "button.h"
   2          
   3          extern unsigned int value;
   4          extern unsigned int num ;
   5          extern int mode_led_single;
   6          extern int mode_led_7seg;
   7          
   8          unsigned char pre_kb1,pre_kb2,pre_kb3; //present-hien tai
   9          
  10          int mode_button = 0;
  11          
  12          void set_case();
  13          
  14          void pressButton()
  15          {
  16   1        if(!kb1)
  17   1          pre_kb1=1;
  18   1        if(pre_kb1 && kb1)
  19   1        {
  20   2          pre_kb1 = 0;
  21   2          
  22   2          //do thing
  23   2          mode_button = 1;
  24   2          resetLedSingle();
  25   2          //end do thing
  26   2        }
  27   1        
  28   1        if(!kb2)
  29   1          pre_kb2=1;
  30   1        if(pre_kb2 && kb2)
  31   1        {
  32   2          pre_kb2 = 0;
  33   2          
  34   2          //do thing
  35   2          mode_button = 2;
  36   2          num=90;
  37   2          //end do thing
  38   2        }
  39   1        
  40   1        if(!kb3)
  41   1          pre_kb3=1;
  42   1        if(pre_kb3 && kb3)
  43   1        {
  44   2          pre_kb3 = 0;
  45   2          
  46   2          //do thing
  47   2          mode_button = 3;
  48   2          //end do thing
  49   2        }
  50   1        
  51   1        set_case();
  52   1      }
  53          
  54          void set_case()
C51 COMPILER V9.60.0.0   BUTTON                                                            05/10/2022 08:24:41 PAGE 2   

  55          {
  56   1        
  57   1        
  58   1        if(mode_button == 1)
  59   1        {
  60   2          TR0 = 1;//turn on timer 0
  61   2          mode_led_single = 1;
  62   2        }
  63   1        
  64   1        else if(mode_button == 2)
  65   1        {
  66   2          TR0 = 1;//turn on timer 0
  67   2          mode_led_7seg = 1;
  68   2        }
  69   1        
  70   1        else if(mode_button == 3)
  71   1        {
  72   2          TR0 = 0;//turn off timer0
  73   2          
  74   2          mode_led_single = 0;
  75   2          mode_led_7seg = 0;
  76   2          
  77   2          turnOff_7Seg();
  78   2          turnOffLedSingle();
  79   2          resetLedSingle();
  80   2        } 
  81   1        
  82   1      }
  83          


MODULE INFORMATION:   STATIC OVERLAYABLE
   CODE SIZE        =    134    ----
   CONSTANT SIZE    =   ----    ----
   XDATA SIZE       =   ----    ----
   PDATA SIZE       =   ----    ----
   DATA SIZE        =      5    ----
   IDATA SIZE       =   ----    ----
   BIT SIZE         =   ----    ----
END OF MODULE INFORMATION.


C51 COMPILATION COMPLETE.  0 WARNING(S),  0 ERROR(S)
