C51 COMPILER V9.60.0.0   LED7SEG                                                           05/10/2022 08:24:41 PAGE 1   


C51 COMPILER V9.60.0.0, COMPILATION OF MODULE LED7SEG
OBJECT MODULE PLACED IN .\Objects\led7Seg.obj
COMPILER INVOKED BY: C:\Keil_v5\C51\BIN\C51.EXE Lib\led7Seg.c OPTIMIZE(8,SPEED) BROWSE INCDIR(.\Main;.\Lib) DEBUG OBJECT
                    -EXTEND PRINT(.\Listings\led7Seg.lst) TABS(2) OBJECT(.\Objects\led7Seg.obj)

line level    source

   1          #include "led7Seg.h"
   2          
   3          //code led 7 seg
   4          unsigned char Number[] = {0xC0, 0xF9, 0xA4, 0xB0, 0x99, 0x92, 0x82, 0xF8, 0x80, 0x90, 0xFF};
   5          
   6          unsigned char tram, chuc, dvi;
   7          extern unsigned char digit;
   8          
   9          void calculator_number(unsigned int number)
  10          {
  11   1        tram = number/100;
  12   1        chuc = (number%100)/10;
  13   1        dvi = number%10;
  14   1      }
  15          
  16          void display_led7seg_using_timer()
  17          {
  18   1        Led_7Seg = Number[10];//turn off all led 7 seg
  19   1        
  20   1        switch(digit)
  21   1        {
  22   2          case 0:
  23   2            Control_Led1 = 0; Control_Led2 = 1; Control_Led3 = 1;
  24   2            Led_7Seg = Number[tram];
  25   2            break;
  26   2          case 1:
  27   2            Control_Led1 = 1; Control_Led2 = 0; Control_Led3 = 1;
  28   2            Led_7Seg = Number[chuc];
  29   2            break;
  30   2          case 2:
  31   2            Control_Led1 = 1; Control_Led2 = 1; Control_Led3 = 0;
  32   2            Led_7Seg = Number[dvi]; 
  33   2        }
  34   1      }
  35          
  36          void turnOff_7Seg()
  37          {
  38   1        Control_Led1 = 1; 
  39   1        Control_Led2 = 1; 
  40   1        Control_Led3 = 1;
  41   1        Led_7Seg = Number[10]; //turn off all led 7 seg
  42   1      }


MODULE INFORMATION:   STATIC OVERLAYABLE
   CODE SIZE        =    117    ----
   CONSTANT SIZE    =   ----    ----
   XDATA SIZE       =   ----    ----
   PDATA SIZE       =   ----    ----
   DATA SIZE        =     14    ----
   IDATA SIZE       =   ----    ----
   BIT SIZE         =   ----    ----
END OF MODULE INFORMATION.


C51 COMPILATION COMPLETE.  0 WARNING(S),  0 ERROR(S)
