C51 COMPILER V9.60.0.0   MAIN                                                              05/10/2022 08:24:41 PAGE 1   


C51 COMPILER V9.60.0.0, COMPILATION OF MODULE MAIN
OBJECT MODULE PLACED IN .\Objects\main.obj
COMPILER INVOKED BY: C:\Keil_v5\C51\BIN\C51.EXE Main\main.c OPTIMIZE(8,SPEED) BROWSE INCDIR(.\Main;.\Lib) DEBUG OBJECTEX
                    -TEND PRINT(.\Listings\main.lst) TABS(2) OBJECT(.\Objects\main.obj)

line level    source

   1          #include "main.h"
   2          #include "var.h"
   3          
   4          void main()
   5          {
   6   1        timer0_init();
   7   1        
   8   1        while(1)
   9   1        {
  10   2          pressButton();
  11   2        }
  12   1      }
  13          
  14          
  15          
  16          void do_thing_in_interrupt()
  17          {
  18   1          value++;
  19   1          if(value >= 10000) //10s
  20   1              value =0;
  21   1          
  22   1      
  23   1          if(mode_led_7seg == 1)
  24   1          {
  25   2            if(value % time_delay_7seg == 0)
  26   2            {
  27   3              num--;
  28   3              if(num<=80)
  29   3                num=80;//80
  30   3            } 
  31   2            
  32   2            count++;
  33   2            if(count == 5) //5ms
  34   2            {
  35   3              count=0;
  36   3              display_led7seg_using_timer();        
  37   3              digit++;
  38   3              if(digit==3)
  39   3                digit=0;
  40   3              count_s++;
  41   3              if(count_s == 25)
  42   3              {
  43   4                count_s = 0;
  44   4                calculator_number(num);
  45   4              }
  46   3            }
  47   2          }
  48   1          
  49   1          if(mode_led_single == 1)
  50   1          {
  51   2            don_1led_sang_phai();
  52   2          }
  53   1          else 
  54   1          {
C51 COMPILER V9.60.0.0   MAIN                                                              05/10/2022 08:24:41 PAGE 2   

  55   2            resetLedSingle();
  56   2          }
  57   1          
  58   1      }


MODULE INFORMATION:   STATIC OVERLAYABLE
   CODE SIZE        =    149    ----
   CONSTANT SIZE    =   ----    ----
   XDATA SIZE       =   ----    ----
   PDATA SIZE       =   ----    ----
   DATA SIZE        =     15    ----
   IDATA SIZE       =   ----    ----
   BIT SIZE         =   ----    ----
END OF MODULE INFORMATION.


C51 COMPILATION COMPLETE.  0 WARNING(S),  0 ERROR(S)
