C51 COMPILER V9.60.0.0   IC_BUFFER_CONTROLL_LED                                            05/06/2022 21:05:25 PAGE 1   


C51 COMPILER V9.60.0.0, COMPILATION OF MODULE IC_BUFFER_CONTROLL_LED
OBJECT MODULE PLACED IN .\Objects\ic_buffer_controll_led.obj
COMPILER INVOKED BY: C:\Keil_v5\C51\BIN\C51.EXE Objects\ic_buffer_controll_led.c OPTIMIZE(8,SPEED) BROWSE DEBUG OBJECTEX
                    -TEND PRINT(.\Listings\ic_buffer_controll_led.lst) TABS(2) OBJECT(.\Objects\ic_buffer_controll_led.obj)

line level    source

   1          #include <REGX52.H>
   2          
   3          void Delay_ms(unsigned int time)
   4          {
   5   1          unsigned int j;
   6   1          while (time--)
   7   1          {
   8   2              for (j = 0; j < 123; j++)
   9   2              {
  10   3              
  11   3              }
  12   2          }
  13   1      }
  14          
  15          int main()
  16          {
  17   1          unsigned char i;
  18   1          P0 = 0x00;
  19   1        
  20   1          while (1)
  21   1          {
  22   2              for (i = 0; i < 8; i++)
  23   2              {
  24   3                  P0 = (P0 << 1) + 0x01;
  25   3                  Delay_ms(500);
  26   3              }
  27   2      
  28   2              for (i = 0; i < 8; i++)
  29   2              {
  30   3                  P0 = (P0 << 1);
  31   3                  Delay_ms(500);
  32   3              }
  33   2      
  34   2              for (i = 0; i < 8; i++)
  35   2              {
  36   3                  P0 = (P0 >> 1) + 0x80;
  37   3                  Delay_ms(500);
  38   3              }
  39   2      
  40   2              for (i = 0; i < 8; i++)
  41   2              {
  42   3                  P0 = (P0 >> 1);
  43   3                  Delay_ms(500);
  44   3              }
  45   2          }
  46   1      }


MODULE INFORMATION:   STATIC OVERLAYABLE
   CODE SIZE        =    130    ----
   CONSTANT SIZE    =   ----    ----
   XDATA SIZE       =   ----    ----
   PDATA SIZE       =   ----    ----
   DATA SIZE        =   ----    ----
C51 COMPILER V9.60.0.0   IC_BUFFER_CONTROLL_LED                                            05/06/2022 21:05:25 PAGE 2   

   IDATA SIZE       =   ----    ----
   BIT SIZE         =   ----    ----
END OF MODULE INFORMATION.


C51 COMPILATION COMPLETE.  0 WARNING(S),  0 ERROR(S)
