

Microchip MPLAB XC8 Assembler V2.20 build 20200408173844 
                                                                                               Tue Dec 14 10:23:52 2021

Microchip MPLAB XC8 C Compiler v2.20 (Free license) build 20200408173844 Og1 
     1                           	processor	16F877A
     2                           	pagewidth 120
     3                           	opt	flic
     4                           	psect	strings,global,class=STRING,delta=2,noexec
     5                           	psect	cinit,global,class=CODE,merge=1,delta=2
     6                           	psect	bssCOMMON,global,class=COMMON,space=1,delta=1,noexec
     7                           	psect	cstackCOMMON,global,class=COMMON,space=1,delta=1,noexec
     8                           	psect	cstackBANK0,global,class=BANK0,space=1,delta=1,noexec
     9                           	psect	maintext,global,class=CODE,split=1,delta=2
    10                           	psect	text1,local,class=CODE,merge=1,delta=2
    11                           	psect	text2,local,class=CODE,merge=1,delta=2
    12                           	psect	text3,local,class=CODE,merge=1,delta=2
    13                           	psect	text4,local,class=CODE,merge=1,delta=2,group=1
    14                           	psect	text5,local,class=CODE,merge=1,delta=2
    15                           	psect	intentry,global,class=CODE,delta=2
    16                           	psect	text6,local,class=CODE,merge=1,delta=2
    17                           	psect	text7,local,class=CODE,merge=1,delta=2
    18                           	psect	config,global,abs,ovrld,class=CONFIG,space=4,delta=2,noexec
    19                           	dabs	1,0x7E,2
    20  0000                     
    21                           ; Version 2.20
    22                           ; Generated 12/02/2020 GMT
    23                           ; 
    24                           ; Copyright © 2020, Microchip Technology Inc. and its subsidiaries ("Microchip")
    25                           ; All rights reserved.
    26                           ; 
    27                           ; This software is developed by Microchip Technology Inc. and its subsidiaries ("Microch
      +                          ip").
    28                           ; 
    29                           ; Redistribution and use in source and binary forms, with or without modification, are
    30                           ; permitted provided that the following conditions are met:
    31                           ; 
    32                           ;     1. Redistributions of source code must retain the above copyright notice, this lis
      +                          t of
    33                           ;        conditions and the following disclaimer.
    34                           ; 
    35                           ;     2. Redistributions in binary form must reproduce the above copyright notice, this 
      +                          list
    36                           ;        of conditions and the following disclaimer in the documentation and/or other
    37                           ;        materials provided with the distribution.
    38                           ; 
    39                           ;     3. Microchip's name may not be used to endorse or promote products derived from th
      +                          is
    40                           ;        software without specific prior written permission.
    41                           ; 
    42                           ; THIS SOFTWARE IS PROVIDED BY MICROCHIP "AS IS" AND ANY EXPRESS OR IMPLIED WARRANTIES,
    43                           ; INCLUDING, BUT NOT LIMITED TO, THE IMPLIED WARRANTIES OF MERCHANTABILITY AND FITNESS F
      +                          OR
    44                           ; PURPOSE ARE DISCLAIMED.  IN NO EVENT SHALL MICROCHIP BE LIABLE FOR ANY DIRECT, INDIREC
      +                          T,
    45                           ; INCIDENTAL, SPECIAL, EXEMPLARY, OR CONSEQUENTIAL DAMAGES (INCLUDING BUT NOT LIMITED TO
    46                           ; PROCUREMENT OF SUBSTITUTE GOODS OR SERVICES; LOSS OF USE, DATA OR PROFITS; OR BUSINESS
    47                           ; INTERRUPTION) HOWSOEVER CAUSED AND ON ANY THEORY OF LIABILITY, WHETHER IN CONTRACT, ST
      +                          RICT
    48                           ; LIABILITY, OR TORT (INCLUDING NEGLIGENCE OR OTHERWISE) ARISING IN ANY WAY OUT OF THE U
      +                          SE OF
    49                           ; THIS SOFTWARE, EVEN IF ADVISED OF THE POSSIBILITY OF SUCH DAMAGE.
    50                           ; 
    51                           ; 
    52                           ; Code-generator required, PIC16F877A Definitions
    53                           ; 
    54                           ; SFR Addresses
    55  0000                     	;# 
    56  0001                     	;# 
    57  0002                     	;# 
    58  0003                     	;# 
    59  0004                     	;# 
    60  0005                     	;# 
    61  0006                     	;# 
    62  0007                     	;# 
    63  0008                     	;# 
    64  0009                     	;# 
    65  000A                     	;# 
    66  000B                     	;# 
    67  000C                     	;# 
    68  000D                     	;# 
    69  000E                     	;# 
    70  000E                     	;# 
    71  000F                     	;# 
    72  0010                     	;# 
    73  0011                     	;# 
    74  0012                     	;# 
    75  0013                     	;# 
    76  0014                     	;# 
    77  0015                     	;# 
    78  0015                     	;# 
    79  0016                     	;# 
    80  0017                     	;# 
    81  0018                     	;# 
    82  0019                     	;# 
    83  001A                     	;# 
    84  001B                     	;# 
    85  001B                     	;# 
    86  001C                     	;# 
    87  001D                     	;# 
    88  001E                     	;# 
    89  001F                     	;# 
    90  0081                     	;# 
    91  0085                     	;# 
    92  0086                     	;# 
    93  0087                     	;# 
    94  0088                     	;# 
    95  0089                     	;# 
    96  008C                     	;# 
    97  008D                     	;# 
    98  008E                     	;# 
    99  0091                     	;# 
   100  0092                     	;# 
   101  0093                     	;# 
   102  0094                     	;# 
   103  0098                     	;# 
   104  0099                     	;# 
   105  009C                     	;# 
   106  009D                     	;# 
   107  009E                     	;# 
   108  009F                     	;# 
   109  010C                     	;# 
   110  010D                     	;# 
   111  010E                     	;# 
   112  010F                     	;# 
   113  018C                     	;# 
   114  018D                     	;# 
   115  0000                     	;# 
   116  0001                     	;# 
   117  0002                     	;# 
   118  0003                     	;# 
   119  0004                     	;# 
   120  0005                     	;# 
   121  0006                     	;# 
   122  0007                     	;# 
   123  0008                     	;# 
   124  0009                     	;# 
   125  000A                     	;# 
   126  000B                     	;# 
   127  000C                     	;# 
   128  000D                     	;# 
   129  000E                     	;# 
   130  000E                     	;# 
   131  000F                     	;# 
   132  0010                     	;# 
   133  0011                     	;# 
   134  0012                     	;# 
   135  0013                     	;# 
   136  0014                     	;# 
   137  0015                     	;# 
   138  0015                     	;# 
   139  0016                     	;# 
   140  0017                     	;# 
   141  0018                     	;# 
   142  0019                     	;# 
   143  001A                     	;# 
   144  001B                     	;# 
   145  001B                     	;# 
   146  001C                     	;# 
   147  001D                     	;# 
   148  001E                     	;# 
   149  001F                     	;# 
   150  0081                     	;# 
   151  0085                     	;# 
   152  0086                     	;# 
   153  0087                     	;# 
   154  0088                     	;# 
   155  0089                     	;# 
   156  008C                     	;# 
   157  008D                     	;# 
   158  008E                     	;# 
   159  0091                     	;# 
   160  0092                     	;# 
   161  0093                     	;# 
   162  0094                     	;# 
   163  0098                     	;# 
   164  0099                     	;# 
   165  009C                     	;# 
   166  009D                     	;# 
   167  009E                     	;# 
   168  009F                     	;# 
   169  010C                     	;# 
   170  010D                     	;# 
   171  010E                     	;# 
   172  010F                     	;# 
   173  018C                     	;# 
   174  018D                     	;# 
   175  000E                     _TMR1	set	14
   176  0019                     _TXREG	set	25
   177  0006                     _PORTBbits	set	6
   178  0009                     _PORTEbits	set	9
   179  0010                     _T1CONbits	set	16
   180  0001                     _TMR0	set	1
   181  00C7                     _SPEN	set	199
   182  0060                     _TMR1IF	set	96
   183  005A                     _TMR0IF	set	90
   184  005D                     _TMR0IE	set	93
   185  005E                     _PEIE	set	94
   186  005F                     _GIE	set	95
   187  0099                     _SPBRG	set	153
   188  0086                     _TRISBbits	set	134
   189  0089                     _TRISEbits	set	137
   190  009F                     _ADCON1	set	159
   191  04C1                     _TRMT	set	1217
   192  04C5                     _TXEN	set	1221
   193  043F                     _TRISC7	set	1087
   194  043E                     _TRISC6	set	1086
   195  04C4                     _SYNC	set	1220
   196  04C2                     _BRGH	set	1218
   197  0460                     _TMR1IE	set	1120
   198  040D                     _T0CS	set	1037
   199  040C                     _T0SE	set	1036
   200  040B                     _PSA	set	1035
   201  0408                     _PS0	set	1032
   202  0409                     _PS1	set	1033
   203  040A                     _PS2	set	1034
   204                           
   205                           	psect	strings
   206  0223                     __pstrings:
   207  0223                     stringtab:
   208  0223                     __stringtab:
   209  0223                     stringcode:	
   210                           ;	String table - string pointers are 1 byte each
   211                           
   212  0223                     stringdir:
   213  0223  3002               	movlw	high stringdir
   214  0224  008A               	movwf	10
   215  0225  0804               	movf	4,w
   216  0226  0A84               	incf	4,f
   217  0227  0782               	addwf	2,f
   218  0228                     __stringbase:
   219  0228  3400               	retlw	0
   220  0229                     __end_of__stringtab:
   221  0229                     STR_1:
   222  0229  3452               	retlw	82	;'R'
   223  022A  3465               	retlw	101	;'e'
   224  022B  3461               	retlw	97	;'a'
   225  022C  3464               	retlw	100	;'d'
   226  022D  3469               	retlw	105	;'i'
   227  022E  346E               	retlw	110	;'n'
   228  022F  3467               	retlw	103	;'g'
   229  0230  340D               	retlw	13
   230  0231  3400               	retlw	0
   231                           
   232                           	psect	cinit
   233  0015                     start_initialization:	
   234                           ; #config settings
   235                           
   236  0015                     __initialization:
   237                           
   238                           ; Clear objects allocated to COMMON
   239  0015  01F8               	clrf	__pbssCOMMON& (0+127)
   240  0016  01F9               	clrf	(__pbssCOMMON+1)& (0+127)
   241  0017                     end_of_initialization:	
   242                           ;End of C runtime variable initialization code
   243                           
   244  0017                     __end_of__initialization:
   245  0017  0183               	clrf	3
   246  0018  120A  118A  29AB   	ljmp	_main	;jump to C main() function
   247                           
   248                           	psect	bssCOMMON
   249  0078                     __pbssCOMMON:
   250  0078                     _i:
   251  0078                     	ds	2
   252                           
   253                           	psect	cstackCOMMON
   254  0070                     __pcstackCOMMON:
   255  0070                     ?_UART_Write_String:
   256  0070                     ?_tao_xung_T_3ms:	
   257                           ; 1 bytes @ 0x0
   258                           
   259  0070                     ?_time1:	
   260                           ; 1 bytes @ 0x0
   261                           
   262  0070                     ?_ISR:	
   263                           ; 1 bytes @ 0x0
   264                           
   265  0070                     ?_main:	
   266                           ; 1 bytes @ 0x0
   267                           
   268  0070                     ?_UART_Write_Char:	
   269                           ; 1 bytes @ 0x0
   270                           
   271  0070                     ??_UART_Write_Char:	
   272                           ; 1 bytes @ 0x0
   273                           
   274  0070                     UART_Write_Char@data:	
   275                           ; 1 bytes @ 0x0
   276                           
   277                           
   278                           ; 1 bytes @ 0x0
   279  0070                     	ds	1
   280  0071                     ??_UART_Write_String:
   281  0071                     UART_Write_String@i:	
   282                           ; 1 bytes @ 0x1
   283                           
   284                           
   285                           ; 2 bytes @ 0x1
   286  0071                     	ds	2
   287  0073                     UART_Write_String@text:
   288                           
   289                           ; 1 bytes @ 0x3
   290  0073                     	ds	1
   291  0074                     ??_ISR:
   292                           
   293                           ; 1 bytes @ 0x4
   294  0074                     	ds	4
   295                           
   296                           	psect	cstackBANK0
   297  0020                     __pcstackBANK0:
   298  0020                     ??_tao_xung_T_3ms:
   299  0020                     ??_time1:	
   300                           ; 1 bytes @ 0x0
   301                           
   302  0020                     ?___lldiv:	
   303                           ; 1 bytes @ 0x0
   304                           
   305  0020                     ___lldiv@divisor:	
   306                           ; 4 bytes @ 0x0
   307                           
   308                           
   309                           ; 4 bytes @ 0x0
   310  0020                     	ds	4
   311  0024                     ___lldiv@dividend:
   312                           
   313                           ; 4 bytes @ 0x4
   314  0024                     	ds	4
   315  0028                     ??___lldiv:
   316                           
   317                           ; 1 bytes @ 0x8
   318  0028                     	ds	1
   319  0029                     ___lldiv@quotient:
   320                           
   321                           ; 4 bytes @ 0x9
   322  0029                     	ds	4
   323  002D                     ___lldiv@counter:
   324                           
   325                           ; 1 bytes @ 0xD
   326  002D                     	ds	1
   327  002E                     ?_UART_TX_Init:
   328  002E                     UART_TX_Init@uart_baudRate:	
   329                           ; 1 bytes @ 0xE
   330                           
   331                           
   332                           ; 4 bytes @ 0xE
   333  002E                     	ds	4
   334  0032                     ??_UART_TX_Init:
   335                           
   336                           ; 1 bytes @ 0x12
   337  0032                     	ds	12
   338  003E                     UART_TX_Init@x:
   339                           
   340                           ; 2 bytes @ 0x1E
   341  003E                     	ds	2
   342  0040                     ??_main:
   343                           
   344                           ; 1 bytes @ 0x20
   345  0040                     	ds	2
   346                           
   347                           	psect	maintext
   348  01AB                     __pmaintext:	
   349 ;;
   350 ;;Main: autosize = 0, tempsize = 2, incstack = 0, save=0
   351 ;;
   352 ;; *************** function _main *****************
   353 ;; Defined at:
   354 ;;		line 92 in file "main_tao_xung.c"
   355 ;; Parameters:    Size  Location     Type
   356 ;;		None
   357 ;; Auto vars:     Size  Location     Type
   358 ;;		None
   359 ;; Return value:  Size  Location     Type
   360 ;;                  1    wreg      void 
   361 ;; Registers used:
   362 ;;		wreg, status,2, status,0, btemp+1, pclath, cstack
   363 ;; Tracked objects:
   364 ;;		On entry : B00/0
   365 ;;		On exit  : 0/0
   366 ;;		Unchanged: 0/0
   367 ;; Data sizes:     COMMON   BANK0   BANK1   BANK3   BANK2
   368 ;;      Params:         0       0       0       0       0
   369 ;;      Locals:         0       0       0       0       0
   370 ;;      Temps:          0       2       0       0       0
   371 ;;      Totals:         0       2       0       0       0
   372 ;;Total ram usage:        2 bytes
   373 ;; Hardware stack levels required when called:    5
   374 ;; This function calls:
   375 ;;		_UART_TX_Init
   376 ;;		_tao_xung_T_3ms
   377 ;;		_time1
   378 ;; This function is called by:
   379 ;;		Startup code after reset
   380 ;; This function uses a non-reentrant model
   381 ;;
   382                           
   383                           
   384                           ;psect for function _main
   385  01AB                     _main:
   386  01AB                     l899:	
   387                           ;incstack = 0
   388                           ; Regs used in _main: [wreg+status,2+status,0+btemp+1+pclath+cstack]
   389                           
   390                           
   391                           ;main_tao_xung.c: 94:             TMR0IE=1; ;
   392  01AB  3007               	movlw	7
   393  01AC  1683               	bsf	3,5	;RP0=1, select bank1
   394  01AD  1303               	bcf	3,6	;RP1=0, select bank1
   395  01AE  009F               	movwf	31	;volatile
   396  01AF                     l901:
   397                           
   398                           ;main_tao_xung.c: 96:             TMR0IE=0;
   399  01AF  1009               	bcf	9,0	;volatile
   400  01B0                     l903:
   401                           
   402                           ;main_tao_xung.c: 97:             PORTEbits.RE0 =0;
   403  01B0  1283               	bcf	3,5	;RP0=0, select bank0
   404  01B1  1303               	bcf	3,6	;RP1=0, select bank0
   405  01B2  1009               	bcf	9,0	;volatile
   406  01B3                     l905:
   407                           
   408                           ;main_tao_xung.c: 99: 
   409  01B3  1683               	bsf	3,5	;RP0=1, select bank1
   410  01B4  1303               	bcf	3,6	;RP1=0, select bank1
   411  01B5  1406               	bsf	6,0	;volatile
   412  01B6                     l907:
   413                           
   414                           ;main_tao_xung.c: 101:     return;
   415  01B6  120A  118A  2232  120A  118A  	fcall	_tao_xung_T_3ms
   416                           
   417                           ;main_tao_xung.c: 103: 
   418  01BB  120A  118A  2212  120A  118A  	fcall	_time1
   419  01C0                     l909:
   420                           
   421                           ;main_tao_xung.c: 105: {
   422  01C0  3000               	movlw	0
   423  01C1  1283               	bcf	3,5	;RP0=0, select bank0
   424  01C2  1303               	bcf	3,6	;RP1=0, select bank0
   425  01C3  00B1               	movwf	UART_TX_Init@uart_baudRate+3
   426  01C4  3000               	movlw	0
   427  01C5  00B0               	movwf	UART_TX_Init@uart_baudRate+2
   428  01C6  304B               	movlw	75
   429  01C7  00AF               	movwf	UART_TX_Init@uart_baudRate+1
   430  01C8  3000               	movlw	0
   431  01C9  00AE               	movwf	UART_TX_Init@uart_baudRate
   432  01CA  120A  118A  201B  120A  118A  	fcall	_UART_TX_Init
   433  01CF                     l911:
   434                           
   435                           ;main_tao_xung.c: 108:   if(x>255);main_tao_xung.c: 110:     x = (20000000 - uart_baudRa
      +                          te*16)/(uart_baudRate*16);
   436  01CF  1283               	bcf	3,5	;RP0=0, select bank0
   437  01D0  1303               	bcf	3,6	;RP1=0, select bank0
   438  01D1  1806               	btfsc	6,0	;volatile
   439  01D2  29D4               	goto	u501
   440  01D3  29D5               	goto	u500
   441  01D4                     u501:
   442  01D4  29CF               	goto	l911
   443  01D5                     u500:
   444  01D5                     l87:
   445  01D5  1C06               	btfss	6,0	;volatile
   446  01D6  29D8               	goto	u511
   447  01D7  29D9               	goto	u510
   448  01D8                     u511:
   449  01D8  29D5               	goto	l87
   450  01D9                     u510:
   451  01D9                     l89:
   452                           
   453                           ;main_tao_xung.c: 113:   if (x<=255)
   454  01D9  168B               	bsf	11,5	;volatile
   455  01DA                     l915:
   456                           
   457                           ;main_tao_xung.c: 114:   {
   458  01DA  3007               	movlw	7
   459  01DB  1283               	bcf	3,5	;RP0=0, select bank0
   460  01DC  1303               	bcf	3,6	;RP1=0, select bank0
   461  01DD  00C1               	movwf	??_main+1
   462  01DE  307C               	movlw	124
   463  01DF  00C0               	movwf	??_main
   464  01E0                     u527:
   465  01E0  0BC0               	decfsz	??_main,f
   466  01E1  29E0               	goto	u527
   467  01E2  0BC1               	decfsz	??_main+1,f
   468  01E3  29E0               	goto	u527
   469  01E4  0000               	nop
   470  01E5                     l917:
   471                           
   472                           ;main_tao_xung.c: 115:     SPBRG = x;
   473  01E5  128B               	bcf	11,5	;volatile
   474  01E6                     l919:
   475                           
   476                           ;main_tao_xung.c: 116:   }
   477  01E6  1283               	bcf	3,5	;RP0=0, select bank0
   478  01E7  1303               	bcf	3,6	;RP1=0, select bank0
   479  01E8  1009               	bcf	9,0	;volatile
   480  01E9  29CF               	goto	l911
   481  01EA  120A  118A  2812   	ljmp	start
   482  01ED                     __end_of_main:
   483                           
   484                           	psect	text1
   485  0212                     __ptext1:	
   486 ;; *************** function _time1 *****************
   487 ;; Defined at:
   488 ;;		line 52 in file "main_tao_xung.c"
   489 ;; Parameters:    Size  Location     Type
   490 ;;		None
   491 ;; Auto vars:     Size  Location     Type
   492 ;;		None
   493 ;; Return value:  Size  Location     Type
   494 ;;                  1    wreg      void 
   495 ;; Registers used:
   496 ;;		None
   497 ;; Tracked objects:
   498 ;;		On entry : 0/0
   499 ;;		On exit  : 0/0
   500 ;;		Unchanged: 0/0
   501 ;; Data sizes:     COMMON   BANK0   BANK1   BANK3   BANK2
   502 ;;      Params:         0       0       0       0       0
   503 ;;      Locals:         0       0       0       0       0
   504 ;;      Temps:          0       0       0       0       0
   505 ;;      Totals:         0       0       0       0       0
   506 ;;Total ram usage:        0 bytes
   507 ;; Hardware stack levels used:    1
   508 ;; Hardware stack levels required when called:    3
   509 ;; This function calls:
   510 ;;		Nothing
   511 ;; This function is called by:
   512 ;;		_main
   513 ;; This function uses a non-reentrant model
   514 ;;
   515                           
   516                           
   517                           ;psect for function _time1
   518  0212                     _time1:
   519  0212                     l843:	
   520                           ;incstack = 0
   521                           ; Regs used in _time1: []
   522                           
   523                           
   524                           ;main_tao_xung.c: 54:         TMR0 = 22;
   525  0212  303C               	movlw	60
   526  0213  1283               	bcf	3,5	;RP0=0, select bank0
   527  0214  1303               	bcf	3,6	;RP1=0, select bank0
   528  0215  008F               	movwf	15	;volatile
   529  0216  30AF               	movlw	175
   530  0217  008E               	movwf	14	;volatile
   531                           
   532                           ;main_tao_xung.c: 55: 
   533  0218  1210               	bcf	16,4	;volatile
   534  0219  1290               	bcf	16,5	;volatile
   535                           
   536                           ;main_tao_xung.c: 58: 
   537  021A  1090               	bcf	16,1	;volatile
   538                           
   539                           ;main_tao_xung.c: 60:     {
   540  021B  1510               	bsf	16,2	;volatile
   541                           
   542                           ;main_tao_xung.c: 61:         TMR1=15535;
   543  021C  1410               	bsf	16,0	;volatile
   544                           
   545                           ;main_tao_xung.c: 63:         if(i>=200)
   546  021D  1683               	bsf	3,5	;RP0=1, select bank1
   547  021E  1303               	bcf	3,6	;RP1=0, select bank1
   548  021F  140C               	bsf	12,0	;volatile
   549                           
   550                           ;main_tao_xung.c: 64:         {
   551  0220  170B               	bsf	11,6	;volatile
   552                           
   553                           ;main_tao_xung.c: 65:             i=0;
   554  0221  178B               	bsf	11,7	;volatile
   555  0222                     l72:
   556  0222  0008               	return
   557  0223                     __end_of_time1:
   558                           
   559                           	psect	text2
   560  0232                     __ptext2:	
   561 ;; *************** function _tao_xung_T_3ms *****************
   562 ;; Defined at:
   563 ;;		line 38 in file "main_tao_xung.c"
   564 ;; Parameters:    Size  Location     Type
   565 ;;		None
   566 ;; Auto vars:     Size  Location     Type
   567 ;;		None
   568 ;; Return value:  Size  Location     Type
   569 ;;                  1    wreg      void 
   570 ;; Registers used:
   571 ;;		wreg
   572 ;; Tracked objects:
   573 ;;		On entry : 0/0
   574 ;;		On exit  : 0/0
   575 ;;		Unchanged: 0/0
   576 ;; Data sizes:     COMMON   BANK0   BANK1   BANK3   BANK2
   577 ;;      Params:         0       0       0       0       0
   578 ;;      Locals:         0       0       0       0       0
   579 ;;      Temps:          0       0       0       0       0
   580 ;;      Totals:         0       0       0       0       0
   581 ;;Total ram usage:        0 bytes
   582 ;; Hardware stack levels used:    1
   583 ;; Hardware stack levels required when called:    3
   584 ;; This function calls:
   585 ;;		Nothing
   586 ;; This function is called by:
   587 ;;		_main
   588 ;; This function uses a non-reentrant model
   589 ;;
   590                           
   591                           
   592                           ;psect for function _tao_xung_T_3ms
   593  0232                     _tao_xung_T_3ms:
   594  0232                     l839:	
   595                           ;incstack = 0
   596                           ; Regs used in _tao_xung_T_3ms: [wreg]
   597                           
   598                           
   599                           ;main_tao_xung.c: 40: 
   600  0232  1683               	bsf	3,5	;RP0=1, select bank1
   601  0233  1303               	bcf	3,6	;RP1=0, select bank1
   602  0234  1501               	bsf	1,2	;volatile
   603  0235  1081               	bcf	1,1	;volatile
   604  0236  1001               	bcf	1,0	;volatile
   605                           
   606                           ;main_tao_xung.c: 42:     T1CONbits.TMR1ON = 1;
   607  0237  1181               	bcf	1,3	;volatile
   608                           
   609                           ;main_tao_xung.c: 43: 
   610  0238  1201               	bcf	1,4	;volatile
   611                           
   612                           ;main_tao_xung.c: 44:     TMR1IE=1;
   613  0239  1281               	bcf	1,5	;volatile
   614                           
   615                           ;main_tao_xung.c: 46:     GIE=1;
   616  023A  178B               	bsf	11,7	;volatile
   617  023B                     l841:
   618                           
   619                           ;main_tao_xung.c: 48: 
   620  023B  3016               	movlw	22
   621  023C  1283               	bcf	3,5	;RP0=0, select bank0
   622  023D  1303               	bcf	3,6	;RP1=0, select bank0
   623  023E  0081               	movwf	1	;volatile
   624  023F                     l69:
   625  023F  0008               	return
   626  0240                     __end_of_tao_xung_T_3ms:
   627                           
   628                           	psect	text3
   629  001B                     __ptext3:	
   630 ;; *************** function _UART_TX_Init *****************
   631 ;; Defined at:
   632 ;;		line 123 in file "main_tao_xung.c"
   633 ;; Parameters:    Size  Location     Type
   634 ;;  uart_baudRat    4   14[BANK0 ] unsigned long 
   635 ;; Auto vars:     Size  Location     Type
   636 ;;  x               2   30[BANK0 ] unsigned int 
   637 ;; Return value:  Size  Location     Type
   638 ;;                  1    wreg      void 
   639 ;; Registers used:
   640 ;;		wreg, status,2, status,0, btemp+1, pclath, cstack
   641 ;; Tracked objects:
   642 ;;		On entry : 0/0
   643 ;;		On exit  : 0/0
   644 ;;		Unchanged: 0/0
   645 ;; Data sizes:     COMMON   BANK0   BANK1   BANK3   BANK2
   646 ;;      Params:         0       4       0       0       0
   647 ;;      Locals:         0       2       0       0       0
   648 ;;      Temps:          0      12       0       0       0
   649 ;;      Totals:         0      18       0       0       0
   650 ;;Total ram usage:       18 bytes
   651 ;; Hardware stack levels used:    1
   652 ;; Hardware stack levels required when called:    4
   653 ;; This function calls:
   654 ;;		___lldiv
   655 ;; This function is called by:
   656 ;;		_main
   657 ;; This function uses a non-reentrant model
   658 ;;
   659                           
   660                           
   661                           ;psect for function _UART_TX_Init
   662  001B                     _UART_TX_Init:
   663  001B                     l853:	
   664                           ;incstack = 0
   665                           ; Regs used in _UART_TX_Init: [wreg+status,2+status,0+btemp+1+pclath+cstack]
   666                           
   667                           
   668                           ;main_tao_xung.c: 123:   TXEN = 1;;main_tao_xung.c: 124: };main_tao_xung.c: 125: ;main_t
      +                          ao_xung.c: 126: void UART_Write_Char(char data)
   669  001B  1283               	bcf	3,5	;RP0=0, select bank0
   670  001C  1303               	bcf	3,6	;RP1=0, select bank0
   671  001D  082E               	movf	UART_TX_Init@uart_baudRate,w
   672  001E  00B2               	movwf	??_UART_TX_Init
   673  001F  082F               	movf	UART_TX_Init@uart_baudRate+1,w
   674  0020  00B3               	movwf	??_UART_TX_Init+1
   675  0021  0830               	movf	UART_TX_Init@uart_baudRate+2,w
   676  0022  00B4               	movwf	??_UART_TX_Init+2
   677  0023  0831               	movf	UART_TX_Init@uart_baudRate+3,w
   678  0024  00B5               	movwf	??_UART_TX_Init+3
   679  0025  3006               	movlw	6
   680  0026                     u355:
   681  0026  1003               	clrc
   682  0027  0DB2               	rlf	??_UART_TX_Init,f
   683  0028  0DB3               	rlf	??_UART_TX_Init+1,f
   684  0029  0DB4               	rlf	??_UART_TX_Init+2,f
   685  002A  0DB5               	rlf	??_UART_TX_Init+3,f
   686  002B                     u350:
   687  002B  3EFF               	addlw	-1
   688  002C  1D03               	skipz
   689  002D  2826               	goto	u355
   690  002E  0835               	movf	??_UART_TX_Init+3,w
   691  002F  00A3               	movwf	___lldiv@divisor+3
   692  0030  0834               	movf	??_UART_TX_Init+2,w
   693  0031  00A2               	movwf	___lldiv@divisor+2
   694  0032  0833               	movf	??_UART_TX_Init+1,w
   695  0033  00A1               	movwf	___lldiv@divisor+1
   696  0034  0832               	movf	??_UART_TX_Init,w
   697  0035  00A0               	movwf	___lldiv@divisor
   698  0036  082E               	movf	UART_TX_Init@uart_baudRate,w
   699  0037  00B6               	movwf	??_UART_TX_Init+4
   700  0038  082F               	movf	UART_TX_Init@uart_baudRate+1,w
   701  0039  00B7               	movwf	??_UART_TX_Init+5
   702  003A  0830               	movf	UART_TX_Init@uart_baudRate+2,w
   703  003B  00B8               	movwf	??_UART_TX_Init+6
   704  003C  0831               	movf	UART_TX_Init@uart_baudRate+3,w
   705  003D  00B9               	movwf	??_UART_TX_Init+7
   706  003E  3006               	movlw	6
   707  003F                     u365:
   708  003F  1003               	clrc
   709  0040  0DB6               	rlf	??_UART_TX_Init+4,f
   710  0041  0DB7               	rlf	??_UART_TX_Init+5,f
   711  0042  0DB8               	rlf	??_UART_TX_Init+6,f
   712  0043  0DB9               	rlf	??_UART_TX_Init+7,f
   713  0044                     u360:
   714  0044  3EFF               	addlw	-1
   715  0045  1D03               	skipz
   716  0046  283F               	goto	u365
   717  0047  3000               	movlw	0
   718  0048  00BA               	movwf	??_UART_TX_Init+8
   719  0049  302D               	movlw	45
   720  004A  00BB               	movwf	??_UART_TX_Init+9
   721  004B  3031               	movlw	49
   722  004C  00BC               	movwf	??_UART_TX_Init+10
   723  004D  3001               	movlw	1
   724  004E  00BD               	movwf	??_UART_TX_Init+11
   725  004F  0836               	movf	??_UART_TX_Init+4,w
   726  0050  02BA               	subwf	??_UART_TX_Init+8,f
   727  0051  0837               	movf	??_UART_TX_Init+5,w
   728  0052  1C03               	skipc
   729  0053  0F37               	incfsz	??_UART_TX_Init+5,w
   730  0054  2856               	goto	u371
   731  0055  2857               	goto	u372
   732  0056                     u371:
   733  0056  02BB               	subwf	??_UART_TX_Init+9,f
   734  0057                     u372:
   735  0057  0838               	movf	??_UART_TX_Init+6,w
   736  0058  1C03               	skipc
   737  0059  0F38               	incfsz	??_UART_TX_Init+6,w
   738  005A  285C               	goto	u373
   739  005B  285D               	goto	u374
   740  005C                     u373:
   741  005C  02BC               	subwf	??_UART_TX_Init+10,f
   742  005D                     u374:
   743  005D  0839               	movf	??_UART_TX_Init+7,w
   744  005E  1C03               	skipc
   745  005F  0F39               	incfsz	??_UART_TX_Init+7,w
   746  0060  2862               	goto	u375
   747  0061  2863               	goto	u376
   748  0062                     u375:
   749  0062  02BD               	subwf	??_UART_TX_Init+11,f
   750  0063                     u376:
   751  0063  083D               	movf	??_UART_TX_Init+11,w
   752  0064  00A7               	movwf	___lldiv@dividend+3
   753  0065  083C               	movf	??_UART_TX_Init+10,w
   754  0066  00A6               	movwf	___lldiv@dividend+2
   755  0067  083B               	movf	??_UART_TX_Init+9,w
   756  0068  00A5               	movwf	___lldiv@dividend+1
   757  0069  083A               	movf	??_UART_TX_Init+8,w
   758  006A  00A4               	movwf	___lldiv@dividend
   759  006B  120A  118A  20F5  120A  118A  	fcall	___lldiv
   760  0070  1283               	bcf	3,5	;RP0=0, select bank0
   761  0071  1303               	bcf	3,6	;RP1=0, select bank0
   762  0072  0821               	movf	?___lldiv+1,w
   763  0073  00BF               	movwf	UART_TX_Init@x+1
   764  0074  0820               	movf	?___lldiv,w
   765  0075  00BE               	movwf	UART_TX_Init@x
   766  0076                     l855:
   767                           
   768                           ;main_tao_xung.c: 127: {
   769  0076  3001               	movlw	1
   770  0077  023F               	subwf	UART_TX_Init@x+1,w
   771  0078  3000               	movlw	0
   772  0079  1903               	skipnz
   773  007A  023E               	subwf	UART_TX_Init@x,w
   774  007B  1C03               	skipc
   775  007C  287E               	goto	u381
   776  007D  287F               	goto	u380
   777  007E                     u381:
   778  007E  28DB               	goto	l861
   779  007F                     u380:
   780  007F                     l857:
   781                           
   782                           ;main_tao_xung.c: 128:   while(!TRMT);;main_tao_xung.c: 129:   TXREG = data;
   783  007F  082E               	movf	UART_TX_Init@uart_baudRate,w
   784  0080  00B2               	movwf	??_UART_TX_Init
   785  0081  082F               	movf	UART_TX_Init@uart_baudRate+1,w
   786  0082  00B3               	movwf	??_UART_TX_Init+1
   787  0083  0830               	movf	UART_TX_Init@uart_baudRate+2,w
   788  0084  00B4               	movwf	??_UART_TX_Init+2
   789  0085  0831               	movf	UART_TX_Init@uart_baudRate+3,w
   790  0086  00B5               	movwf	??_UART_TX_Init+3
   791  0087  3004               	movlw	4
   792  0088                     u395:
   793  0088  1003               	clrc
   794  0089  0DB2               	rlf	??_UART_TX_Init,f
   795  008A  0DB3               	rlf	??_UART_TX_Init+1,f
   796  008B  0DB4               	rlf	??_UART_TX_Init+2,f
   797  008C  0DB5               	rlf	??_UART_TX_Init+3,f
   798  008D                     u390:
   799  008D  3EFF               	addlw	-1
   800  008E  1D03               	skipz
   801  008F  2888               	goto	u395
   802  0090  0835               	movf	??_UART_TX_Init+3,w
   803  0091  00A3               	movwf	___lldiv@divisor+3
   804  0092  0834               	movf	??_UART_TX_Init+2,w
   805  0093  00A2               	movwf	___lldiv@divisor+2
   806  0094  0833               	movf	??_UART_TX_Init+1,w
   807  0095  00A1               	movwf	___lldiv@divisor+1
   808  0096  0832               	movf	??_UART_TX_Init,w
   809  0097  00A0               	movwf	___lldiv@divisor
   810  0098  082E               	movf	UART_TX_Init@uart_baudRate,w
   811  0099  00B6               	movwf	??_UART_TX_Init+4
   812  009A  082F               	movf	UART_TX_Init@uart_baudRate+1,w
   813  009B  00B7               	movwf	??_UART_TX_Init+5
   814  009C  0830               	movf	UART_TX_Init@uart_baudRate+2,w
   815  009D  00B8               	movwf	??_UART_TX_Init+6
   816  009E  0831               	movf	UART_TX_Init@uart_baudRate+3,w
   817  009F  00B9               	movwf	??_UART_TX_Init+7
   818  00A0  3004               	movlw	4
   819  00A1                     u405:
   820  00A1  1003               	clrc
   821  00A2  0DB6               	rlf	??_UART_TX_Init+4,f
   822  00A3  0DB7               	rlf	??_UART_TX_Init+5,f
   823  00A4  0DB8               	rlf	??_UART_TX_Init+6,f
   824  00A5  0DB9               	rlf	??_UART_TX_Init+7,f
   825  00A6                     u400:
   826  00A6  3EFF               	addlw	-1
   827  00A7  1D03               	skipz
   828  00A8  28A1               	goto	u405
   829  00A9  3000               	movlw	0
   830  00AA  00BA               	movwf	??_UART_TX_Init+8
   831  00AB  302D               	movlw	45
   832  00AC  00BB               	movwf	??_UART_TX_Init+9
   833  00AD  3031               	movlw	49
   834  00AE  00BC               	movwf	??_UART_TX_Init+10
   835  00AF  3001               	movlw	1
   836  00B0  00BD               	movwf	??_UART_TX_Init+11
   837  00B1  0836               	movf	??_UART_TX_Init+4,w
   838  00B2  02BA               	subwf	??_UART_TX_Init+8,f
   839  00B3  0837               	movf	??_UART_TX_Init+5,w
   840  00B4  1C03               	skipc
   841  00B5  0F37               	incfsz	??_UART_TX_Init+5,w
   842  00B6  28B8               	goto	u411
   843  00B7  28B9               	goto	u412
   844  00B8                     u411:
   845  00B8  02BB               	subwf	??_UART_TX_Init+9,f
   846  00B9                     u412:
   847  00B9  0838               	movf	??_UART_TX_Init+6,w
   848  00BA  1C03               	skipc
   849  00BB  0F38               	incfsz	??_UART_TX_Init+6,w
   850  00BC  28BE               	goto	u413
   851  00BD  28BF               	goto	u414
   852  00BE                     u413:
   853  00BE  02BC               	subwf	??_UART_TX_Init+10,f
   854  00BF                     u414:
   855  00BF  0839               	movf	??_UART_TX_Init+7,w
   856  00C0  1C03               	skipc
   857  00C1  0F39               	incfsz	??_UART_TX_Init+7,w
   858  00C2  28C4               	goto	u415
   859  00C3  28C5               	goto	u416
   860  00C4                     u415:
   861  00C4  02BD               	subwf	??_UART_TX_Init+11,f
   862  00C5                     u416:
   863  00C5  083D               	movf	??_UART_TX_Init+11,w
   864  00C6  00A7               	movwf	___lldiv@dividend+3
   865  00C7  083C               	movf	??_UART_TX_Init+10,w
   866  00C8  00A6               	movwf	___lldiv@dividend+2
   867  00C9  083B               	movf	??_UART_TX_Init+9,w
   868  00CA  00A5               	movwf	___lldiv@dividend+1
   869  00CB  083A               	movf	??_UART_TX_Init+8,w
   870  00CC  00A4               	movwf	___lldiv@dividend
   871  00CD  120A  118A  20F5  120A  118A  	fcall	___lldiv
   872  00D2  1283               	bcf	3,5	;RP0=0, select bank0
   873  00D3  1303               	bcf	3,6	;RP1=0, select bank0
   874  00D4  0821               	movf	?___lldiv+1,w
   875  00D5  00BF               	movwf	UART_TX_Init@x+1
   876  00D6  0820               	movf	?___lldiv,w
   877  00D7  00BE               	movwf	UART_TX_Init@x
   878  00D8                     l859:
   879                           
   880                           ;main_tao_xung.c: 130: }
   881  00D8  1683               	bsf	3,5	;RP0=1, select bank1
   882  00D9  1303               	bcf	3,6	;RP1=0, select bank1
   883  00DA  1518               	bsf	24,2	;volatile
   884  00DB                     l861:
   885                           
   886                           ;main_tao_xung.c: 132: void UART_Write_String(char *text)
   887  00DB  3001               	movlw	1
   888  00DC  1283               	bcf	3,5	;RP0=0, select bank0
   889  00DD  023F               	subwf	UART_TX_Init@x+1,w
   890  00DE  3000               	movlw	0
   891  00DF  1903               	skipnz
   892  00E0  023E               	subwf	UART_TX_Init@x,w
   893  00E1  1803               	skipnc
   894  00E2  28E4               	goto	u421
   895  00E3  28E5               	goto	u420
   896  00E4                     u421:
   897  00E4  28E9               	goto	l865
   898  00E5                     u420:
   899  00E5                     l863:
   900                           
   901                           ;main_tao_xung.c: 133: {;main_tao_xung.c: 134:   uint16_t i;
   902  00E5  083E               	movf	UART_TX_Init@x,w
   903  00E6  1683               	bsf	3,5	;RP0=1, select bank1
   904  00E7  1303               	bcf	3,6	;RP1=0, select bank1
   905  00E8  0099               	movwf	25	;volatile
   906  00E9                     l865:
   907                           
   908                           ;main_tao_xung.c: 137: }
   909  00E9  1683               	bsf	3,5	;RP0=1, select bank1
   910  00EA  1303               	bcf	3,6	;RP1=0, select bank1
   911  00EB  1218               	bcf	24,4	;volatile
   912  00EC                     l867:
   913  00EC  1283               	bcf	3,5	;RP0=0, select bank0
   914  00ED  1303               	bcf	3,6	;RP1=0, select bank0
   915  00EE  1798               	bsf	24,7	;volatile
   916  00EF                     l869:
   917  00EF  1683               	bsf	3,5	;RP0=1, select bank1
   918  00F0  1303               	bcf	3,6	;RP1=0, select bank1
   919  00F1  1707               	bsf	7,6	;volatile
   920  00F2                     l871:
   921  00F2  1787               	bsf	7,7	;volatile
   922  00F3                     l873:
   923  00F3  1698               	bsf	24,5	;volatile
   924  00F4                     l97:
   925  00F4  0008               	return
   926  00F5                     __end_of_UART_TX_Init:
   927                           
   928                           	psect	text4
   929  00F5                     __ptext4:	
   930 ;; *************** function ___lldiv *****************
   931 ;; Defined at:
   932 ;;		line 5 in file "C:\Program Files\Microchip\xc8\v2.20\pic\sources\c90\common\__lldiv.c"
   933 ;; Parameters:    Size  Location     Type
   934 ;;  divisor         4    0[BANK0 ] unsigned long 
   935 ;;  dividend        4    4[BANK0 ] unsigned long 
   936 ;; Auto vars:     Size  Location     Type
   937 ;;  quotient        4    9[BANK0 ] unsigned long 
   938 ;;  counter         1   13[BANK0 ] unsigned char 
   939 ;; Return value:  Size  Location     Type
   940 ;;                  4    0[BANK0 ] unsigned long 
   941 ;; Registers used:
   942 ;;		wreg, status,2, status,0, btemp+1
   943 ;; Tracked objects:
   944 ;;		On entry : 0/0
   945 ;;		On exit  : 0/0
   946 ;;		Unchanged: 0/0
   947 ;; Data sizes:     COMMON   BANK0   BANK1   BANK3   BANK2
   948 ;;      Params:         0       8       0       0       0
   949 ;;      Locals:         0       5       0       0       0
   950 ;;      Temps:          0       1       0       0       0
   951 ;;      Totals:         0      14       0       0       0
   952 ;;Total ram usage:       14 bytes
   953 ;; Hardware stack levels used:    1
   954 ;; Hardware stack levels required when called:    3
   955 ;; This function calls:
   956 ;;		Nothing
   957 ;; This function is called by:
   958 ;;		_UART_TX_Init
   959 ;; This function uses a non-reentrant model
   960 ;;
   961                           
   962                           
   963                           ;psect for function ___lldiv
   964  00F5                     ___lldiv:
   965  00F5                     l813:	
   966                           ;incstack = 0
   967                           ; Regs used in ___lldiv: [wreg+status,2+status,0+btemp+1]
   968                           
   969  00F5  3000               	movlw	0
   970  00F6  1283               	bcf	3,5	;RP0=0, select bank0
   971  00F7  1303               	bcf	3,6	;RP1=0, select bank0
   972  00F8  00AC               	movwf	___lldiv@quotient+3
   973  00F9  3000               	movlw	0
   974  00FA  00AB               	movwf	___lldiv@quotient+2
   975  00FB  3000               	movlw	0
   976  00FC  00AA               	movwf	___lldiv@quotient+1
   977  00FD  3000               	movlw	0
   978  00FE  00A9               	movwf	___lldiv@quotient
   979  00FF  0823               	movf	___lldiv@divisor+3,w
   980  0100  0422               	iorwf	___lldiv@divisor+2,w
   981  0101  0421               	iorwf	___lldiv@divisor+1,w
   982  0102  0420               	iorwf	___lldiv@divisor,w
   983  0103  1903               	skipnz
   984  0104  2906               	goto	u271
   985  0105  2907               	goto	u270
   986  0106                     u271:
   987  0106  2954               	goto	l835
   988  0107                     u270:
   989  0107                     l815:
   990  0107  01AD               	clrf	___lldiv@counter
   991  0108  0AAD               	incf	___lldiv@counter,f
   992  0109  2917               	goto	l821
   993  010A                     l817:
   994  010A  3001               	movlw	1
   995  010B  00A8               	movwf	??___lldiv
   996  010C                     u285:
   997  010C  1003               	clrc
   998  010D  0DA0               	rlf	___lldiv@divisor,f
   999  010E  0DA1               	rlf	___lldiv@divisor+1,f
  1000  010F  0DA2               	rlf	___lldiv@divisor+2,f
  1001  0110  0DA3               	rlf	___lldiv@divisor+3,f
  1002  0111  0BA8               	decfsz	??___lldiv,f
  1003  0112  290C               	goto	u285
  1004  0113                     l819:
  1005  0113  3001               	movlw	1
  1006  0114  00FF               	movwf	btemp+1
  1007  0115  087F               	movf	btemp+1,w
  1008  0116  07AD               	addwf	___lldiv@counter,f
  1009  0117                     l821:
  1010  0117  1FA3               	btfss	___lldiv@divisor+3,7
  1011  0118  291A               	goto	u291
  1012  0119  291B               	goto	u290
  1013  011A                     u291:
  1014  011A  290A               	goto	l817
  1015  011B                     u290:
  1016  011B                     l823:
  1017  011B  3001               	movlw	1
  1018  011C  00A8               	movwf	??___lldiv
  1019  011D                     u305:
  1020  011D  1003               	clrc
  1021  011E  0DA9               	rlf	___lldiv@quotient,f
  1022  011F  0DAA               	rlf	___lldiv@quotient+1,f
  1023  0120  0DAB               	rlf	___lldiv@quotient+2,f
  1024  0121  0DAC               	rlf	___lldiv@quotient+3,f
  1025  0122  0BA8               	decfsz	??___lldiv,f
  1026  0123  291D               	goto	u305
  1027  0124                     l825:
  1028  0124  0823               	movf	___lldiv@divisor+3,w
  1029  0125  0227               	subwf	___lldiv@dividend+3,w
  1030  0126  1D03               	skipz
  1031  0127  2932               	goto	u315
  1032  0128  0822               	movf	___lldiv@divisor+2,w
  1033  0129  0226               	subwf	___lldiv@dividend+2,w
  1034  012A  1D03               	skipz
  1035  012B  2932               	goto	u315
  1036  012C  0821               	movf	___lldiv@divisor+1,w
  1037  012D  0225               	subwf	___lldiv@dividend+1,w
  1038  012E  1D03               	skipz
  1039  012F  2932               	goto	u315
  1040  0130  0820               	movf	___lldiv@divisor,w
  1041  0131  0224               	subwf	___lldiv@dividend,w
  1042  0132                     u315:
  1043  0132  1C03               	skipc
  1044  0133  2935               	goto	u311
  1045  0134  2936               	goto	u310
  1046  0135                     u311:
  1047  0135  2945               	goto	l831
  1048  0136                     u310:
  1049  0136                     l827:
  1050  0136  0820               	movf	___lldiv@divisor,w
  1051  0137  02A4               	subwf	___lldiv@dividend,f
  1052  0138  0821               	movf	___lldiv@divisor+1,w
  1053  0139  1C03               	skipc
  1054  013A  0F21               	incfsz	___lldiv@divisor+1,w
  1055  013B  02A5               	subwf	___lldiv@dividend+1,f
  1056  013C  0822               	movf	___lldiv@divisor+2,w
  1057  013D  1C03               	skipc
  1058  013E  0F22               	incfsz	___lldiv@divisor+2,w
  1059  013F  02A6               	subwf	___lldiv@dividend+2,f
  1060  0140  0823               	movf	___lldiv@divisor+3,w
  1061  0141  1C03               	skipc
  1062  0142  0F23               	incfsz	___lldiv@divisor+3,w
  1063  0143  02A7               	subwf	___lldiv@dividend+3,f
  1064  0144                     l829:
  1065  0144  1429               	bsf	___lldiv@quotient,0
  1066  0145                     l831:
  1067  0145  3001               	movlw	1
  1068  0146                     u325:
  1069  0146  1003               	clrc
  1070  0147  0CA3               	rrf	___lldiv@divisor+3,f
  1071  0148  0CA2               	rrf	___lldiv@divisor+2,f
  1072  0149  0CA1               	rrf	___lldiv@divisor+1,f
  1073  014A  0CA0               	rrf	___lldiv@divisor,f
  1074  014B  3EFF               	addlw	-1
  1075  014C  1D03               	skipz
  1076  014D  2946               	goto	u325
  1077  014E                     l833:
  1078  014E  3001               	movlw	1
  1079  014F  02AD               	subwf	___lldiv@counter,f
  1080  0150  1D03               	btfss	3,2
  1081  0151  2953               	goto	u331
  1082  0152  2954               	goto	u330
  1083  0153                     u331:
  1084  0153  291B               	goto	l823
  1085  0154                     u330:
  1086  0154                     l835:
  1087  0154  082C               	movf	___lldiv@quotient+3,w
  1088  0155  00A3               	movwf	?___lldiv+3
  1089  0156  082B               	movf	___lldiv@quotient+2,w
  1090  0157  00A2               	movwf	?___lldiv+2
  1091  0158  082A               	movf	___lldiv@quotient+1,w
  1092  0159  00A1               	movwf	?___lldiv+1
  1093  015A  0829               	movf	___lldiv@quotient,w
  1094  015B  00A0               	movwf	?___lldiv
  1095  015C                     l231:
  1096  015C  0008               	return
  1097  015D                     __end_of___lldiv:
  1098                           
  1099                           	psect	text5
  1100  015D                     __ptext5:	
  1101 ;; *************** function _ISR *****************
  1102 ;; Defined at:
  1103 ;;		line 68 in file "main_tao_xung.c"
  1104 ;; Parameters:    Size  Location     Type
  1105 ;;		None
  1106 ;; Auto vars:     Size  Location     Type
  1107 ;;		None
  1108 ;; Return value:  Size  Location     Type
  1109 ;;                  1    wreg      void 
  1110 ;; Registers used:
  1111 ;;		wreg, fsr0l, fsr0h, status,2, status,0, pclath, cstack
  1112 ;; Tracked objects:
  1113 ;;		On entry : 0/0
  1114 ;;		On exit  : 0/0
  1115 ;;		Unchanged: 0/0
  1116 ;; Data sizes:     COMMON   BANK0   BANK1   BANK3   BANK2
  1117 ;;      Params:         0       0       0       0       0
  1118 ;;      Locals:         0       0       0       0       0
  1119 ;;      Temps:          4       0       0       0       0
  1120 ;;      Totals:         4       0       0       0       0
  1121 ;;Total ram usage:        4 bytes
  1122 ;; Hardware stack levels used:    1
  1123 ;; Hardware stack levels required when called:    2
  1124 ;; This function calls:
  1125 ;;		_UART_Write_String
  1126 ;; This function is called by:
  1127 ;;		Interrupt level 1
  1128 ;; This function uses a non-reentrant model
  1129 ;;
  1130                           
  1131                           
  1132                           ;psect for function _ISR
  1133  015D                     _ISR:
  1134  015D                     i1l875:
  1135                           
  1136                           ;main_tao_xung.c: 70:     }
  1137  015D  1E8B               	btfss	11,5	;volatile
  1138  015E  2960               	goto	u43_21
  1139  015F  2961               	goto	u43_20
  1140  0160                     u43_21:
  1141  0160  2975               	goto	i1l885
  1142  0161                     u43_20:
  1143  0161                     i1l877:
  1144  0161  1D0B               	btfss	11,2	;volatile
  1145  0162  2964               	goto	u44_21
  1146  0163  2965               	goto	u44_20
  1147  0164                     u44_21:
  1148  0164  2975               	goto	i1l885
  1149  0165                     u44_20:
  1150  0165                     i1l879:
  1151                           
  1152                           ;main_tao_xung.c: 71: };main_tao_xung.c: 72: 
  1153  0165  1003               	clrc
  1154  0166  1C09               	btfss	9,0	;volatile
  1155  0167  1403               	setc
  1156  0168  1803               	btfsc	3,0
  1157  0169  296B               	goto	u45_21
  1158  016A  296F               	goto	u45_20
  1159  016B                     u45_21:
  1160  016B  1283               	bcf	3,5	;RP0=0, select bank0
  1161  016C  1303               	bcf	3,6	;RP1=0, select bank0
  1162  016D  1409               	bsf	9,0	;volatile
  1163  016E  2972               	goto	u46_24
  1164  016F                     u45_20:
  1165  016F  1283               	bcf	3,5	;RP0=0, select bank0
  1166  0170  1303               	bcf	3,6	;RP1=0, select bank0
  1167  0171  1009               	bcf	9,0	;volatile
  1168  0172                     u46_24:
  1169  0172                     i1l881:
  1170                           
  1171                           ;main_tao_xung.c: 73: void main(void)
  1172  0172  3016               	movlw	22
  1173  0173  0081               	movwf	1	;volatile
  1174  0174                     i1l883:
  1175                           
  1176                           ;main_tao_xung.c: 75:     ADCON1 = 0x07;
  1177  0174  110B               	bcf	11,2	;volatile
  1178  0175                     i1l885:
  1179                           
  1180                           ;main_tao_xung.c: 78:     PORTEbits.RE0 = 0;
  1181  0175  1683               	bsf	3,5	;RP0=1, select bank1
  1182  0176  1303               	bcf	3,6	;RP1=0, select bank1
  1183  0177  1C0C               	btfss	12,0	;volatile
  1184  0178  297A               	goto	u47_21
  1185  0179  297B               	goto	u47_20
  1186  017A                     u47_21:
  1187  017A  299F               	goto	i1l80
  1188  017B                     u47_20:
  1189  017B                     i1l887:
  1190  017B  1283               	bcf	3,5	;RP0=0, select bank0
  1191  017C  1303               	bcf	3,6	;RP1=0, select bank0
  1192  017D  1C0C               	btfss	12,0	;volatile
  1193  017E  2980               	goto	u48_21
  1194  017F  2981               	goto	u48_20
  1195  0180                     u48_21:
  1196  0180  299F               	goto	i1l80
  1197  0181                     u48_20:
  1198  0181                     i1l889:
  1199                           
  1200                           ;main_tao_xung.c: 79: ;main_tao_xung.c: 80:     TRISBbits.TRISB0 = 1;
  1201  0181  303C               	movlw	60
  1202  0182  008F               	movwf	15	;volatile
  1203  0183  30AF               	movlw	175
  1204  0184  008E               	movwf	14	;volatile
  1205  0185                     i1l891:
  1206                           
  1207                           ;main_tao_xung.c: 81: 
  1208  0185  3001               	movlw	1
  1209  0186  07F8               	addwf	_i,f
  1210  0187  1803               	skipnc
  1211  0188  0AF9               	incf	_i+1,f
  1212  0189  3000               	movlw	0
  1213  018A  07F9               	addwf	_i+1,f
  1214                           
  1215                           ;main_tao_xung.c: 82:     tao_xung_T_3ms();
  1216  018B  3000               	movlw	0
  1217  018C  0279               	subwf	_i+1,w
  1218  018D  30C8               	movlw	200
  1219  018E  1903               	skipnz
  1220  018F  0278               	subwf	_i,w
  1221  0190  1C03               	skipc
  1222  0191  2993               	goto	u49_21
  1223  0192  2994               	goto	u49_20
  1224  0193                     u49_21:
  1225  0193  299C               	goto	i1l897
  1226  0194                     u49_20:
  1227  0194                     i1l893:
  1228                           
  1229                           ;main_tao_xung.c: 83: ;main_tao_xung.c: 84:     time1();
  1230  0194  01F8               	clrf	_i
  1231  0195  01F9               	clrf	_i+1
  1232  0196                     i1l895:
  1233                           
  1234                           ;main_tao_xung.c: 85: 
  1235  0196  3001               	movlw	(low ((STR_1-__stringbase)| (0+32768)))& (0+255)
  1236  0197  120A  118A  21ED  120A  118A  	fcall	_UART_Write_String
  1237  019C                     i1l897:
  1238                           
  1239                           ;main_tao_xung.c: 88:     while(1)
  1240  019C  1283               	bcf	3,5	;RP0=0, select bank0
  1241  019D  1303               	bcf	3,6	;RP1=0, select bank0
  1242  019E  100C               	bcf	12,0	;volatile
  1243  019F                     i1l80:
  1244  019F  0877               	movf	??_ISR+3,w
  1245  01A0  1283               	bcf	3,5	;RP0=0, select bank0
  1246  01A1  00FF               	movwf	btemp+1
  1247  01A2  0876               	movf	??_ISR+2,w
  1248  01A3  008A               	movwf	10
  1249  01A4  0875               	movf	??_ISR+1,w
  1250  01A5  0084               	movwf	4
  1251  01A6  0E74               	swapf	??_ISR^(0+4294967168),w
  1252  01A7  0083               	movwf	3
  1253  01A8  0EFE               	swapf	btemp,f
  1254  01A9  0E7E               	swapf	btemp,w
  1255  01AA  0009               	retfie
  1256  01AB                     __end_of_ISR:
  1257                           
  1258                           	psect	intentry
  1259  0004                     __pintentry:	
  1260                           ;incstack = 0
  1261                           ; Regs used in _ISR: [wreg-fsr0h+status,2+status,0+pclath+cstack]
  1262                           
  1263  0004                     interrupt_function:
  1264  007E                     saved_w	set	btemp
  1265  0004  00FE               	movwf	btemp
  1266  0005  0E03               	swapf	3,w
  1267  0006  00F4               	movwf	??_ISR
  1268  0007  0804               	movf	4,w
  1269  0008  00F5               	movwf	??_ISR+1
  1270  0009  080A               	movf	10,w
  1271  000A  00F6               	movwf	??_ISR+2
  1272  000B  1283               	bcf	3,5	;RP0=0, select bank0
  1273  000C  1303               	bcf	3,6	;RP1=0, select bank0
  1274  000D  087F               	movf	btemp+1,w
  1275  000E  00F7               	movwf	??_ISR+3
  1276  000F  120A  118A  295D   	ljmp	_ISR
  1277                           
  1278                           	psect	text6
  1279  01ED                     __ptext6:	
  1280 ;; *************** function _UART_Write_String *****************
  1281 ;; Defined at:
  1282 ;;		line 151 in file "main_tao_xung.c"
  1283 ;; Parameters:    Size  Location     Type
  1284 ;;  text            1    wreg     PTR unsigned char 
  1285 ;;		 -> STR_1(9), 
  1286 ;; Auto vars:     Size  Location     Type
  1287 ;;  text            1    3[COMMON] PTR unsigned char 
  1288 ;;		 -> STR_1(9), 
  1289 ;;  i               2    1[COMMON] unsigned int 
  1290 ;; Return value:  Size  Location     Type
  1291 ;;                  1    wreg      void 
  1292 ;; Registers used:
  1293 ;;		wreg, fsr0l, fsr0h, status,2, status,0, pclath, cstack
  1294 ;; Tracked objects:
  1295 ;;		On entry : 0/0
  1296 ;;		On exit  : 0/0
  1297 ;;		Unchanged: 0/0
  1298 ;; Data sizes:     COMMON   BANK0   BANK1   BANK3   BANK2
  1299 ;;      Params:         0       0       0       0       0
  1300 ;;      Locals:         3       0       0       0       0
  1301 ;;      Temps:          0       0       0       0       0
  1302 ;;      Totals:         3       0       0       0       0
  1303 ;;Total ram usage:        3 bytes
  1304 ;; Hardware stack levels used:    1
  1305 ;; Hardware stack levels required when called:    1
  1306 ;; This function calls:
  1307 ;;		_UART_Write_Char
  1308 ;; This function is called by:
  1309 ;;		_ISR
  1310 ;; This function uses a non-reentrant model
  1311 ;;
  1312                           
  1313                           
  1314                           ;psect for function _UART_Write_String
  1315  01ED                     _UART_Write_String:
  1316                           
  1317                           ;incstack = 0
  1318                           ; Regs used in _UART_Write_String: [wreg-fsr0h+status,2+status,0+pclath+cstack]
  1319                           ;UART_Write_String@text stored from wreg
  1320  01ED  00F3               	movwf	UART_Write_String@text
  1321  01EE                     i1l845:
  1322  01EE  01F1               	clrf	UART_Write_String@i
  1323  01EF  01F2               	clrf	UART_Write_String@i+1
  1324  01F0  2A04               	goto	i1l851
  1325  01F1                     i1l847:
  1326  01F1  0871               	movf	UART_Write_String@i,w
  1327  01F2  0773               	addwf	UART_Write_String@text,w
  1328  01F3  0084               	movwf	4
  1329  01F4  120A  118A  2223  120A  118A  	fcall	stringdir
  1330  01F9  120A  118A  2240  120A  118A  	fcall	_UART_Write_Char
  1331  01FE                     i1l849:
  1332  01FE  3001               	movlw	1
  1333  01FF  07F1               	addwf	UART_Write_String@i,f
  1334  0200  1803               	skipnc
  1335  0201  0AF2               	incf	UART_Write_String@i+1,f
  1336  0202  3000               	movlw	0
  1337  0203  07F2               	addwf	UART_Write_String@i+1,f
  1338  0204                     i1l851:
  1339  0204  0871               	movf	UART_Write_String@i,w
  1340  0205  0773               	addwf	UART_Write_String@text,w
  1341  0206  0084               	movwf	4
  1342  0207  120A  118A  2223  120A  118A  	fcall	stringdir
  1343  020C  3A00               	xorlw	0
  1344  020D  1D03               	skipz
  1345  020E  2A10               	goto	u34_21
  1346  020F  2A11               	goto	u34_20
  1347  0210                     u34_21:
  1348  0210  29F1               	goto	i1l847
  1349  0211                     u34_20:
  1350  0211                     i1l109:
  1351  0211  0008               	return
  1352  0212                     __end_of_UART_Write_String:
  1353                           
  1354                           	psect	text7
  1355  0240                     __ptext7:	
  1356 ;; *************** function _UART_Write_Char *****************
  1357 ;; Defined at:
  1358 ;;		line 145 in file "main_tao_xung.c"
  1359 ;; Parameters:    Size  Location     Type
  1360 ;;  data            1    wreg     unsigned char 
  1361 ;; Auto vars:     Size  Location     Type
  1362 ;;  data            1    0[COMMON] unsigned char 
  1363 ;; Return value:  Size  Location     Type
  1364 ;;                  1    wreg      void 
  1365 ;; Registers used:
  1366 ;;		wreg
  1367 ;; Tracked objects:
  1368 ;;		On entry : 0/0
  1369 ;;		On exit  : 0/0
  1370 ;;		Unchanged: 0/0
  1371 ;; Data sizes:     COMMON   BANK0   BANK1   BANK3   BANK2
  1372 ;;      Params:         0       0       0       0       0
  1373 ;;      Locals:         1       0       0       0       0
  1374 ;;      Temps:          0       0       0       0       0
  1375 ;;      Totals:         1       0       0       0       0
  1376 ;;Total ram usage:        1 bytes
  1377 ;; Hardware stack levels used:    1
  1378 ;; This function calls:
  1379 ;;		Nothing
  1380 ;; This function is called by:
  1381 ;;		_UART_Write_String
  1382 ;; This function uses a non-reentrant model
  1383 ;;
  1384                           
  1385                           
  1386                           ;psect for function _UART_Write_Char
  1387  0240                     _UART_Write_Char:
  1388                           
  1389                           ;incstack = 0
  1390                           ; Regs used in _UART_Write_Char: [wreg]
  1391                           ;UART_Write_Char@data stored from wreg
  1392  0240  00F0               	movwf	UART_Write_Char@data
  1393  0241                     i1l701:
  1394  0241                     i1l100:
  1395  0241  1683               	bsf	3,5	;RP0=1, select bank1
  1396  0242  1303               	bcf	3,6	;RP1=0, select bank1
  1397  0243  1C98               	btfss	24,1	;volatile
  1398  0244  2A46               	goto	u1_21
  1399  0245  2A47               	goto	u1_20
  1400  0246                     u1_21:
  1401  0246  2A41               	goto	i1l100
  1402  0247                     u1_20:
  1403  0247                     i1l703:
  1404  0247  0870               	movf	UART_Write_Char@data,w
  1405  0248  1283               	bcf	3,5	;RP0=0, select bank0
  1406  0249  1303               	bcf	3,6	;RP1=0, select bank0
  1407  024A  0099               	movwf	25	;volatile
  1408  024B                     i1l103:
  1409  024B  0008               	return
  1410  024C                     __end_of_UART_Write_Char:
  1411  007E                     btemp	set	126	;btemp
  1412  007E                     wtemp0	set	126
  1413                           
  1414                           	psect	config
  1415                           
  1416                           ;Config register CONFIG @ 0x2007
  1417                           ;	Oscillator Selection bits
  1418                           ;	FOSC = HS, HS oscillator
  1419                           ;	Watchdog Timer Enable bit
  1420                           ;	WDTE = OFF, WDT disabled
  1421                           ;	Power-up Timer Enable bit
  1422                           ;	PWRTE = ON, PWRT enabled
  1423                           ;	Brown-out Reset Enable bit
  1424                           ;	BOREN = ON, BOR enabled
  1425                           ;	Low-Voltage (Single-Supply) In-Circuit Serial Programming Enable bit
  1426                           ;	LVP = ON, RB3/PGM pin has PGM function; low-voltage programming enabled
  1427                           ;	Data EEPROM Memory Code Protection bit
  1428                           ;	CPD = OFF, Data EEPROM code protection off
  1429                           ;	Flash Program Memory Write Enable bits
  1430                           ;	WRT = OFF, Write protection off; all program memory may be written to by EECON control
  1431                           ;	In-Circuit Debugger Mode bit
  1432                           ;	DEBUG = 0x1, unprogrammed default
  1433                           ;	Flash Program Memory Code Protection bit
  1434                           ;	CP = OFF, Code protection off
  1435  2007                     	org	8199
  1436  2007  3FF2               	dw	16370

Data Sizes:
    Strings     9
    Constant    0
    Data        0
    BSS         2
    Persistent  0
    Stack       0

Auto Spaces:
    Space          Size  Autos    Used
    COMMON           14      8      10
    BANK0            80     34      34
    BANK1            80      0       0
    BANK3            96      0       0
    BANK2            96      0       0

Pointer List with Targets:

    UART_Write_String@text	PTR unsigned char  size(1) Largest target is 9
		 -> STR_1(CODE[9]), 


Critical Paths under _main in COMMON

    None.

Critical Paths under _ISR in COMMON

    _ISR->_UART_Write_String
    _UART_Write_String->_UART_Write_Char

Critical Paths under _main in BANK0

    _main->_UART_TX_Init
    _UART_TX_Init->___lldiv

Critical Paths under _ISR in BANK0

    None.

Critical Paths under _main in BANK1

    None.

Critical Paths under _ISR in BANK1

    None.

Critical Paths under _main in BANK3

    None.

Critical Paths under _ISR in BANK3

    None.

Critical Paths under _main in BANK2

    None.

Critical Paths under _ISR in BANK2

    None.

Call Graph Tables:

 ---------------------------------------------------------------------------------
 (Depth) Function   	        Calls       Base Space   Used Autos Params    Refs
 ---------------------------------------------------------------------------------
 (0) _main                                                 2     2      0     698
                                             32 BANK0      2     2      0
                       _UART_TX_Init
                     _tao_xung_T_3ms
                              _time1
 ---------------------------------------------------------------------------------
 (1) _time1                                                0     0      0       0
 ---------------------------------------------------------------------------------
 (1) _tao_xung_T_3ms                                       0     0      0       0
 ---------------------------------------------------------------------------------
 (1) _UART_TX_Init                                        18    14      4     698
                                             14 BANK0     18    14      4
                            ___lldiv
 ---------------------------------------------------------------------------------
 (2) ___lldiv                                             14     6      8     466
                                              0 BANK0     14     6      8
 ---------------------------------------------------------------------------------
 Estimated maximum stack depth 2
 ---------------------------------------------------------------------------------
 (Depth) Function   	        Calls       Base Space   Used Autos Params    Refs
 ---------------------------------------------------------------------------------
 (3) _ISR                                                  4     4      0     138
                                              4 COMMON     4     4      0
                  _UART_Write_String
 ---------------------------------------------------------------------------------
 (4) _UART_Write_String                                    3     3      0     138
                                              1 COMMON     3     3      0
                    _UART_Write_Char
 ---------------------------------------------------------------------------------
 (5) _UART_Write_Char                                      1     1      0      15
                                              0 COMMON     1     1      0
 ---------------------------------------------------------------------------------
 Estimated maximum stack depth 5
 ---------------------------------------------------------------------------------

 Call Graph Graphs:

 _main (ROOT)
   _UART_TX_Init
     ___lldiv
   _tao_xung_T_3ms
   _time1

 _ISR (ROOT)
   _UART_Write_String
     _UART_Write_Char

 Address spaces:
Name               Size   Autos  Total    Cost      Usage
BITCOMMON            E      0       0       0        0.0%
EEDATA             100      0       0       0        0.0%
NULL                 0      0       0       0        0.0%
CODE                 0      0       0       0        0.0%
COMMON               E      8       A       1       71.4%
BITSFR0              0      0       0       1        0.0%
SFR0                 0      0       0       1        0.0%
BITSFR1              0      0       0       2        0.0%
SFR1                 0      0       0       2        0.0%
STACK                0      0       0       2        0.0%
ABS                  0      0      2C       3        0.0%
BITBANK0            50      0       0       4        0.0%
BITSFR3              0      0       0       4        0.0%
SFR3                 0      0       0       4        0.0%
BANK0               50     22      22       5       42.5%
BITSFR2              0      0       0       5        0.0%
SFR2                 0      0       0       5        0.0%
BITBANK1            50      0       0       6        0.0%
BANK1               50      0       0       7        0.0%
BITBANK3            60      0       0       8        0.0%
BANK3               60      0       0       9        0.0%
BITBANK2            60      0       0      10        0.0%
BANK2               60      0       0      11        0.0%
DATA                 0      0      2C      12        0.0%


Microchip Technology PIC Macro Assembler V2.20 build 20200408173844 
Symbol Table                                                                                   Tue Dec 14 10:23:52 2021

                         _i 0078                           pc 0002                          l72 0222  
                        l69 023F                          l87 01D5                          l97 00F4  
                        l89 01D9                          fsr 0004  __size_of_UART_Write_String 0025  
                       l231 015C                         l821 0117                         l813 00F5  
                       l901 01AF                         l831 0145                         l823 011B  
                       l815 0107                         l911 01CF                         l903 01B0  
                       l833 014E                         l825 0124                         l817 010A  
                       l841 023B                         l905 01B3                         l827 0136  
                       l819 0113                         l835 0154                         l843 0212  
                       l915 01DA                         l907 01B6                         l829 0144  
                       l861 00DB                         l853 001B                         l917 01E5  
                       l909 01C0                         l871 00F2                         l863 00E5  
                       l855 0076                         l839 0232                         l919 01E6  
                       l873 00F3                         l865 00E9                         l857 007F  
                       l867 00EC                         l859 00D8                         l869 00EF  
                       l899 01AB                         _GIE 005F                         u310 0136  
                       u311 0135                         u400 00A6                         u305 011D  
                       u330 0154                         u331 0153                         u315 0132  
                       u411 00B8                         u420 00E5                         u412 00B9  
                       u500 01D5                         u325 0146                         u421 00E4  
                       u413 00BE                         u405 00A1                         u501 01D4  
                       u270 0107                         u414 00BF                         u350 002B  
                       u510 01D9                         _PS0 0408                         u271 0106  
                       u415 00C4                         u511 01D8                         _PS1 0409  
                       u416 00C5                         u360 0044                         _PS2 040A  
                       u290 011B                         u291 011A                         u371 0056  
                       u355 0026                         u380 007F                         u372 0057  
                       _ISR 015D                         u285 010C                         u381 007E  
                       u373 005C                         u365 003F                         u390 008D  
                       u374 005D                         u375 0062                         u527 01E0  
                       u376 0063                         u395 0088                         _PSA 040B  
                       fsr0 0004                        ?_ISR 0070                        STR_1 0229  
                      _BRGH 04C2                        _T0CS 040D                        _T0SE 040C  
                      _PEIE 005E                        i1l80 019F                        _TMR0 0001  
                      _TMR1 000E                        _SPEN 00C7                        _TRMT 04C1  
                      _TXEN 04C5                        _SYNC 04C4                        u1_20 0247  
                      u1_21 0246                        _main 01AB                        btemp 007E  
                      start 0012     __end_of_UART_Write_Char 024C                       ??_ISR 0074  
 UART_TX_Init@uart_baudRate 002E                       ?_main 0070             __end_of___lldiv 015D  
                     i1l100 0241                       i1l103 024B                       i1l109 0211  
                     i1l701 0241                       i1l703 0247                       i1l851 0204  
                     i1l845 01EE                       i1l847 01F1                       i1l849 01FE  
                     i1l881 0172                       i1l891 0185                       i1l883 0174  
                     i1l875 015D                       i1l893 0194                       i1l877 0161  
                     i1l885 0175                       i1l895 0196                       i1l887 017B  
                     i1l879 0165                       i1l897 019C                       i1l889 0181  
                     u34_20 0211                       u34_21 0210                       _SPBRG 0099  
                     u43_20 0161                       u43_21 0160                       u44_20 0165  
                     u44_21 0164                       u45_20 016F                       u45_21 016B  
                     u46_24 0172                       u47_20 017B                       u47_21 017A  
                     u48_20 0181                       u48_21 0180                       u49_20 0194  
                     u49_21 0193                       _TXREG 0019                       _time1 0212  
                     pclath 000A                       status 0003                       wtemp0 007E  
   __size_of_tao_xung_T_3ms 000E             __initialization 0015                __end_of_main 01ED  
                    ??_main 0040                      _ADCON1 009F                      ?_time1 0070  
                    _TMR0IE 005D                      _TMR0IF 005A                      _TMR1IE 0460  
                    _TMR1IF 0060                      _TRISC6 043E                      _TRISC7 043F  
          ?_UART_Write_Char 0070                   ??___lldiv 0028                      saved_w 007E  
   __end_of__initialization 0017              __pcstackCOMMON 0070               __end_of_time1 0223  
                   ??_time1 0020              _tao_xung_T_3ms 0232                  __pmaintext 01AB  
                __pintentry 0004               ?_UART_TX_Init 002E                  __stringtab 0223  
    __end_of_tao_xung_T_3ms 0240                     ___lldiv 00F5                     __ptext1 0212  
                   __ptext2 0232                     __ptext3 001B                     __ptext4 00F5  
                   __ptext5 015D                     __ptext6 01ED                     __ptext7 0240  
              __size_of_ISR 004E                   _T1CONbits 0010              ??_UART_TX_Init 0032  
      end_of_initialization 0017             ?_tao_xung_T_3ms 0070             ___lldiv@divisor 0020  
           ___lldiv@counter 002D                   _PORTBbits 0006                   _PORTEbits 0009  
                 _TRISBbits 0086                   _TRISEbits 0089       UART_Write_String@text 0073  
  __size_of_UART_Write_Char 000C         start_initialization 0015                 __end_of_ISR 01AB  
      __end_of_UART_TX_Init 00F5                 __pbssCOMMON 0078                   ___latbits 0002  
             __pcstackBANK0 0020               UART_TX_Init@x 003E                    ?___lldiv 0020  
                 __pstrings 0223            ??_tao_xung_T_3ms 0020           ??_UART_Write_Char 0070  
            __size_of_time1 0011           interrupt_function 0004                 __stringbase 0228  
       UART_Write_Char@data 0070       __size_of_UART_TX_Init 00DA            __size_of___lldiv 0068  
        __end_of__stringtab 0229           _UART_Write_String 01ED          ?_UART_Write_String 0070  
              _UART_TX_Init 001B         ??_UART_Write_String 0071               __size_of_main 0042  
 __end_of_UART_Write_String 0212                    intlevel1 0000            ___lldiv@dividend 0024  
                 stringcode 0223          UART_Write_String@i 0071             _UART_Write_Char 0240  
          ___lldiv@quotient 0029                    stringdir 0223                    stringtab 0223  
