

Microchip Technology PIC LITE Macro Assembler V1.35 build -356382666 
                                                                                               Mon Mar 28 11:25:08 2016

Microchip Technology Omniscient Code Generator v1.35 (Free mode) build 201507080246
     1                           	processor	16F877A
     2                           	opt	pw 120
     3                           	opt	lm
     4                           	psect	cinit,global,class=CODE,merge=1,delta=2
     5                           	psect	cstackCOMMON,global,class=COMMON,space=1,delta=1
     6                           	psect	cstackBANK0,global,class=BANK0,space=1,delta=1
     7                           	psect	maintext,global,class=CODE,split=1,delta=2
     8                           	psect	text1,local,class=CODE,merge=1,delta=2
     9                           	psect	text2,local,class=CODE,merge=1,delta=2
    10                           	psect	text3,local,class=CODE,merge=1,delta=2
    11                           	psect	text4,local,class=CODE,merge=1,delta=2
    12                           	psect	text5,local,class=CODE,merge=1,delta=2
    13                           	psect	text6,local,class=CODE,merge=1,delta=2
    14                           	psect	text7,local,class=CODE,merge=1,delta=2
    15                           	dabs	1,0x7E,2
    16  0000                     	;# 
    17  0001                     	;# 
    18  0002                     	;# 
    19  0003                     	;# 
    20  0004                     	;# 
    21  0005                     	;# 
    22  0006                     	;# 
    23  0007                     	;# 
    24  0008                     	;# 
    25  0009                     	;# 
    26  000A                     	;# 
    27  000B                     	;# 
    28  000C                     	;# 
    29  000D                     	;# 
    30  000E                     	;# 
    31  000E                     	;# 
    32  000F                     	;# 
    33  0010                     	;# 
    34  0011                     	;# 
    35  0012                     	;# 
    36  0013                     	;# 
    37  0014                     	;# 
    38  0015                     	;# 
    39  0015                     	;# 
    40  0016                     	;# 
    41  0017                     	;# 
    42  0018                     	;# 
    43  0019                     	;# 
    44  001A                     	;# 
    45  001B                     	;# 
    46  001B                     	;# 
    47  001C                     	;# 
    48  001D                     	;# 
    49  001E                     	;# 
    50  001F                     	;# 
    51  0081                     	;# 
    52  0085                     	;# 
    53  0086                     	;# 
    54  0087                     	;# 
    55  0088                     	;# 
    56  0089                     	;# 
    57  008C                     	;# 
    58  008D                     	;# 
    59  008E                     	;# 
    60  0091                     	;# 
    61  0092                     	;# 
    62  0093                     	;# 
    63  0094                     	;# 
    64  0098                     	;# 
    65  0099                     	;# 
    66  009C                     	;# 
    67  009D                     	;# 
    68  009E                     	;# 
    69  009F                     	;# 
    70  010C                     	;# 
    71  010D                     	;# 
    72  010E                     	;# 
    73  010F                     	;# 
    74  018C                     	;# 
    75  018D                     	;# 
    76  0006                     _PORTB	set	6
    77  0008                     _PORTD	set	8
    78  0013                     _SSPBUF	set	19
    79  0014                     _SSPCON	set	20
    80  0019                     _TXREG	set	25
    81  00C4                     _CREN	set	196
    82  00C7                     _SPEN	set	199
    83  0099                     _SPBRG	set	153
    84  0093                     _SSPADD	set	147
    85  0091                     _SSPCON2	set	145
    86  0094                     _SSPSTAT	set	148
    87  0086                     _TRISB	set	134
    88  0088                     _TRISD	set	136
    89  048D                     _ACKDT	set	1165
    90  048C                     _ACKEN	set	1164
    91  04C2                     _BRGH	set	1218
    92  048A                     _PEN	set	1162
    93  048B                     _RCEN	set	1163
    94  0489                     _RSEN	set	1161
    95  0488                     _SEN	set	1160
    96  04C4                     _SYNC	set	1220
    97  043B                     _TRISC3	set	1083
    98  043C                     _TRISC4	set	1084
    99  043E                     _TRISC6	set	1086
   100  043F                     _TRISC7	set	1087
   101  04C1                     _TRMT	set	1217
   102  04C5                     _TXEN	set	1221
   103  040F                     _nRBPU	set	1039
   104                           
   105                           ; #config settings
   106  0000                     
   107                           	psect	cinit
   108  07FC                     start_initialization:	
   109  07FC                     __initialization:	
   110  07FC                     end_of_initialization:	
   111                           ;End of C runtime variable initialization code
   112                           
   113  07FC                     __end_of__initialization:	
   114  07FC  0183               	clrf	3
   115  07FD  120A  118A  2F89   	ljmp	_main	;jump to C main() function
   116                           
   117                           	psect	cstackCOMMON
   118  0070                     __pcstackCOMMON:	
   119  0070                     ?_I2C_Master_Wait:	
   120  0070                     ??_I2C_Master_Wait:	
   121                           ; 0 bytes @ 0x0
   122                           
   123  0070                     ?_I2C_Master_Start:	
   124                           ; 0 bytes @ 0x0
   125                           
   126  0070                     ??_I2C_Master_Start:	
   127                           ; 0 bytes @ 0x0
   128                           
   129  0070                     ?_I2C_Master_Stop:	
   130                           ; 0 bytes @ 0x0
   131                           
   132  0070                     ??_I2C_Master_Stop:	
   133                           ; 0 bytes @ 0x0
   134                           
   135  0070                     ?_I2C_Master_Write:	
   136                           ; 0 bytes @ 0x0
   137                           
   138  0070                     ?_main:	
   139                           ; 0 bytes @ 0x0
   140                           
   141  0070                     ?_I2C_Master_Read:	
   142                           ; 0 bytes @ 0x0
   143                           
   144  0070                     ?___lldiv:	
   145                           ; 2 bytes @ 0x0
   146                           
   147  0070                     I2C_Master_Write@d:	
   148                           ; 4 bytes @ 0x0
   149                           
   150  0070                     I2C_Master_Read@a:	
   151                           ; 2 bytes @ 0x0
   152                           
   153  0070                     ___lldiv@divisor:	
   154                           ; 2 bytes @ 0x0
   155                           
   156                           
   157                           ; 4 bytes @ 0x0
   158  0070                     	ds	2
   159  0072                     ??_I2C_Master_Write:	
   160  0072                     ??_I2C_Master_Read:	
   161                           ; 0 bytes @ 0x2
   162                           
   163                           
   164                           ; 0 bytes @ 0x2
   165  0072                     	ds	2
   166  0074                     I2C_Master_Read@temp:	
   167  0074                     ___lldiv@dividend:	
   168                           ; 2 bytes @ 0x4
   169                           
   170                           
   171                           ; 4 bytes @ 0x4
   172  0074                     	ds	4
   173  0078                     ??___lldiv:	
   174                           
   175                           ; 0 bytes @ 0x8
   176  0078                     	ds	1
   177  0079                     ___lldiv@quotient:	
   178                           
   179                           ; 4 bytes @ 0x9
   180  0079                     	ds	4
   181  007D                     ___lldiv@counter:	
   182                           
   183                           ; 1 bytes @ 0xD
   184  007D                     	ds	1
   185                           
   186                           	psect	cstackBANK0
   187  0020                     __pcstackBANK0:	
   188  0020                     ?_I2C_Master_Init:	
   189  0020                     I2C_Master_Init@c:	
   190                           ; 0 bytes @ 0x0
   191                           
   192                           
   193                           ; 4 bytes @ 0x0
   194  0020                     	ds	4
   195  0024                     ??_I2C_Master_Init:	
   196                           
   197                           ; 0 bytes @ 0x4
   198  0024                     	ds	4
   199  0028                     ??_main:	
   200                           
   201                           ; 0 bytes @ 0x8
   202  0028                     	ds	3
   203                           
   204                           	psect	maintext
   205  0789                     __pmaintext:	
   206 ;;
   207 ;;Main: autosize = 0, tempsize = 3, incstack = 0, save=0
   208 ;;
   209 ;; *************** function _main *****************
   210 ;; Defined at:
   211 ;;		line 116 in file "newmain.c"
   212 ;; Parameters:    Size  Location     Type
   213 ;;		None
   214 ;; Auto vars:     Size  Location     Type
   215 ;;		None
   216 ;; Return value:  Size  Location     Type
   217 ;;		None               void
   218 ;; Registers used:
   219 ;;		wreg, status,2, status,0, pclath, cstack
   220 ;; Tracked objects:
   221 ;;		On entry : B00/0
   222 ;;		On exit  : 0/0
   223 ;;		Unchanged: 0/0
   224 ;; Data sizes:     COMMON   BANK0   BANK1   BANK3   BANK2
   225 ;;      Params:         0       0       0       0       0
   226 ;;      Locals:         0       0       0       0       0
   227 ;;      Temps:          0       3       0       0       0
   228 ;;      Totals:         0       3       0       0       0
   229 ;;Total ram usage:        3 bytes
   230 ;; Hardware stack levels required when called:    2
   231 ;; This function calls:
   232 ;;		_I2C_Master_Init
   233 ;;		_I2C_Master_Read
   234 ;;		_I2C_Master_Start
   235 ;;		_I2C_Master_Stop
   236 ;;		_I2C_Master_Write
   237 ;; This function is called by:
   238 ;;		Startup code after reset
   239 ;; This function uses a non-reentrant model
   240 ;;
   241                           
   242                           
   243                           ;psect for function _main
   244  0789                     _main:	
   245                           
   246                           ;newmain.c: 118: nRBPU = 0;
   247                           
   248                           ;incstack = 0
   249                           ; Regs used in _main: [wreg+status,2+status,0+pclath+cstack]
   250  0789  1683               	bsf	3,5	;RP0=1, select bank1
   251  078A  1303               	bcf	3,6	;RP1=0, select bank1
   252  078B  1381               	bcf	1,7	;volatile
   253                           
   254                           ;newmain.c: 119: TRISB = 0xFF;;
   255  078C  30FF               	movlw	255
   256  078D  0086               	movwf	6	;volatile
   257                           
   258                           ;newmain.c: 120: TRISD = 0x00;
   259  078E  0188               	clrf	8	;volatile
   260                           
   261                           ;newmain.c: 121: PORTD = 0x00;
   262  078F  1283               	bcf	3,5	;RP0=0, select bank0
   263  0790  1303               	bcf	3,6	;RP1=0, select bank0
   264  0791  0188               	clrf	8	;volatile
   265                           
   266                           ;newmain.c: 122: I2C_Master_Init(100000);
   267  0792  3000               	movlw	0
   268  0793  00A3               	movwf	I2C_Master_Init@c+3
   269  0794  3001               	movlw	1
   270  0795  00A2               	movwf	I2C_Master_Init@c+2
   271  0796  3086               	movlw	134
   272  0797  00A1               	movwf	I2C_Master_Init@c+1
   273  0798  30A0               	movlw	160
   274  0799  00A0               	movwf	I2C_Master_Init@c
   275  079A  120A  118A  26F5  120A  118A  	fcall	_I2C_Master_Init
   276  079F                     l768:	
   277                           ;newmain.c: 123: while(1)
   278                           
   279                           
   280                           ;newmain.c: 124: {
   281                           ;newmain.c: 125: I2C_Master_Start();
   282  079F  120A  118A  26AA  120A  118A  	fcall	_I2C_Master_Start
   283                           
   284                           ;newmain.c: 126: I2C_Master_Write(0x30);
   285  07A4  3030               	movlw	48
   286  07A5  00F0               	movwf	I2C_Master_Write@d
   287  07A6  3000               	movlw	0
   288  07A7  00F1               	movwf	I2C_Master_Write@d+1
   289  07A8  120A  118A  26B8  120A  118A  	fcall	_I2C_Master_Write
   290                           
   291                           ;newmain.c: 127: I2C_Master_Write(PORTB);
   292  07AD  1283               	bcf	3,5	;RP0=0, select bank0
   293  07AE  1303               	bcf	3,6	;RP1=0, select bank0
   294  07AF  0806               	movf	6,w	;volatile
   295  07B0  00A8               	movwf	??_main
   296  07B1  01A9               	clrf	??_main+1
   297  07B2  0828               	movf	??_main,w
   298  07B3  00F0               	movwf	I2C_Master_Write@d
   299  07B4  0829               	movf	??_main+1,w
   300  07B5  00F1               	movwf	I2C_Master_Write@d+1
   301  07B6  120A  118A  26B8  120A  118A  	fcall	_I2C_Master_Write
   302                           
   303                           ;newmain.c: 128: I2C_Master_Stop();
   304  07BB  120A  118A  26B1  120A  118A  	fcall	_I2C_Master_Stop
   305                           
   306                           ;newmain.c: 129: _delay((unsigned long)((200)*(8000000/4000.0)));
   307  07C0  3003               	movlw	3
   308  07C1  1283               	bcf	3,5	;RP0=0, select bank0
   309  07C2  1303               	bcf	3,6	;RP1=0, select bank0
   310  07C3  00AA               	movwf	??_main+2
   311  07C4  3008               	movlw	8
   312  07C5  00A9               	movwf	??_main+1
   313  07C6  3078               	movlw	120
   314  07C7  00A8               	movwf	??_main
   315  07C8                     u337:	
   316  07C8  0BA8               	decfsz	??_main,f
   317  07C9  2FC8               	goto	u337
   318  07CA  0BA9               	decfsz	??_main+1,f
   319  07CB  2FC8               	goto	u337
   320  07CC  0BAA               	decfsz	??_main+2,f
   321  07CD  2FC8               	goto	u337
   322                           
   323                           ;newmain.c: 130: I2C_Master_Start();
   324  07CE  120A  118A  26AA  120A  118A  	fcall	_I2C_Master_Start
   325                           
   326                           ;newmain.c: 131: I2C_Master_Write(0x31);
   327  07D3  3031               	movlw	49
   328  07D4  00F0               	movwf	I2C_Master_Write@d
   329  07D5  3000               	movlw	0
   330  07D6  00F1               	movwf	I2C_Master_Write@d+1
   331  07D7  120A  118A  26B8  120A  118A  	fcall	_I2C_Master_Write
   332                           
   333                           ;newmain.c: 132: PORTD = I2C_Master_Read(0);
   334  07DC  3000               	movlw	0
   335  07DD  00F0               	movwf	I2C_Master_Read@a
   336  07DE  00F1               	movwf	I2C_Master_Read@a+1
   337  07DF  120A  118A  26C9  120A  118A  	fcall	_I2C_Master_Read
   338  07E4  0870               	movf	?_I2C_Master_Read,w
   339  07E5  1283               	bcf	3,5	;RP0=0, select bank0
   340  07E6  1303               	bcf	3,6	;RP1=0, select bank0
   341  07E7  0088               	movwf	8	;volatile
   342                           
   343                           ;newmain.c: 133: I2C_Master_Stop();
   344  07E8  120A  118A  26B1  120A  118A  	fcall	_I2C_Master_Stop
   345                           
   346                           ;newmain.c: 134: _delay((unsigned long)((200)*(8000000/4000.0)));
   347  07ED  3003               	movlw	3
   348  07EE  1283               	bcf	3,5	;RP0=0, select bank0
   349  07EF  1303               	bcf	3,6	;RP1=0, select bank0
   350  07F0  00AA               	movwf	??_main+2
   351  07F1  3008               	movlw	8
   352  07F2  00A9               	movwf	??_main+1
   353  07F3  3078               	movlw	120
   354  07F4  00A8               	movwf	??_main
   355  07F5                     u347:	
   356  07F5  0BA8               	decfsz	??_main,f
   357  07F6  2FF5               	goto	u347
   358  07F7  0BA9               	decfsz	??_main+1,f
   359  07F8  2FF5               	goto	u347
   360  07F9  0BAA               	decfsz	??_main+2,f
   361  07FA  2FF5               	goto	u347
   362  07FB  2F9F               	goto	l768
   363  07FC                     __end_of_main:	
   364                           
   365                           	psect	text1
   366  06B8                     __ptext1:	
   367 ;; *************** function _I2C_Master_Write *****************
   368 ;; Defined at:
   369 ;;		line 97 in file "newmain.c"
   370 ;; Parameters:    Size  Location     Type
   371 ;;  d               2    0[COMMON] unsigned int 
   372 ;; Auto vars:     Size  Location     Type
   373 ;;		None
   374 ;; Return value:  Size  Location     Type
   375 ;;		None               void
   376 ;; Registers used:
   377 ;;		wreg, status,2, status,0, pclath, cstack
   378 ;; Tracked objects:
   379 ;;		On entry : 0/0
   380 ;;		On exit  : 0/0
   381 ;;		Unchanged: 0/0
   382 ;; Data sizes:     COMMON   BANK0   BANK1   BANK3   BANK2
   383 ;;      Params:         2       0       0       0       0
   384 ;;      Locals:         0       0       0       0       0
   385 ;;      Temps:          0       0       0       0       0
   386 ;;      Totals:         2       0       0       0       0
   387 ;;Total ram usage:        2 bytes
   388 ;; Hardware stack levels used:    1
   389 ;; Hardware stack levels required when called:    1
   390 ;; This function calls:
   391 ;;		_I2C_Master_Wait
   392 ;; This function is called by:
   393 ;;		_main
   394 ;; This function uses a non-reentrant model
   395 ;;
   396                           
   397                           
   398                           ;psect for function _I2C_Master_Write
   399  06B8                     _I2C_Master_Write:	
   400                           
   401                           ;newmain.c: 99: I2C_Master_Wait();
   402                           
   403                           ;incstack = 0
   404                           ; Regs used in _I2C_Master_Write: [wreg+status,2+status,0+pclath+cstack]
   405  06B8  120A  118A  26C0   	fcall	_I2C_Master_Wait
   406                           
   407                           ;newmain.c: 100: SSPBUF = d;
   408  06BB  0870               	movf	I2C_Master_Write@d,w
   409  06BC  1283               	bcf	3,5	;RP0=0, select bank0
   410  06BD  1303               	bcf	3,6	;RP1=0, select bank0
   411  06BE  0093               	movwf	19	;volatile
   412  06BF  0008               	return
   413  06C0                     __end_of_I2C_Master_Write:	
   414                           
   415                           	psect	text2
   416  06B1                     __ptext2:	
   417 ;; *************** function _I2C_Master_Stop *****************
   418 ;; Defined at:
   419 ;;		line 91 in file "newmain.c"
   420 ;; Parameters:    Size  Location     Type
   421 ;;		None
   422 ;; Auto vars:     Size  Location     Type
   423 ;;		None
   424 ;; Return value:  Size  Location     Type
   425 ;;		None               void
   426 ;; Registers used:
   427 ;;		wreg, status,2, status,0, pclath, cstack
   428 ;; Tracked objects:
   429 ;;		On entry : 0/0
   430 ;;		On exit  : 0/0
   431 ;;		Unchanged: 0/0
   432 ;; Data sizes:     COMMON   BANK0   BANK1   BANK3   BANK2
   433 ;;      Params:         0       0       0       0       0
   434 ;;      Locals:         0       0       0       0       0
   435 ;;      Temps:          0       0       0       0       0
   436 ;;      Totals:         0       0       0       0       0
   437 ;;Total ram usage:        0 bytes
   438 ;; Hardware stack levels used:    1
   439 ;; Hardware stack levels required when called:    1
   440 ;; This function calls:
   441 ;;		_I2C_Master_Wait
   442 ;; This function is called by:
   443 ;;		_main
   444 ;; This function uses a non-reentrant model
   445 ;;
   446                           
   447                           
   448                           ;psect for function _I2C_Master_Stop
   449  06B1                     _I2C_Master_Stop:	
   450                           
   451                           ;newmain.c: 93: I2C_Master_Wait();
   452                           
   453                           ;incstack = 0
   454                           ; Regs used in _I2C_Master_Stop: [wreg+status,2+status,0+pclath+cstack]
   455  06B1  120A  118A  26C0   	fcall	_I2C_Master_Wait
   456                           
   457                           ;newmain.c: 94: PEN = 1;
   458  06B4  1683               	bsf	3,5	;RP0=1, select bank1
   459  06B5  1303               	bcf	3,6	;RP1=0, select bank1
   460  06B6  1511               	bsf	17,2	;volatile
   461  06B7  0008               	return
   462  06B8                     __end_of_I2C_Master_Stop:	
   463                           
   464                           	psect	text3
   465  06AA                     __ptext3:	
   466 ;; *************** function _I2C_Master_Start *****************
   467 ;; Defined at:
   468 ;;		line 79 in file "newmain.c"
   469 ;; Parameters:    Size  Location     Type
   470 ;;		None
   471 ;; Auto vars:     Size  Location     Type
   472 ;;		None
   473 ;; Return value:  Size  Location     Type
   474 ;;		None               void
   475 ;; Registers used:
   476 ;;		wreg, status,2, status,0, pclath, cstack
   477 ;; Tracked objects:
   478 ;;		On entry : 0/0
   479 ;;		On exit  : 0/0
   480 ;;		Unchanged: 0/0
   481 ;; Data sizes:     COMMON   BANK0   BANK1   BANK3   BANK2
   482 ;;      Params:         0       0       0       0       0
   483 ;;      Locals:         0       0       0       0       0
   484 ;;      Temps:          0       0       0       0       0
   485 ;;      Totals:         0       0       0       0       0
   486 ;;Total ram usage:        0 bytes
   487 ;; Hardware stack levels used:    1
   488 ;; Hardware stack levels required when called:    1
   489 ;; This function calls:
   490 ;;		_I2C_Master_Wait
   491 ;; This function is called by:
   492 ;;		_main
   493 ;; This function uses a non-reentrant model
   494 ;;
   495                           
   496                           
   497                           ;psect for function _I2C_Master_Start
   498  06AA                     _I2C_Master_Start:	
   499                           
   500                           ;newmain.c: 81: I2C_Master_Wait();
   501                           
   502                           ;incstack = 0
   503                           ; Regs used in _I2C_Master_Start: [wreg+status,2+status,0+pclath+cstack]
   504  06AA  120A  118A  26C0   	fcall	_I2C_Master_Wait
   505                           
   506                           ;newmain.c: 82: SEN = 1;
   507  06AD  1683               	bsf	3,5	;RP0=1, select bank1
   508  06AE  1303               	bcf	3,6	;RP1=0, select bank1
   509  06AF  1411               	bsf	17,0	;volatile
   510  06B0  0008               	return
   511  06B1                     __end_of_I2C_Master_Start:	
   512                           
   513                           	psect	text4
   514  06C9                     __ptext4:	
   515 ;; *************** function _I2C_Master_Read *****************
   516 ;; Defined at:
   517 ;;		line 103 in file "newmain.c"
   518 ;; Parameters:    Size  Location     Type
   519 ;;  a               2    0[COMMON] unsigned short 
   520 ;; Auto vars:     Size  Location     Type
   521 ;;  temp            2    4[COMMON] unsigned short 
   522 ;; Return value:  Size  Location     Type
   523 ;;                  2    0[COMMON] unsigned short 
   524 ;; Registers used:
   525 ;;		wreg, status,2, status,0, pclath, cstack
   526 ;; Tracked objects:
   527 ;;		On entry : 0/0
   528 ;;		On exit  : 0/0
   529 ;;		Unchanged: 0/0
   530 ;; Data sizes:     COMMON   BANK0   BANK1   BANK3   BANK2
   531 ;;      Params:         2       0       0       0       0
   532 ;;      Locals:         2       0       0       0       0
   533 ;;      Temps:          2       0       0       0       0
   534 ;;      Totals:         6       0       0       0       0
   535 ;;Total ram usage:        6 bytes
   536 ;; Hardware stack levels used:    1
   537 ;; Hardware stack levels required when called:    1
   538 ;; This function calls:
   539 ;;		_I2C_Master_Wait
   540 ;; This function is called by:
   541 ;;		_main
   542 ;; This function uses a non-reentrant model
   543 ;;
   544                           
   545                           
   546                           ;psect for function _I2C_Master_Read
   547  06C9                     _I2C_Master_Read:	
   548                           
   549                           ;newmain.c: 105: unsigned short temp;
   550                           ;newmain.c: 106: I2C_Master_Wait();
   551                           
   552                           ;incstack = 0
   553                           ; Regs used in _I2C_Master_Read: [wreg+status,2+status,0+pclath+cstack]
   554  06C9  120A  118A  26C0  120A  118A  	fcall	_I2C_Master_Wait
   555                           
   556                           ;newmain.c: 107: RCEN = 1;
   557  06CE  1683               	bsf	3,5	;RP0=1, select bank1
   558  06CF  1303               	bcf	3,6	;RP1=0, select bank1
   559  06D0  1591               	bsf	17,3	;volatile
   560                           
   561                           ;newmain.c: 108: I2C_Master_Wait();
   562  06D1  120A  118A  26C0  120A  118A  	fcall	_I2C_Master_Wait
   563                           
   564                           ;newmain.c: 109: temp = SSPBUF;
   565  06D6  1283               	bcf	3,5	;RP0=0, select bank0
   566  06D7  1303               	bcf	3,6	;RP1=0, select bank0
   567  06D8  0813               	movf	19,w	;volatile
   568  06D9  00F2               	movwf	??_I2C_Master_Read
   569  06DA  01F3               	clrf	??_I2C_Master_Read+1
   570  06DB  0872               	movf	??_I2C_Master_Read,w
   571  06DC  00F4               	movwf	I2C_Master_Read@temp
   572  06DD  0873               	movf	??_I2C_Master_Read+1,w
   573  06DE  00F5               	movwf	I2C_Master_Read@temp+1
   574                           
   575                           ;newmain.c: 110: I2C_Master_Wait();
   576  06DF  120A  118A  26C0  120A  118A  	fcall	_I2C_Master_Wait
   577                           
   578                           ;newmain.c: 111: ACKDT = (a)?0:1;
   579  06E4  0870               	movf	I2C_Master_Read@a,w
   580  06E5  0471               	iorwf	I2C_Master_Read@a+1,w
   581  06E6  1D03               	btfss	3,2
   582  06E7  2EEC               	goto	u310
   583  06E8  1683               	bsf	3,5	;RP0=1, select bank1
   584  06E9  1303               	bcf	3,6	;RP1=0, select bank1
   585  06EA  1691               	bsf	17,5	;volatile
   586  06EB  2EEF               	goto	l752
   587  06EC                     u310:	
   588  06EC  1683               	bsf	3,5	;RP0=1, select bank1
   589  06ED  1303               	bcf	3,6	;RP1=0, select bank1
   590  06EE  1291               	bcf	17,5	;volatile
   591  06EF                     l752:	
   592                           
   593                           ;newmain.c: 112: ACKEN = 1;
   594  06EF  1611               	bsf	17,4	;volatile
   595                           
   596                           ;newmain.c: 113: return temp;
   597  06F0  0875               	movf	I2C_Master_Read@temp+1,w
   598  06F1  00F1               	movwf	?_I2C_Master_Read+1
   599  06F2  0874               	movf	I2C_Master_Read@temp,w
   600  06F3  00F0               	movwf	?_I2C_Master_Read
   601  06F4  0008               	return
   602  06F5                     __end_of_I2C_Master_Read:	
   603                           
   604                           	psect	text5
   605  06C0                     __ptext5:	
   606 ;; *************** function _I2C_Master_Wait *****************
   607 ;; Defined at:
   608 ;;		line 74 in file "newmain.c"
   609 ;; Parameters:    Size  Location     Type
   610 ;;		None
   611 ;; Auto vars:     Size  Location     Type
   612 ;;		None
   613 ;; Return value:  Size  Location     Type
   614 ;;		None               void
   615 ;; Registers used:
   616 ;;		wreg, status,2
   617 ;; Tracked objects:
   618 ;;		On entry : 0/0
   619 ;;		On exit  : 0/0
   620 ;;		Unchanged: 0/0
   621 ;; Data sizes:     COMMON   BANK0   BANK1   BANK3   BANK2
   622 ;;      Params:         0       0       0       0       0
   623 ;;      Locals:         0       0       0       0       0
   624 ;;      Temps:          0       0       0       0       0
   625 ;;      Totals:         0       0       0       0       0
   626 ;;Total ram usage:        0 bytes
   627 ;; Hardware stack levels used:    1
   628 ;; This function calls:
   629 ;;		Nothing
   630 ;; This function is called by:
   631 ;;		_I2C_Master_Start
   632 ;;		_I2C_Master_Stop
   633 ;;		_I2C_Master_Write
   634 ;;		_I2C_Master_Read
   635 ;;		_I2C_Master_RepeatedStart
   636 ;; This function uses a non-reentrant model
   637 ;;
   638                           
   639                           
   640                           ;psect for function _I2C_Master_Wait
   641  06C0                     _I2C_Master_Wait:	
   642  06C0                     l84:	
   643                           ;newmain.c: 76: while ((SSPSTAT & 0x04) || (SSPCON2 & 0x1F));
   644                           
   645                           ;incstack = 0
   646                           ; Regs used in _I2C_Master_Wait: [wreg+status,2]
   647                           
   648  06C0  1683               	bsf	3,5	;RP0=1, select bank1
   649  06C1  1303               	bcf	3,6	;RP1=0, select bank1
   650  06C2  1914               	btfsc	20,2	;volatile
   651  06C3  2EC0               	goto	l84
   652  06C4  0811               	movf	17,w	;volatile
   653  06C5  391F               	andlw	31
   654  06C6  1903               	btfsc	3,2
   655  06C7  0008               	return
   656  06C8  2EC0               	goto	l84
   657  06C9                     __end_of_I2C_Master_Wait:	
   658                           
   659                           	psect	text6
   660  06F5                     __ptext6:	
   661 ;; *************** function _I2C_Master_Init *****************
   662 ;; Defined at:
   663 ;;		line 64 in file "newmain.c"
   664 ;; Parameters:    Size  Location     Type
   665 ;;  c               4    0[BANK0 ] const unsigned long 
   666 ;; Auto vars:     Size  Location     Type
   667 ;;		None
   668 ;; Return value:  Size  Location     Type
   669 ;;		None               void
   670 ;; Registers used:
   671 ;;		wreg, status,2, status,0, pclath, cstack
   672 ;; Tracked objects:
   673 ;;		On entry : 0/0
   674 ;;		On exit  : 0/0
   675 ;;		Unchanged: 0/0
   676 ;; Data sizes:     COMMON   BANK0   BANK1   BANK3   BANK2
   677 ;;      Params:         0       4       0       0       0
   678 ;;      Locals:         0       0       0       0       0
   679 ;;      Temps:          0       4       0       0       0
   680 ;;      Totals:         0       8       0       0       0
   681 ;;Total ram usage:        8 bytes
   682 ;; Hardware stack levels used:    1
   683 ;; Hardware stack levels required when called:    1
   684 ;; This function calls:
   685 ;;		___lldiv
   686 ;; This function is called by:
   687 ;;		_main
   688 ;; This function uses a non-reentrant model
   689 ;;
   690                           
   691                           
   692                           ;psect for function _I2C_Master_Init
   693  06F5                     _I2C_Master_Init:	
   694                           
   695                           ;newmain.c: 66: SSPCON = 0b00101000;
   696                           
   697                           ;incstack = 0
   698                           ; Regs used in _I2C_Master_Init: [wreg+status,2+status,0+pclath+cstack]
   699  06F5  3028               	movlw	40
   700  06F6  1283               	bcf	3,5	;RP0=0, select bank0
   701  06F7  1303               	bcf	3,6	;RP1=0, select bank0
   702  06F8  0094               	movwf	20	;volatile
   703                           
   704                           ;newmain.c: 67: SSPCON2 = 0;
   705  06F9  1683               	bsf	3,5	;RP0=1, select bank1
   706  06FA  1303               	bcf	3,6	;RP1=0, select bank1
   707  06FB  0191               	clrf	17	;volatile
   708                           
   709                           ;newmain.c: 68: SSPADD = (8000000/(4*c))-1;
   710  06FC  1283               	bcf	3,5	;RP0=0, select bank0
   711  06FD  1303               	bcf	3,6	;RP1=0, select bank0
   712  06FE  0820               	movf	I2C_Master_Init@c,w
   713  06FF  00A4               	movwf	??_I2C_Master_Init
   714  0700  0821               	movf	I2C_Master_Init@c+1,w
   715  0701  00A5               	movwf	??_I2C_Master_Init+1
   716  0702  0822               	movf	I2C_Master_Init@c+2,w
   717  0703  00A6               	movwf	??_I2C_Master_Init+2
   718  0704  0823               	movf	I2C_Master_Init@c+3,w
   719  0705  00A7               	movwf	??_I2C_Master_Init+3
   720  0706  3002               	movlw	2
   721  0707                     u305:	
   722  0707  1003               	clrc
   723  0708  0DA4               	rlf	??_I2C_Master_Init,f
   724  0709  0DA5               	rlf	??_I2C_Master_Init+1,f
   725  070A  0DA6               	rlf	??_I2C_Master_Init+2,f
   726  070B  0DA7               	rlf	??_I2C_Master_Init+3,f
   727  070C  3EFF               	addlw	-1
   728  070D  1D03               	skipz
   729  070E  2F07               	goto	u305
   730  070F  0827               	movf	??_I2C_Master_Init+3,w
   731  0710  00F3               	movwf	___lldiv@divisor+3
   732  0711  0826               	movf	??_I2C_Master_Init+2,w
   733  0712  00F2               	movwf	___lldiv@divisor+2
   734  0713  0825               	movf	??_I2C_Master_Init+1,w
   735  0714  00F1               	movwf	___lldiv@divisor+1
   736  0715  0824               	movf	??_I2C_Master_Init,w
   737  0716  00F0               	movwf	___lldiv@divisor
   738  0717  3000               	movlw	0
   739  0718  00F7               	movwf	___lldiv@dividend+3
   740  0719  307A               	movlw	122
   741  071A  00F6               	movwf	___lldiv@dividend+2
   742  071B  3012               	movlw	18
   743  071C  00F5               	movwf	___lldiv@dividend+1
   744  071D  3000               	movlw	0
   745  071E  00F4               	movwf	___lldiv@dividend
   746  071F  120A  118A  272B   	fcall	___lldiv
   747  0722  0870               	movf	?___lldiv,w
   748  0723  3EFF               	addlw	255
   749  0724  1683               	bsf	3,5	;RP0=1, select bank1
   750  0725  1303               	bcf	3,6	;RP1=0, select bank1
   751  0726  0093               	movwf	19	;volatile
   752                           
   753                           ;newmain.c: 69: SSPSTAT = 0;
   754  0727  0194               	clrf	20	;volatile
   755                           
   756                           ;newmain.c: 70: TRISC3 = 1;
   757  0728  1587               	bsf	7,3	;volatile
   758                           
   759                           ;newmain.c: 71: TRISC4 = 1;
   760  0729  1607               	bsf	7,4	;volatile
   761  072A  0008               	return
   762  072B                     __end_of_I2C_Master_Init:	
   763                           
   764                           	psect	text7
   765  072B                     __ptext7:	
   766 ;; *************** function ___lldiv *****************
   767 ;; Defined at:
   768 ;;		line 6 in file "C:\Program Files (x86)\Microchip\xc8\v1.35\sources\common\lldiv.c"
   769 ;; Parameters:    Size  Location     Type
   770 ;;  divisor         4    0[COMMON] unsigned long 
   771 ;;  dividend        4    4[COMMON] unsigned long 
   772 ;; Auto vars:     Size  Location     Type
   773 ;;  quotient        4    9[COMMON] unsigned long 
   774 ;;  counter         1   13[COMMON] unsigned char 
   775 ;; Return value:  Size  Location     Type
   776 ;;                  4    0[COMMON] unsigned long 
   777 ;; Registers used:
   778 ;;		wreg, status,2, status,0
   779 ;; Tracked objects:
   780 ;;		On entry : 0/0
   781 ;;		On exit  : 0/0
   782 ;;		Unchanged: 0/0
   783 ;; Data sizes:     COMMON   BANK0   BANK1   BANK3   BANK2
   784 ;;      Params:         8       0       0       0       0
   785 ;;      Locals:         5       0       0       0       0
   786 ;;      Temps:          1       0       0       0       0
   787 ;;      Totals:        14       0       0       0       0
   788 ;;Total ram usage:       14 bytes
   789 ;; Hardware stack levels used:    1
   790 ;; This function calls:
   791 ;;		Nothing
   792 ;; This function is called by:
   793 ;;		_I2C_Master_Init
   794 ;; This function uses a non-reentrant model
   795 ;;
   796                           
   797                           
   798                           ;psect for function ___lldiv
   799  072B                     ___lldiv:	
   800                           
   801                           ;incstack = 0
   802                           ; Regs used in ___lldiv: [wreg+status,2+status,0]
   803  072B  3000               	movlw	0
   804  072C  00FC               	movwf	___lldiv@quotient+3
   805  072D  3000               	movlw	0
   806  072E  00FB               	movwf	___lldiv@quotient+2
   807  072F  3000               	movlw	0
   808  0730  00FA               	movwf	___lldiv@quotient+1
   809  0731  3000               	movlw	0
   810  0732  00F9               	movwf	___lldiv@quotient
   811  0733  0873               	movf	___lldiv@divisor+3,w
   812  0734  0472               	iorwf	___lldiv@divisor+2,w
   813  0735  0471               	iorwf	___lldiv@divisor+1,w
   814  0736  0470               	iorwf	___lldiv@divisor,w
   815  0737  1903               	skipnz
   816  0738  2F80               	goto	l722
   817  0739  01FD               	clrf	___lldiv@counter
   818  073A  0AFD               	incf	___lldiv@counter,f
   819  073B                     l708:	
   820  073B  1BF3               	btfsc	___lldiv@divisor+3,7
   821  073C  2F4B               	goto	l710
   822  073D  3001               	movlw	1
   823  073E  00F8               	movwf	??___lldiv
   824  073F                     u245:	
   825  073F  1003               	clrc
   826  0740  0DF0               	rlf	___lldiv@divisor,f
   827  0741  0DF1               	rlf	___lldiv@divisor+1,f
   828  0742  0DF2               	rlf	___lldiv@divisor+2,f
   829  0743  0DF3               	rlf	___lldiv@divisor+3,f
   830  0744  0BF8               	decfsz	??___lldiv,f
   831  0745  2F3F               	goto	u245
   832  0746  3001               	movlw	1
   833  0747  00F8               	movwf	??___lldiv
   834  0748  0878               	movf	??___lldiv,w
   835  0749  07FD               	addwf	___lldiv@counter,f
   836  074A  2F3B               	goto	l708
   837  074B                     l710:	
   838  074B  3001               	movlw	1
   839  074C  00F8               	movwf	??___lldiv
   840  074D                     u265:	
   841  074D  1003               	clrc
   842  074E  0DF9               	rlf	___lldiv@quotient,f
   843  074F  0DFA               	rlf	___lldiv@quotient+1,f
   844  0750  0DFB               	rlf	___lldiv@quotient+2,f
   845  0751  0DFC               	rlf	___lldiv@quotient+3,f
   846  0752  0BF8               	decfsz	??___lldiv,f
   847  0753  2F4D               	goto	u265
   848  0754  0873               	movf	___lldiv@divisor+3,w
   849  0755  0277               	subwf	___lldiv@dividend+3,w
   850  0756  1D03               	skipz
   851  0757  2F62               	goto	u275
   852  0758  0872               	movf	___lldiv@divisor+2,w
   853  0759  0276               	subwf	___lldiv@dividend+2,w
   854  075A  1D03               	skipz
   855  075B  2F62               	goto	u275
   856  075C  0871               	movf	___lldiv@divisor+1,w
   857  075D  0275               	subwf	___lldiv@dividend+1,w
   858  075E  1D03               	skipz
   859  075F  2F62               	goto	u275
   860  0760  0870               	movf	___lldiv@divisor,w
   861  0761  0274               	subwf	___lldiv@dividend,w
   862  0762                     u275:	
   863  0762  1C03               	skipc
   864  0763  2F73               	goto	l718
   865  0764  0870               	movf	___lldiv@divisor,w
   866  0765  02F4               	subwf	___lldiv@dividend,f
   867  0766  0871               	movf	___lldiv@divisor+1,w
   868  0767  1C03               	skipc
   869  0768  0F71               	incfsz	___lldiv@divisor+1,w
   870  0769  02F5               	subwf	___lldiv@dividend+1,f
   871  076A  0872               	movf	___lldiv@divisor+2,w
   872  076B  1C03               	skipc
   873  076C  0F72               	incfsz	___lldiv@divisor+2,w
   874  076D  02F6               	subwf	___lldiv@dividend+2,f
   875  076E  0873               	movf	___lldiv@divisor+3,w
   876  076F  1C03               	skipc
   877  0770  0F73               	incfsz	___lldiv@divisor+3,w
   878  0771  02F7               	subwf	___lldiv@dividend+3,f
   879  0772  1479               	bsf	___lldiv@quotient,0
   880  0773                     l718:	
   881  0773  3001               	movlw	1
   882  0774                     u285:	
   883  0774  1003               	clrc
   884  0775  0CF3               	rrf	___lldiv@divisor+3,f
   885  0776  0CF2               	rrf	___lldiv@divisor+2,f
   886  0777  0CF1               	rrf	___lldiv@divisor+1,f
   887  0778  0CF0               	rrf	___lldiv@divisor,f
   888  0779  3EFF               	addlw	-1
   889  077A  1D03               	skipz
   890  077B  2F74               	goto	u285
   891  077C  3001               	movlw	1
   892  077D  02FD               	subwf	___lldiv@counter,f
   893  077E  1D03               	btfss	3,2
   894  077F  2F4B               	goto	l710
   895  0780                     l722:	
   896  0780  087C               	movf	___lldiv@quotient+3,w
   897  0781  00F3               	movwf	?___lldiv+3
   898  0782  087B               	movf	___lldiv@quotient+2,w
   899  0783  00F2               	movwf	?___lldiv+2
   900  0784  087A               	movf	___lldiv@quotient+1,w
   901  0785  00F1               	movwf	?___lldiv+1
   902  0786  0879               	movf	___lldiv@quotient,w
   903  0787  00F0               	movwf	?___lldiv
   904  0788  0008               	return
   905  0789                     __end_of___lldiv:	
   906  007E                     btemp	set	126	;btemp
   907  007E                     wtemp	set	126
   908  007E                     wtemp0	set	126
   909  0080                     wtemp1	set	128
   910  0082                     wtemp2	set	130
   911  0084                     wtemp3	set	132
   912  0086                     wtemp4	set	134
   913  0088                     wtemp5	set	136
   914  007F                     wtemp6	set	127
   915  007E                     ttemp	set	126
   916  007E                     ttemp0	set	126
   917  0081                     ttemp1	set	129
   918  0084                     ttemp2	set	132
   919  0087                     ttemp3	set	135
   920  007F                     ttemp4	set	127
   921  007E                     ltemp	set	126
   922  007E                     ltemp0	set	126
   923  0082                     ltemp1	set	130
   924  0086                     ltemp2	set	134
   925  0080                     ltemp3	set	128


Data Sizes:
    Strings     0
    Constant    0
    Data        0
    BSS         0
    Persistent  0
    Stack       0

Auto Spaces:
    Space          Size  Autos    Used
    COMMON           14     14      14
    BANK0            80     11      11
    BANK1            80      0       0
    BANK3            96      0       0
    BANK2            96      0       0

Pointer List with Targets:

    None.

Critical Paths under _main in COMMON

    _I2C_Master_Init->___lldiv

Critical Paths under _main in BANK0

    _main->_I2C_Master_Init

Critical Paths under _main in BANK1

    None.

Critical Paths under _main in BANK3

    None.

Critical Paths under _main in BANK2

    None.

Call Graph Tables:

 ---------------------------------------------------------------------------------
 (Depth) Function   	        Calls       Base Space   Used Autos Params    Refs
 ---------------------------------------------------------------------------------
 (0) _main                                                 3     3      0     622
                                              8 BANK0      3     3      0
                    _I2C_Master_Init
                    _I2C_Master_Read
                   _I2C_Master_Start
                    _I2C_Master_Stop
                   _I2C_Master_Write
 ---------------------------------------------------------------------------------
 (1) _I2C_Master_Write                                     2     0      2     181
                                              0 COMMON     2     0      2
                    _I2C_Master_Wait
 ---------------------------------------------------------------------------------
 (1) _I2C_Master_Stop                                      0     0      0       0
                    _I2C_Master_Wait
 ---------------------------------------------------------------------------------
 (1) _I2C_Master_Start                                     0     0      0       0
                    _I2C_Master_Wait
 ---------------------------------------------------------------------------------
 (1) _I2C_Master_Read                                      6     4      2      98
                                              0 COMMON     6     4      2
                    _I2C_Master_Wait
 ---------------------------------------------------------------------------------
 (2) _I2C_Master_Wait                                      0     0      0       0
 ---------------------------------------------------------------------------------
 (1) _I2C_Master_Init                                      8     4      4     343
                                              0 BANK0      8     4      4
                            ___lldiv
 ---------------------------------------------------------------------------------
 (2) ___lldiv                                             14     6      8     268
                                              0 COMMON    14     6      8
 ---------------------------------------------------------------------------------
 Estimated maximum stack depth 2
 ---------------------------------------------------------------------------------

 Call Graph Graphs:

 _main (ROOT)
   _I2C_Master_Init
     ___lldiv
   _I2C_Master_Read
     _I2C_Master_Wait
   _I2C_Master_Start
     _I2C_Master_Wait
   _I2C_Master_Stop
     _I2C_Master_Wait
   _I2C_Master_Write
     _I2C_Master_Wait

 Address spaces:
Name               Size   Autos  Total    Cost      Usage
BITCOMMON            E      0       0       0        0.0%
EEDATA             100      0       0       0        0.0%
NULL                 0      0       0       0        0.0%
CODE                 0      0       0       0        0.0%
COMMON               E      E       E       1      100.0%
BITSFR0              0      0       0       1        0.0%
SFR0                 0      0       0       1        0.0%
BITSFR1              0      0       0       2        0.0%
SFR1                 0      0       0       2        0.0%
STACK                0      0       0       2        0.0%
ABS                  0      0       0       3        0.0%
BITBANK0            50      0       0       4        0.0%
BITSFR3              0      0       0       4        0.0%
SFR3                 0      0       0       4        0.0%
BANK0               50      B       B       5       13.8%
BITSFR2              0      0       0       5        0.0%
SFR2                 0      0       0       5        0.0%
BITBANK1            50      0       0       6        0.0%
BANK1               50      0       0       7        0.0%
BITBANK3            60      0       0       8        0.0%
BANK3               60      0       0       9        0.0%
BITBANK2            60      0       0      10        0.0%
BANK2               60      0       0      11        0.0%
DATA                 0      0       0      12        0.0%


Microchip Technology PIC Macro Assembler V1.35 build -356382666 
Symbol Table                                                                                   Mon Mar 28 11:25:08 2016

              __CFG_CP$OFF 0000                         l84 06C0                        l710 074B  
                      l722 0780                        l708 073B                        l718 0773  
                      l752 06EF                        l768 079F                        u310 06EC  
                      u305 0707                        u245 073F                        _PEN 048A  
                      u265 074D                        u337 07C8               __CFG_CPD$OFF 0000  
                      u275 0762                        u347 07F5                        u285 0774  
                      _SEN 0488               __CFG_FOSC$XT 0000               __CFG_LVP$OFF 0000  
                     _BRGH 04C2                       _CREN 00C4                       _RCEN 048B  
                     _SPEN 00C7                       _RSEN 0489                       _TRMT 04C1  
                     _TXEN 04C5                       _SYNC 04C4               __CFG_WRT$OFF 0000  
                     _main 0789                       btemp 007E                       ltemp 007E  
                     start 0000                       ttemp 007E                       wtemp 007E  
         ?_I2C_Master_Init 0020           ?_I2C_Master_Read 0070           ?_I2C_Master_Wait 0070  
         ?_I2C_Master_Stop 0070                      ?_main 0070                      _ACKEN 048C  
                    _ACKDT 048D              __CFG_WDTE$OFF 0000            __end_of___lldiv 0789  
                    _SPBRG 0099                      _PORTB 0006                      _PORTD 0008  
                    _TRISB 0086                      _TRISD 0088                      _TXREG 0019  
                    _nRBPU 040F             __CFG_BOREN$OFF 0000                      ltemp0 007E  
                    ltemp1 0082                      ltemp2 0086                      ltemp3 0080  
                    ttemp0 007E                      ttemp1 0081                      ttemp2 0084  
                    ttemp3 0087                      ttemp4 007F                      status 0003  
                    wtemp0 007E                      wtemp1 0080                      wtemp2 0082  
                    wtemp3 0084                      wtemp4 0086                      wtemp5 0088  
                    wtemp6 007F            __initialization 07FC               __end_of_main 07FC  
                   ??_main 0028          ?_I2C_Master_Start 0070          ?_I2C_Master_Write 0070  
       ??_I2C_Master_Start 0070         ??_I2C_Master_Write 0072                     _SSPADD 0093  
                   _TRISC3 043B                     _TRISC4 043C                     _TRISC6 043E  
                   _TRISC7 043F                     _SSPCON 0014                     _SSPBUF 0013  
           __CFG_PWRTE$OFF 0000                  ??___lldiv 0078    __end_of__initialization 07FC  
           __pcstackCOMMON 0070                 __pmaintext 0789                    _SSPCON2 0091  
                  _SSPSTAT 0094                    ___lldiv 072B                    __ptext1 06B8  
                  __ptext2 06B1                    __ptext3 06AA                    __ptext4 06C9  
                  __ptext5 06C0                    __ptext6 06F5                    __ptext7 072B  
 __size_of_I2C_Master_Init 0036   __size_of_I2C_Master_Read 002C   __size_of_I2C_Master_Wait 0009  
 __size_of_I2C_Master_Stop 0007       end_of_initialization 07FC  __size_of_I2C_Master_Start 0007  
__size_of_I2C_Master_Write 0008            ___lldiv@divisor 0070            ___lldiv@counter 007D  
         I2C_Master_Init@c 0020           I2C_Master_Read@a 0070        start_initialization 07FC  
        ??_I2C_Master_Init 0024          ??_I2C_Master_Read 0072          ??_I2C_Master_Wait 0070  
        ??_I2C_Master_Stop 0070                  ___latbits 0002              __pcstackBANK0 0020  
         _I2C_Master_Start 06AA           _I2C_Master_Write 06B8                   ?___lldiv 0070  
      I2C_Master_Read@temp 0074           __size_of___lldiv 005E            _I2C_Master_Init 06F5  
          _I2C_Master_Read 06C9            _I2C_Master_Wait 06C0            _I2C_Master_Stop 06B1  
            __size_of_main 0073   __end_of_I2C_Master_Start 06B1   __end_of_I2C_Master_Write 06C0  
         ___lldiv@dividend 0074    __end_of_I2C_Master_Init 072B    __end_of_I2C_Master_Read 06F5  
  __end_of_I2C_Master_Wait 06C9    __end_of_I2C_Master_Stop 06B8           ___lldiv@quotient 0079  
        I2C_Master_Write@d 0070  
